<?xml version="1.0" encoding="UTF-8"?>
<testsuite name="org.jetbrains.kotlin.formver.plugin.runners.PhasedDiagnosticTestGenerated$Verification$Contracts$Negative" tests="10" skipped="0" failures="0" errors="0" timestamp="2026-07-30T15:10:59.327Z" hostname="jesyspa.dev" time="110.249">
  <properties/>
  <testcase name="testContracts_with_receivers()" classname="org.jetbrains.kotlin.formver.plugin.runners.PhasedDiagnosticTestGenerated$Verification$Contracts$Negative" time="11.448"/>
  <testcase name="testViper_verify()" classname="org.jetbrains.kotlin.formver.plugin.runners.PhasedDiagnosticTestGenerated$Verification$Contracts$Negative" time="14.635"/>
  <testcase name="testCond_effects()" classname="org.jetbrains.kotlin.formver.plugin.runners.PhasedDiagnosticTestGenerated$Verification$Contracts$Negative" time="23.783"/>
  <testcase name="testList()" classname="org.jetbrains.kotlin.formver.plugin.runners.PhasedDiagnosticTestGenerated$Verification$Contracts$Negative" time="22.257"/>
  <testcase name="testAllFilesPresentInNegative()" classname="org.jetbrains.kotlin.formver.plugin.runners.PhasedDiagnosticTestGenerated$Verification$Contracts$Negative" time="0.005"/>
  <testcase name="testReturns_null()" classname="org.jetbrains.kotlin.formver.plugin.runners.PhasedDiagnosticTestGenerated$Verification$Contracts$Negative" time="6.68"/>
  <testcase name="testReturns_booleans()" classname="org.jetbrains.kotlin.formver.plugin.runners.PhasedDiagnosticTestGenerated$Verification$Contracts$Negative" time="10.977"/>
  <testcase name="testIs_type_contract()" classname="org.jetbrains.kotlin.formver.plugin.runners.PhasedDiagnosticTestGenerated$Verification$Contracts$Negative" time="8.861"/>
  <testcase name="testReturns_not_null()" classname="org.jetbrains.kotlin.formver.plugin.runners.PhasedDiagnosticTestGenerated$Verification$Contracts$Negative" time="5.361"/>
  <testcase name="testAs_type_contract()" classname="org.jetbrains.kotlin.formver.plugin.runners.PhasedDiagnosticTestGenerated$Verification$Contracts$Negative" time="6.161"/>
  <system-out><![CDATA[An exception was thrown while verifying predicate `descending`.
Verification aborted exceptionally: java.util.concurrent.ExecutionException: java.lang.RuntimeException: Unexpected expression acc(descending(rest(this)), write) cannot be symbolically evaluated
java.util.concurrent.ExecutionException: java.lang.RuntimeException: Unexpected expression acc(descending(rest(this)), write) cannot be symbolically evaluated
	at java.base/java.util.concurrent.FutureTask.report(FutureTask.java:122)
	at java.base/java.util.concurrent.FutureTask.get(FutureTask.java:191)
	at viper.silicon.Silicon.verify(Silicon.scala:205)
	at viper.silicon.Silicon.verify(Silicon.scala:163)
	at viper.silver.frontend.DefaultFrontend.verification(Frontend.scala:270)
	at viper.silver.frontend.DefaultFrontend.verification$(Frontend.scala:268)
	at viper.silicon.SiliconFrontend.viper$silver$frontend$SilFrontend$$super$verification(Silicon.scala:319)
	at viper.silver.frontend.SilFrontend.verification(SilFrontend.scala:300)
	at viper.silver.frontend.SilFrontend.verification$(SilFrontend.scala:265)
	at viper.silicon.SiliconFrontend.verification(Silicon.scala:319)
	at viper.silver.frontend.DefaultPhases.$anonfun$Verification$1(Frontend.scala:117)
	at viper.silver.frontend.Frontend.$anonfun$runAllPhases$1(Frontend.scala:62)
	at viper.silver.frontend.Frontend.$anonfun$runAllPhases$1$adapted(Frontend.scala:60)
	at scala.collection.immutable.List.foreach(List.scala:323)
	at viper.silver.frontend.Frontend.runAllPhases(Frontend.scala:60)
	at viper.silver.frontend.Frontend.runAllPhases$(Frontend.scala:59)
	at viper.silicon.SiliconFrontend.runAllPhases(Silicon.scala:319)
	at viper.silver.frontend.ViperFrontendAPI.verify(ViperFrontendAPI.scala:46)
	at viper.silver.frontend.ViperFrontendAPI.verify$(ViperFrontendAPI.scala:41)
	at viper.silicon.SiliconFrontendAPI.verify(Silicon.scala:366)
	at org.jetbrains.kotlin.formver.viper.SiliconFrontend.verify(SiliconFrontend.kt:44)
	at org.jetbrains.kotlin.formver.plugin.services.ViperProgramVerificationFacade.verifyFunction(VerificationFacade.kt:105)
	at org.jetbrains.kotlin.formver.plugin.services.ViperProgramVerificationFacade.transform(VerificationFacade.kt:75)
	at org.jetbrains.kotlin.formver.plugin.services.ViperProgramVerificationFacade.transform(VerificationFacade.kt:32)
	at org.jetbrains.kotlin.test.TestStep$FacadeStep.processModule(TestStep.kt:47)
	at org.jetbrains.kotlin.test.TestRunner.processModule(TestRunner.kt:206)
	at org.jetbrains.kotlin.test.TestRunner.hackyProcessModule(TestRunner.kt:197)
	at org.jetbrains.kotlin.test.TestRunner.processModule(TestRunner.kt:141)
	at org.jetbrains.kotlin.test.TestRunner.runTestPipeline(TestRunner.kt:92)
	at org.jetbrains.kotlin.test.TestRunner.runTestImpl(TestRunner.kt:70)
	at org.jetbrains.kotlin.test.TestRunner.runTest(TestRunner.kt:30)
	at org.jetbrains.kotlin.test.TestRunner.runTest$default(TestRunner.kt:28)
	at org.jetbrains.kotlin.test.runners.AbstractKotlinCompilerTest.runTest(AbstractKotlinCompilerTest.kt:115)
	at org.jetbrains.kotlin.formver.plugin.runners.PhasedDiagnosticTestGenerated$Verification$Classes.testCustom_predicates(PhasedDiagnosticTestGenerated.java:345)
	at java.base/jdk.internal.reflect.DirectMethodHandleAccessor.invoke(DirectMethodHandleAccessor.java:103)
	at java.base/java.lang.reflect.Method.invoke(Method.java:580)
	at org.junit.platform.commons.util.ReflectionUtils.invokeMethod(ReflectionUtils.java:728)
	at org.junit.jupiter.engine.execution.MethodInvocation.proceed(MethodInvocation.java:60)
	at org.junit.jupiter.engine.execution.InvocationInterceptorChain$ValidatingInvocation.proceed(InvocationInterceptorChain.java:131)
	at org.junit.jupiter.engine.extension.TimeoutExtension.intercept(TimeoutExtension.java:156)
	at org.junit.jupiter.engine.extension.TimeoutExtension.interceptTestableMethod(TimeoutExtension.java:147)
	at org.junit.jupiter.engine.extension.TimeoutExtension.interceptTestMethod(TimeoutExtension.java:86)
	at org.junit.jupiter.engine.execution.InterceptingExecutableInvoker$ReflectiveInterceptorCall.lambda$ofVoidMethod$0(InterceptingExecutableInvoker.java:103)
	at org.junit.jupiter.engine.execution.InterceptingExecutableInvoker.lambda$invoke$0(InterceptingExecutableInvoker.java:93)
	at org.junit.jupiter.engine.execution.InvocationInterceptorChain$InterceptedInvocation.proceed(InvocationInterceptorChain.java:106)
	at org.junit.jupiter.engine.execution.InvocationInterceptorChain.proceed(InvocationInterceptorChain.java:64)
	at org.junit.jupiter.engine.execution.InvocationInterceptorChain.chainAndInvoke(InvocationInterceptorChain.java:45)
	at org.junit.jupiter.engine.execution.InvocationInterceptorChain.invoke(InvocationInterceptorChain.java:37)
	at org.junit.jupiter.engine.execution.InterceptingExecutableInvoker.invoke(InterceptingExecutableInvoker.java:92)
	at org.junit.jupiter.engine.execution.InterceptingExecutableInvoker.invoke(InterceptingExecutableInvoker.java:86)
	at org.junit.jupiter.engine.descriptor.TestMethodTestDescriptor.lambda$invokeTestMethod$7(TestMethodTestDescriptor.java:218)
	at org.junit.platform.engine.support.hierarchical.ThrowableCollector.execute(ThrowableCollector.java:73)
	at org.junit.jupiter.engine.descriptor.TestMethodTestDescriptor.invokeTestMethod(TestMethodTestDescriptor.java:214)
	at org.junit.jupiter.engine.descriptor.TestMethodTestDescriptor.execute(TestMethodTestDescriptor.java:139)
	at org.junit.jupiter.engine.descriptor.TestMethodTestDescriptor.execute(TestMethodTestDescriptor.java:69)
	at org.junit.platform.engine.support.hierarchical.NodeTestTask.lambda$executeRecursively$6(NodeTestTask.java:151)
	at org.junit.platform.engine.support.hierarchical.ThrowableCollector.execute(ThrowableCollector.java:73)
	at org.junit.platform.engine.support.hierarchical.NodeTestTask.lambda$executeRecursively$8(NodeTestTask.java:141)
	at org.junit.platform.engine.support.hierarchical.Node.around(Node.java:137)
	at org.junit.platform.engine.support.hierarchical.NodeTestTask.lambda$executeRecursively$9(NodeTestTask.java:139)
	at org.junit.platform.engine.support.hierarchical.ThrowableCollector.execute(ThrowableCollector.java:73)
	at org.junit.platform.engine.support.hierarchical.NodeTestTask.executeRecursively(NodeTestTask.java:138)
	at org.junit.platform.engine.support.hierarchical.NodeTestTask.execute(NodeTestTask.java:95)
	at org.junit.platform.engine.support.hierarchical.ForkJoinPoolHierarchicalTestExecutorService$ExclusiveTask.compute(ForkJoinPoolHierarchicalTestExecutorService.java:202)
	at java.base/java.util.concurrent.RecursiveAction.exec(RecursiveAction.java:194)
	at java.base/java.util.concurrent.ForkJoinTask.doExec(ForkJoinTask.java:387)
	at java.base/java.util.concurrent.ForkJoinPool$WorkQueue.topLevelExec(ForkJoinPool.java:1312)
	at java.base/java.util.concurrent.ForkJoinPool.scan(ForkJoinPool.java:1843)
	at java.base/java.util.concurrent.ForkJoinPool.runWorker(ForkJoinPool.java:1808)
	at java.base/java.util.concurrent.ForkJoinWorkerThread.run(ForkJoinWorkerThread.java:188)
Caused by: java.lang.RuntimeException: Unexpected expression acc(descending(rest(this)), write) cannot be symbolically evaluated
	at scala.sys.package$.error(package.scala:27)
	at viper.silicon.rules.evaluator$.eval2(Evaluator.scala:1026)
	at viper.silicon.rules.evaluator$.eval3(Evaluator.scala:127)
	at viper.silicon.rules.evaluator$.eval(Evaluator.scala:88)
	at viper.silicon.rules.evaluator$.evalSeqShortCircuit(Evaluator.scala:1496)
	at viper.silicon.rules.evaluator$.$anonfun$evalSeqShortCircuit$7(Evaluator.scala:1505)
	at viper.silicon.rules.brancher$.$anonfun$branch$6(Brancher.scala:159)
	at viper.silicon.rules.executionFlowController$.$anonfun$locally$1(ExecutionFlowController.scala:100)
	at viper.silicon.rules.executionFlowController$.locallyWithResult(ExecutionFlowController.scala:63)
	at viper.silicon.rules.executionFlowController$.locally(ExecutionFlowController.scala:100)
	at viper.silicon.rules.brancher$.$anonfun$branch$4(Brancher.scala:144)
	at viper.silicon.rules.brancher$.$anonfun$branch$9(Brancher.scala:185)
	at viper.silicon.common.concurrency.package$$anon$1.call(package.scala:36)
	at viper.silicon.common.concurrency.package$SynchronousFuture.get(package.scala:24)
	at viper.silicon.rules.brancher$.$anonfun$branch$11(Brancher.scala:232)
	at viper.silicon.interfaces.VerificationResult.combine(Verification.scala:45)
	at viper.silicon.rules.brancher$.branch(Brancher.scala:248)
	at viper.silicon.rules.evaluator$.$anonfun$evalSeqShortCircuit$5(Evaluator.scala:1505)
	at viper.silicon.rules.joiner$.$anonfun$join$1(Joiner.scala:61)
	at viper.silicon.rules.executionFlowController$.$anonfun$locally$1(ExecutionFlowController.scala:100)
	at viper.silicon.rules.executionFlowController$.locallyWithResult(ExecutionFlowController.scala:63)
	at viper.silicon.rules.executionFlowController$.locally(ExecutionFlowController.scala:100)
	at viper.silicon.rules.joiner$.join(Joiner.scala:57)
	at viper.silicon.rules.evaluator$.$anonfun$evalSeqShortCircuit$3(Evaluator.scala:1518)
	at viper.silicon.rules.evaluator$.$anonfun$eval$1(Evaluator.scala:90)
	at viper.silicon.rules.evaluator$.$anonfun$eval3$3(Evaluator.scala:142)
	at viper.silicon.rules.evaluator$.$anonfun$eval2$66(Evaluator.scala:360)
	at viper.silicon.rules.evaluator$.$anonfun$evalBinOp$3(Evaluator.scala:1202)
	at viper.silicon.rules.evaluator$.$anonfun$eval$1(Evaluator.scala:90)
	at viper.silicon.rules.evaluator$.$anonfun$eval3$3(Evaluator.scala:142)
	at viper.silicon.rules.evaluator$.$anonfun$eval2$98(Evaluator.scala:418)
	at viper.silicon.rules.evaluator$.$anonfun$evals2$2(Evaluator.scala:78)
	at viper.silicon.rules.evaluator$.evals2(Evaluator.scala:75)
	at viper.silicon.rules.evaluator$.$anonfun$evals2$1(Evaluator.scala:78)
	at viper.silicon.rules.evaluator$.$anonfun$eval$1(Evaluator.scala:90)
	at viper.silicon.rules.evaluator$.$anonfun$eval3$3(Evaluator.scala:142)
	at viper.silicon.rules.evaluator$.$anonfun$eval2$153(Evaluator.scala:683)
	at viper.silicon.rules.joiner$.$anonfun$join$3(Joiner.scala:113)
	at viper.silicon.interfaces.VerificationResult.combine(Verification.scala:45)
	at viper.silicon.rules.joiner$.join(Joiner.scala:86)
	at viper.silicon.rules.evaluator$.$anonfun$eval2$137(Evaluator.scala:683)
	at viper.silicon.rules.evaluator$.$anonfun$evals2$2(Evaluator.scala:78)
	at viper.silicon.rules.evaluator$.evals2(Evaluator.scala:75)
	at viper.silicon.rules.evaluator$.$anonfun$evals2$1(Evaluator.scala:78)
	at viper.silicon.rules.evaluator$.$anonfun$eval$1(Evaluator.scala:90)
	at viper.silicon.rules.evaluator$.$anonfun$eval3$3(Evaluator.scala:142)
	at viper.silicon.rules.evaluator$.$anonfun$eval2$153(Evaluator.scala:683)
	at viper.silicon.rules.joiner$.$anonfun$join$3(Joiner.scala:113)
	at viper.silicon.interfaces.VerificationResult.combine(Verification.scala:45)
	at viper.silicon.rules.joiner$.join(Joiner.scala:86)
	at viper.silicon.rules.evaluator$.$anonfun$eval2$137(Evaluator.scala:683)
	at viper.silicon.rules.evaluator$.$anonfun$evals2$2(Evaluator.scala:78)
	at viper.silicon.rules.evaluator$.evals2(Evaluator.scala:75)
	at viper.silicon.rules.evaluator$.$anonfun$evals2$1(Evaluator.scala:78)
	at viper.silicon.rules.evaluator$.$anonfun$eval$1(Evaluator.scala:90)
	at viper.silicon.rules.evaluator$.$anonfun$eval3$3(Evaluator.scala:142)
	at viper.silicon.rules.evaluator$.eval2(Evaluator.scala:166)
	at viper.silicon.rules.evaluator$.eval3(Evaluator.scala:127)
	at viper.silicon.rules.evaluator$.eval(Evaluator.scala:88)
	at viper.silicon.rules.evaluator$.evals2(Evaluator.scala:77)
	at viper.silicon.rules.evaluator$.eval2(Evaluator.scala:573)
	at viper.silicon.rules.evaluator$.eval3(Evaluator.scala:127)
	at viper.silicon.rules.evaluator$.eval(Evaluator.scala:88)
	at viper.silicon.rules.evaluator$.evals2(Evaluator.scala:77)
	at viper.silicon.rules.evaluator$.eval2(Evaluator.scala:573)
	at viper.silicon.rules.evaluator$.eval3(Evaluator.scala:127)
	at viper.silicon.rules.evaluator$.eval(Evaluator.scala:88)
	at viper.silicon.rules.evaluator$.evals2(Evaluator.scala:77)
	at viper.silicon.rules.evaluator$.evals(Evaluator.scala:68)
	at viper.silicon.rules.evaluator$.eval2(Evaluator.scala:413)
	at viper.silicon.rules.evaluator$.eval3(Evaluator.scala:127)
	at viper.silicon.rules.evaluator$.eval(Evaluator.scala:88)
	at viper.silicon.rules.evaluator$.$anonfun$evalBinOp$2(Evaluator.scala:1201)
	at viper.silicon.rules.evaluator$.$anonfun$eval$1(Evaluator.scala:90)
	at viper.silicon.rules.evaluator$.$anonfun$eval3$3(Evaluator.scala:142)
	at viper.silicon.rules.evaluator$.$anonfun$eval2$98(Evaluator.scala:418)
	at viper.silicon.rules.evaluator$.$anonfun$evals2$2(Evaluator.scala:78)
	at viper.silicon.rules.evaluator$.evals2(Evaluator.scala:75)
	at viper.silicon.rules.evaluator$.$anonfun$evals2$1(Evaluator.scala:78)
	at viper.silicon.rules.evaluator$.$anonfun$eval$1(Evaluator.scala:90)
	at viper.silicon.rules.evaluator$.$anonfun$eval3$3(Evaluator.scala:142)
	at viper.silicon.rules.evaluator$.$anonfun$eval2$153(Evaluator.scala:683)
	at viper.silicon.rules.joiner$.$anonfun$join$3(Joiner.scala:113)
	at viper.silicon.interfaces.VerificationResult.combine(Verification.scala:45)
	at viper.silicon.rules.joiner$.join(Joiner.scala:86)
	at viper.silicon.rules.evaluator$.$anonfun$eval2$137(Evaluator.scala:683)
	at viper.silicon.rules.evaluator$.$anonfun$evals2$2(Evaluator.scala:78)
	at viper.silicon.rules.evaluator$.evals2(Evaluator.scala:75)
	at viper.silicon.rules.evaluator$.$anonfun$evals2$1(Evaluator.scala:78)
	at viper.silicon.rules.evaluator$.$anonfun$eval$1(Evaluator.scala:90)
	at viper.silicon.rules.evaluator$.$anonfun$eval3$3(Evaluator.scala:142)
	at viper.silicon.rules.evaluator$.eval2(Evaluator.scala:166)
	at viper.silicon.rules.evaluator$.eval3(Evaluator.scala:127)
	at viper.silicon.rules.evaluator$.eval(Evaluator.scala:88)
	at viper.silicon.rules.evaluator$.evals2(Evaluator.scala:77)
	at viper.silicon.rules.evaluator$.eval2(Evaluator.scala:573)
	at viper.silicon.rules.evaluator$.eval3(Evaluator.scala:127)
	at viper.silicon.rules.evaluator$.eval(Evaluator.scala:88)
	at viper.silicon.rules.evaluator$.evals2(Evaluator.scala:77)
	at viper.silicon.rules.evaluator$.evals(Evaluator.scala:68)
	at viper.silicon.rules.evaluator$.eval2(Evaluator.scala:413)
	at viper.silicon.rules.evaluator$.eval3(Evaluator.scala:127)
	at viper.silicon.rules.evaluator$.eval(Evaluator.scala:88)
	at viper.silicon.rules.evaluator$.evalBinOp(Evaluator.scala:1200)
	at viper.silicon.rules.evaluator$.evalBinOp(Evaluator.scala:1187)
	at viper.silicon.rules.evaluator$.eval2(Evaluator.scala:360)
	at viper.silicon.rules.evaluator$.eval3(Evaluator.scala:127)
	at viper.silicon.rules.evaluator$.eval(Evaluator.scala:88)
	at viper.silicon.rules.evaluator$.evalSeqShortCircuit(Evaluator.scala:1496)
	at viper.silicon.rules.evaluator$.eval2(Evaluator.scala:280)
	at viper.silicon.rules.evaluator$.eval3(Evaluator.scala:127)
	at viper.silicon.rules.evaluator$.eval(Evaluator.scala:88)
	at viper.silicon.rules.evaluator$.evalSeqShortCircuit(Evaluator.scala:1496)
	at viper.silicon.rules.evaluator$.$anonfun$evalSeqShortCircuit$7(Evaluator.scala:1505)
	at viper.silicon.rules.brancher$.$anonfun$branch$6(Brancher.scala:159)
	at viper.silicon.rules.executionFlowController$.$anonfun$locally$1(ExecutionFlowController.scala:100)
	at viper.silicon.rules.executionFlowController$.locallyWithResult(ExecutionFlowController.scala:63)
	at viper.silicon.rules.executionFlowController$.locally(ExecutionFlowController.scala:100)
	at viper.silicon.rules.brancher$.$anonfun$branch$4(Brancher.scala:144)
	at viper.silicon.rules.brancher$.$anonfun$branch$9(Brancher.scala:185)
	at viper.silicon.common.concurrency.package$$anon$1.call(package.scala:36)
	at viper.silicon.common.concurrency.package$SynchronousFuture.get(package.scala:24)
	at viper.silicon.rules.brancher$.$anonfun$branch$11(Brancher.scala:232)
	at viper.silicon.interfaces.VerificationResult.combine(Verification.scala:45)
	at viper.silicon.rules.brancher$.branch(Brancher.scala:248)
	at viper.silicon.rules.evaluator$.$anonfun$evalSeqShortCircuit$5(Evaluator.scala:1505)
	at viper.silicon.rules.joiner$.$anonfun$join$1(Joiner.scala:61)
	at viper.silicon.rules.executionFlowController$.$anonfun$locally$1(ExecutionFlowController.scala:100)
	at viper.silicon.rules.executionFlowController$.locallyWithResult(ExecutionFlowController.scala:63)
	at viper.silicon.rules.executionFlowController$.locally(ExecutionFlowController.scala:100)
	at viper.silicon.rules.joiner$.join(Joiner.scala:57)
	at viper.silicon.rules.evaluator$.$anonfun$evalSeqShortCircuit$3(Evaluator.scala:1518)
	at viper.silicon.rules.evaluator$.$anonfun$eval$1(Evaluator.scala:90)
	at viper.silicon.rules.evaluator$.$anonfun$eval3$3(Evaluator.scala:142)
	at viper.silicon.rules.evaluator$.$anonfun$eval2$2(Evaluator.scala:157)
	at viper.silicon.rules.evaluator$.$anonfun$evalBinOp$3(Evaluator.scala:1202)
	at viper.silicon.rules.evaluator$.$anonfun$eval$1(Evaluator.scala:90)
	at viper.silicon.rules.evaluator$.$anonfun$eval3$3(Evaluator.scala:142)
	at viper.silicon.rules.evaluator$.$anonfun$eval2$98(Evaluator.scala:418)
	at viper.silicon.rules.evaluator$.evals2(Evaluator.scala:75)
	at viper.silicon.rules.evaluator$.evals(Evaluator.scala:68)
	at viper.silicon.rules.evaluator$.eval2(Evaluator.scala:413)
	at viper.silicon.rules.evaluator$.eval3(Evaluator.scala:127)
	at viper.silicon.rules.evaluator$.eval(Evaluator.scala:88)
	at viper.silicon.rules.evaluator$.$anonfun$evalBinOp$2(Evaluator.scala:1201)
	at viper.silicon.rules.evaluator$.$anonfun$eval$1(Evaluator.scala:90)
	at viper.silicon.rules.evaluator$.$anonfun$eval3$3(Evaluator.scala:142)
	at viper.silicon.rules.evaluator$.$anonfun$eval2$153(Evaluator.scala:683)
	at viper.silicon.rules.joiner$.$anonfun$join$3(Joiner.scala:113)
	at viper.silicon.interfaces.VerificationResult.combine(Verification.scala:45)
	at viper.silicon.rules.joiner$.join(Joiner.scala:86)
	at viper.silicon.rules.evaluator$.$anonfun$eval2$137(Evaluator.scala:683)
	at viper.silicon.rules.evaluator$.$anonfun$evals2$2(Evaluator.scala:78)
	at viper.silicon.rules.evaluator$.evals2(Evaluator.scala:75)
	at viper.silicon.rules.evaluator$.$anonfun$evals2$1(Evaluator.scala:78)
	at viper.silicon.rules.evaluator$.$anonfun$eval$1(Evaluator.scala:90)
	at viper.silicon.rules.evaluator$.$anonfun$eval3$3(Evaluator.scala:142)
	at viper.silicon.rules.evaluator$.eval2(Evaluator.scala:166)
	at viper.silicon.rules.evaluator$.eval3(Evaluator.scala:127)
	at viper.silicon.rules.evaluator$.eval(Evaluator.scala:88)
	at viper.silicon.rules.evaluator$.evals2(Evaluator.scala:77)
	at viper.silicon.rules.evaluator$.eval2(Evaluator.scala:573)
	at viper.silicon.rules.evaluator$.eval3(Evaluator.scala:127)
	at viper.silicon.rules.evaluator$.eval(Evaluator.scala:88)
	at viper.silicon.rules.evaluator$.evalBinOp(Evaluator.scala:1200)
	at viper.silicon.rules.evaluator$.eval2(Evaluator.scala:156)
	at viper.silicon.rules.evaluator$.eval3(Evaluator.scala:127)
	at viper.silicon.rules.evaluator$.eval(Evaluator.scala:88)
	at viper.silicon.rules.evaluator$.evalSeqShortCircuit(Evaluator.scala:1496)
	at viper.silicon.rules.evaluator$.eval2(Evaluator.scala:291)
	at viper.silicon.rules.evaluator$.eval3(Evaluator.scala:127)
	at viper.silicon.rules.evaluator$.eval(Evaluator.scala:88)
	at viper.silicon.rules.producer$.produceTlc(Producer.scala:375)
	at viper.silicon.rules.producer$.wrappedProduceTlc(Producer.scala:197)
	at viper.silicon.rules.producer$.produceTlcs(Producer.scala:146)
	at viper.silicon.rules.producer$.$anonfun$produceTlcs$1(Producer.scala:158)
	at viper.silicon.rules.producer$.$anonfun$wrappedProduceTlc$1(Producer.scala:199)
	at viper.silicon.rules.producer$.$anonfun$produceTlc$1(Producer.scala:214)
	at viper.silicon.rules.DefaultHeapSupportRules.$anonfun$produceSingle$5(HeapSupporter.scala:479)
	at viper.silicon.rules.chunkSupporter$.produce(ChunkSupporter.scala:221)
	at viper.silicon.rules.DefaultHeapSupportRules.produceSingle(HeapSupporter.scala:471)
	at viper.silicon.rules.producer$.$anonfun$produceTlc$32(Producer.scala:333)
	at viper.silicon.rules.permissionSupporter$.$anonfun$assertNotNegative$1(PermissionSupporter.scala:27)
	at viper.silicon.rules.permissionSupporter$.$anonfun$assertNotNegative$1$adapted(PermissionSupporter.scala:26)
	at viper.silicon.decider.DefaultDeciderProvider$decider$.assert(Decider.scala:386)
	at viper.silicon.rules.permissionSupporter$.assertNotNegative(PermissionSupporter.scala:26)
	at viper.silicon.rules.producer$.$anonfun$produceTlc$31(Producer.scala:324)
	at viper.silicon.rules.evaluator$.$anonfun$eval$1(Evaluator.scala:90)
	at viper.silicon.rules.evaluator$.$anonfun$eval3$3(Evaluator.scala:142)
	at viper.silicon.rules.evaluator$.eval2(Evaluator.scala:168)
	at viper.silicon.rules.evaluator$.eval3(Evaluator.scala:127)
	at viper.silicon.rules.evaluator$.eval(Evaluator.scala:88)
	at viper.silicon.rules.producer$.$anonfun$produceTlc$30(Producer.scala:323)
	at viper.silicon.rules.evaluator$.$anonfun$evals2$2(Evaluator.scala:78)
	at viper.silicon.rules.evaluator$.evals2(Evaluator.scala:75)
	at viper.silicon.rules.evaluator$.$anonfun$evals2$1(Evaluator.scala:78)
	at viper.silicon.rules.evaluator$.$anonfun$eval$1(Evaluator.scala:90)
	at viper.silicon.rules.evaluator$.$anonfun$eval3$3(Evaluator.scala:142)
	at viper.silicon.rules.evaluator$.eval2(Evaluator.scala:166)
	at viper.silicon.rules.evaluator$.eval3(Evaluator.scala:127)
	at viper.silicon.rules.evaluator$.eval(Evaluator.scala:88)
	at viper.silicon.rules.evaluator$.evals2(Evaluator.scala:77)
	at viper.silicon.rules.evaluator$.evals(Evaluator.scala:68)
	at viper.silicon.rules.producer$.produceTlc(Producer.scala:322)
	at viper.silicon.rules.producer$.wrappedProduceTlc(Producer.scala:197)
	at viper.silicon.rules.producer$.produceTlcs(Producer.scala:157)
	at viper.silicon.rules.producer$.$anonfun$produceTlcs$1(Producer.scala:158)
	at viper.silicon.rules.producer$.$anonfun$wrappedProduceTlc$1(Producer.scala:199)
	at viper.silicon.rules.producer$.$anonfun$produceTlc$1(Producer.scala:214)
	at viper.silicon.rules.producer$.$anonfun$produceTlc$45(Producer.scala:377)
	at viper.silicon.rules.evaluator$.$anonfun$eval$1(Evaluator.scala:90)
	at viper.silicon.rules.evaluator$.$anonfun$eval3$3(Evaluator.scala:142)
	at viper.silicon.rules.evaluator$.$anonfun$eval2$98(Evaluator.scala:418)
	at viper.silicon.rules.evaluator$.$anonfun$evals2$2(Evaluator.scala:78)
	at viper.silicon.rules.evaluator$.$anonfun$evals2$2(Evaluator.scala:78)
	at viper.silicon.rules.evaluator$.evals2(Evaluator.scala:75)
	at viper.silicon.rules.evaluator$.$anonfun$evals2$1(Evaluator.scala:78)
	at viper.silicon.rules.evaluator$.$anonfun$eval$1(Evaluator.scala:90)
	at viper.silicon.rules.evaluator$.$anonfun$eval3$3(Evaluator.scala:142)
	at viper.silicon.rules.evaluator$.$anonfun$eval2$98(Evaluator.scala:418)
	at viper.silicon.rules.evaluator$.evals2(Evaluator.scala:75)
	at viper.silicon.rules.evaluator$.evals(Evaluator.scala:68)
	at viper.silicon.rules.evaluator$.eval2(Evaluator.scala:413)
	at viper.silicon.rules.evaluator$.eval3(Evaluator.scala:127)
	at viper.silicon.rules.evaluator$.eval(Evaluator.scala:88)
	at viper.silicon.rules.evaluator$.evals2(Evaluator.scala:77)
	at viper.silicon.rules.evaluator$.$anonfun$evals2$1(Evaluator.scala:78)
	at viper.silicon.rules.evaluator$.$anonfun$eval$1(Evaluator.scala:90)
	at viper.silicon.rules.evaluator$.$anonfun$eval3$3(Evaluator.scala:142)
	at viper.silicon.rules.evaluator$.$anonfun$eval2$98(Evaluator.scala:418)
	at viper.silicon.rules.evaluator$.$anonfun$evals2$2(Evaluator.scala:78)
	at viper.silicon.rules.evaluator$.evals2(Evaluator.scala:75)
	at viper.silicon.rules.evaluator$.$anonfun$evals2$1(Evaluator.scala:78)
	at viper.silicon.rules.evaluator$.$anonfun$eval$1(Evaluator.scala:90)
	at viper.silicon.rules.evaluator$.$anonfun$eval3$3(Evaluator.scala:142)
	at viper.silicon.rules.evaluator$.eval2(Evaluator.scala:166)
	at viper.silicon.rules.evaluator$.eval3(Evaluator.scala:127)
	at viper.silicon.rules.evaluator$.eval(Evaluator.scala:88)
	at viper.silicon.rules.evaluator$.evals2(Evaluator.scala:77)
	at viper.silicon.rules.evaluator$.evals(Evaluator.scala:68)
	at viper.silicon.rules.evaluator$.eval2(Evaluator.scala:413)
	at viper.silicon.rules.evaluator$.eval3(Evaluator.scala:127)
	at viper.silicon.rules.evaluator$.eval(Evaluator.scala:88)
	at viper.silicon.rules.evaluator$.evals2(Evaluator.scala:77)
	at viper.silicon.rules.evaluator$.evals(Evaluator.scala:68)
	at viper.silicon.rules.evaluator$.eval2(Evaluator.scala:413)
	at viper.silicon.rules.evaluator$.eval3(Evaluator.scala:127)
	at viper.silicon.rules.evaluator$.eval(Evaluator.scala:88)
	at viper.silicon.rules.producer$.produceTlc(Producer.scala:375)
	at viper.silicon.rules.producer$.wrappedProduceTlc(Producer.scala:197)
	at viper.silicon.rules.producer$.produceTlcs(Producer.scala:157)
	at viper.silicon.rules.producer$.produceR(Producer.scala:182)
	at viper.silicon.rules.producer$.produce(Producer.scala:106)
	at viper.silicon.supporters.DefaultPredicateVerificationUnitProvider$predicateSupporter$.$anonfun$verify$4(PredicateVerificationUnit.scala:126)
	at viper.silicon.rules.executionFlowController$.$anonfun$locally$1(ExecutionFlowController.scala:100)
	at viper.silicon.rules.executionFlowController$.locallyWithResult(ExecutionFlowController.scala:63)
	at viper.silicon.rules.executionFlowController$.locally(ExecutionFlowController.scala:100)
	at viper.silicon.supporters.DefaultPredicateVerificationUnitProvider$predicateSupporter$.verify(PredicateVerificationUnit.scala:125)
	at viper.silicon.verifier.DefaultMainVerifier.$anonfun$verify$4(DefaultMainVerifier.scala:245)
	at scala.collection.immutable.List.flatMap(List.scala:283)
	at viper.silicon.verifier.DefaultMainVerifier.verify(DefaultMainVerifier.scala:241)
	at viper.silicon.Silicon.viper$silicon$Silicon$$runVerifier(Silicon.scala:245)
	at viper.silicon.Silicon$$anon$1.call(Silicon.scala:199)
	at viper.silicon.Silicon$$anon$1.call(Silicon.scala:198)
	at java.base/java.util.concurrent.FutureTask.run(FutureTask.java:317)
	at java.base/java.util.concurrent.ThreadPoolExecutor.runWorker(ThreadPoolExecutor.java:1144)
	at java.base/java.util.concurrent.ThreadPoolExecutor$Worker.run(ThreadPoolExecutor.java:642)
	at java.base/java.lang.Thread.run(Thread.java:1583)
  Cause: java.lang.RuntimeException: Unexpected expression acc(descending(rest(this)), write) cannot be symbolically evaluated
]]></system-out>
  <system-err><![CDATA[warning: classpath entry points to a non-existent location: /home/silverbot/dev/SnaKt-wip11/compiler/testData/mockJDK/jre/lib/rt.jar
warning: classpath entry points to a non-existent location: /home/silverbot/dev/SnaKt-wip11/compiler/testData/mockJDK/jre/lib/rt.jar
warning: classpath entry points to a non-existent location: /home/silverbot/dev/SnaKt-wip11/compiler/testData/mockJDK/jre/lib/rt.jar
warning: classpath entry points to a non-existent location: /home/silverbot/dev/SnaKt-wip11/compiler/testData/mockJDK/jre/lib/rt.jar
warning: classpath entry points to a non-existent location: /home/silverbot/dev/SnaKt-wip11/compiler/testData/mockJDK/jre/lib/rt.jar
]]></system-err>
</testsuite>
