<?xml version="1.0" encoding="UTF-8"?>
<testsuite name="org.jetbrains.kotlin.formver.plugin.runners.PhasedDiagnosticTestGenerated$Verification$Purity" tests="3" skipped="0" failures="0" errors="0" timestamp="2026-07-30T15:09:13.174Z" hostname="jesyspa.dev" time="9.168">
  <properties/>
  <testcase name="testWrongly_annotated()" classname="org.jetbrains.kotlin.formver.plugin.runners.PhasedDiagnosticTestGenerated$Verification$Purity" time="8.772"/>
  <testcase name="testAllFilesPresentInPurity()" classname="org.jetbrains.kotlin.formver.plugin.runners.PhasedDiagnosticTestGenerated$Verification$Purity" time="0.016"/>
  <testcase name="testAssert_statements()" classname="org.jetbrains.kotlin.formver.plugin.runners.PhasedDiagnosticTestGenerated$Verification$Purity" time="0.361"/>
  <system-out><![CDATA[]]></system-out>
  <system-err><![CDATA[]]></system-err>
</testsuite>
