<?xml version="1.0" encoding="UTF-8"?>
<testsuite name="org.jetbrains.kotlin.formver.plugin.runners.PhasedDiagnosticTestGenerated$Expensive_verification$Algorithms" tests="5" skipped="0" failures="0" errors="0" timestamp="2026-07-30T15:06:48.779Z" hostname="jesyspa.dev" time="127.296">
  <properties/>
  <testcase name="testAllFilesPresentInAlgorithms()" classname="org.jetbrains.kotlin.formver.plugin.runners.PhasedDiagnosticTestGenerated$Expensive_verification$Algorithms" time="0.117"/>
  <testcase name="testMerge_sort_of_string()" classname="org.jetbrains.kotlin.formver.plugin.runners.PhasedDiagnosticTestGenerated$Expensive_verification$Algorithms" time="76.902"/>
  <testcase name="testBinary_search()" classname="org.jetbrains.kotlin.formver.plugin.runners.PhasedDiagnosticTestGenerated$Expensive_verification$Algorithms" time="25.764"/>
  <testcase name="testZ_function()" classname="org.jetbrains.kotlin.formver.plugin.runners.PhasedDiagnosticTestGenerated$Expensive_verification$Algorithms" time="86.587"/>
  <testcase name="testQuick_sort_of_string()" classname="org.jetbrains.kotlin.formver.plugin.runners.PhasedDiagnosticTestGenerated$Expensive_verification$Algorithms" time="24.456"/>
  <system-out><![CDATA[]]></system-out>
  <system-err><![CDATA[warning: classpath entry points to a non-existent location: /home/silverbot/dev/SnaKt-wip11/compiler/testData/mockJDK/jre/lib/rt.jar
warning: classpath entry points to a non-existent location: /home/silverbot/dev/SnaKt-wip11/compiler/testData/mockJDK/jre/lib/rt.jar
]]></system-err>
</testsuite>
