<?xml version="1.0" encoding="UTF-8"?>
<testsuite name="org.jetbrains.kotlin.formver.plugin.runners.PhasedDiagnosticTestGenerated$Verification$Negative" tests="4" skipped="0" failures="0" errors="0" timestamp="2026-07-30T15:10:13.274Z" hostname="jesyspa.dev" time="42.043">
  <properties/>
  <testcase name="testBinary_tree()" classname="org.jetbrains.kotlin.formver.plugin.runners.PhasedDiagnosticTestGenerated$Verification$Negative" time="9.055"/>
  <testcase name="testTry_catch()" classname="org.jetbrains.kotlin.formver.plugin.runners.PhasedDiagnosticTestGenerated$Verification$Negative" time="25.037"/>
  <testcase name="testAllFilesPresentInNegative()" classname="org.jetbrains.kotlin.formver.plugin.runners.PhasedDiagnosticTestGenerated$Verification$Negative" time="0.005"/>
  <testcase name="testLinked_list()" classname="org.jetbrains.kotlin.formver.plugin.runners.PhasedDiagnosticTestGenerated$Verification$Negative" time="7.93"/>
  <system-out><![CDATA[]]></system-out>
  <system-err><![CDATA[]]></system-err>
</testsuite>
