<?xml version="1.0" encoding="UTF-8"?>
<testsuite name="org.jetbrains.kotlin.formver.plugin.runners.PhasedDiagnosticTestGenerated$Verification$Classes" tests="24" skipped="0" failures="3" errors="0" timestamp="2026-07-30T15:06:48.778Z" hostname="jesyspa.dev" time="340.269">
  <properties/>
  <testcase name="testAllFilesPresentInClasses()" classname="org.jetbrains.kotlin.formver.plugin.runners.PhasedDiagnosticTestGenerated$Verification$Classes" time="0.136"/>
  <testcase name="testInterfaces()" classname="org.jetbrains.kotlin.formver.plugin.runners.PhasedDiagnosticTestGenerated$Verification$Classes" time="106.291"/>
  <testcase name="testPredicate_outside_specification()" classname="org.jetbrains.kotlin.formver.plugin.runners.PhasedDiagnosticTestGenerated$Verification$Classes" time="0.846"/>
  <testcase name="testSecondary_constructors()" classname="org.jetbrains.kotlin.formver.plugin.runners.PhasedDiagnosticTestGenerated$Verification$Classes" time="0.483"/>
  <testcase name="testInheritance()" classname="org.jetbrains.kotlin.formver.plugin.runners.PhasedDiagnosticTestGenerated$Verification$Classes" time="43.574"/>
  <testcase name="testPredicate_without_class()" classname="org.jetbrains.kotlin.formver.plugin.runners.PhasedDiagnosticTestGenerated$Verification$Classes" time="0.405"/>
  <testcase name="testCustom_predicates_unfold()" classname="org.jetbrains.kotlin.formver.plugin.runners.PhasedDiagnosticTestGenerated$Verification$Classes" time="3.96"/>
  <testcase name="testSubtyping()" classname="org.jetbrains.kotlin.formver.plugin.runners.PhasedDiagnosticTestGenerated$Verification$Classes" time="0.402"/>
  <testcase name="testPredicates_access()" classname="org.jetbrains.kotlin.formver.plugin.runners.PhasedDiagnosticTestGenerated$Verification$Classes" time="28.919"/>
  <testcase name="testPrivate_properties()" classname="org.jetbrains.kotlin.formver.plugin.runners.PhasedDiagnosticTestGenerated$Verification$Classes" time="12.394"/>
  <testcase name="testManual_permissions()" classname="org.jetbrains.kotlin.formver.plugin.runners.PhasedDiagnosticTestGenerated$Verification$Classes" time="8.071"/>
  <testcase name="testOverride_properties_types()" classname="org.jetbrains.kotlin.formver.plugin.runners.PhasedDiagnosticTestGenerated$Verification$Classes" time="3.966"/>
  <testcase name="testCustom_predicates_b1_state_invariant()" classname="org.jetbrains.kotlin.formver.plugin.runners.PhasedDiagnosticTestGenerated$Verification$Classes" time="12.293">
    <failure message="org.gradle.internal.exceptions.DefaultMultiCauseException: Multiple Failures (3 failures)&#10;&#9;org.opentest4j.AssertionFailedError: Expected data file did not exist. Generating: formver.compiler-plugin/testData/diagnostics/verification/classes/custom_predicates_b1_state_invariant.fir.diag.txt&#10;&#9;org.opentest4j.AssertionFailedError: Expected data file did not exist. Generating: formver.compiler-plugin/testData/diagnostics/verification/classes/custom_predicates_b1_state_invariant.viper.diag.txt&#10;&#9;org.opentest4j.AssertionFailedError: Actual data differs from file content: custom_predicates_b1_state_invariant.kt" type="org.gradle.internal.exceptions.DefaultMultiCauseException">org.gradle.internal.exceptions.DefaultMultiCauseException: Multiple Failures (3 failures)
	org.opentest4j.AssertionFailedError: Expected data file did not exist. Generating: formver.compiler-plugin/testData/diagnostics/verification/classes/custom_predicates_b1_state_invariant.fir.diag.txt
	org.opentest4j.AssertionFailedError: Expected data file did not exist. Generating: formver.compiler-plugin/testData/diagnostics/verification/classes/custom_predicates_b1_state_invariant.viper.diag.txt
	org.opentest4j.AssertionFailedError: Actual data differs from file content: custom_predicates_b1_state_invariant.kt
	at app//org.junit.jupiter.api.AssertAll.assertAll(AssertAll.java:80)
	at app//org.junit.jupiter.api.AssertAll.assertAll(AssertAll.java:54)
	at app//org.junit.jupiter.api.AssertAll.assertAll(AssertAll.java:48)
	at app//org.junit.jupiter.api.Assertions.assertAll(Assertions.java:2978)
	at app//org.jetbrains.kotlin.test.services.JUnit5Assertions.failAll(JUnit5Assertions.kt:104)
	at app//org.jetbrains.kotlin.formver.common.services.DiagnosticsCollectorKt.runChecks(DiagnosticsCollector.kt:104)
	at app//org.jetbrains.kotlin.formver.plugin.services.ViperResultHandler.processModule(VerificationFacade.kt:200)
	at app//org.jetbrains.kotlin.formver.plugin.services.ViperResultHandler.processModule(VerificationFacade.kt:193)
	at app//org.jetbrains.kotlin.test.TestStep$HandlersStep.processModule(TestStep.kt:83)
	at app//org.jetbrains.kotlin.test.TestStep$HandlersStep.processModule(TestStep.kt:60)
	at app//org.jetbrains.kotlin.test.TestRunner.processModule(TestRunner.kt:206)
	at app//org.jetbrains.kotlin.test.TestRunner.hackyProcessModule(TestRunner.kt:197)
	at app//org.jetbrains.kotlin.test.TestRunner.processModule(TestRunner.kt:141)
	at app//org.jetbrains.kotlin.test.TestRunner.runTestPipeline(TestRunner.kt:92)
	at app//org.jetbrains.kotlin.test.TestRunner.runTestImpl(TestRunner.kt:70)
	at app//org.jetbrains.kotlin.test.TestRunner.runTest(TestRunner.kt:30)
	at app//org.jetbrains.kotlin.test.TestRunner.runTest$default(TestRunner.kt:28)
	at app//org.jetbrains.kotlin.test.runners.AbstractKotlinCompilerTest.runTest(AbstractKotlinCompilerTest.kt:115)
	at app//org.jetbrains.kotlin.formver.plugin.runners.PhasedDiagnosticTestGenerated$Verification$Classes.testCustom_predicates_b1_state_invariant(PhasedDiagnosticTestGenerated.java:363)
	at java.base@21.0.5/java.lang.reflect.Method.invoke(Method.java:580)
	at java.base@21.0.5/java.util.concurrent.RecursiveAction.exec(RecursiveAction.java:194)
	at java.base@21.0.5/java.util.concurrent.ForkJoinTask.doExec(ForkJoinTask.java:387)
	at java.base@21.0.5/java.util.concurrent.ForkJoinPool$WorkQueue.tryRemoveAndExec(ForkJoinPool.java:1351)
	at java.base@21.0.5/java.util.concurrent.ForkJoinTask.awaitDone(ForkJoinTask.java:422)
	at java.base@21.0.5/java.util.concurrent.ForkJoinTask.join(ForkJoinTask.java:651)
	at java.base@21.0.5/java.util.concurrent.RecursiveAction.exec(RecursiveAction.java:194)
	at java.base@21.0.5/java.util.concurrent.ForkJoinTask.doExec(ForkJoinTask.java:387)
	at java.base@21.0.5/java.util.concurrent.ForkJoinPool$WorkQueue.tryRemoveAndExec(ForkJoinPool.java:1351)
	at java.base@21.0.5/java.util.concurrent.ForkJoinTask.awaitDone(ForkJoinTask.java:422)
	at java.base@21.0.5/java.util.concurrent.ForkJoinTask.join(ForkJoinTask.java:651)
	at java.base@21.0.5/java.util.concurrent.RecursiveAction.exec(RecursiveAction.java:194)
	at java.base@21.0.5/java.util.concurrent.ForkJoinTask.doExec(ForkJoinTask.java:387)
	at java.base@21.0.5/java.util.concurrent.ForkJoinPool$WorkQueue.topLevelExec(ForkJoinPool.java:1312)
	at java.base@21.0.5/java.util.concurrent.ForkJoinPool.scan(ForkJoinPool.java:1843)
	at java.base@21.0.5/java.util.concurrent.ForkJoinPool.runWorker(ForkJoinPool.java:1808)
	at java.base@21.0.5/java.util.concurrent.ForkJoinWorkerThread.run(ForkJoinWorkerThread.java:188)
	Suppressed: org.opentest4j.AssertionFailedError: Expected data file did not exist. Generating: formver.compiler-plugin/testData/diagnostics/verification/classes/custom_predicates_b1_state_invariant.fir.diag.txt
		at app//org.junit.jupiter.api.AssertionUtils.fail(AssertionUtils.java:42)
		at app//org.junit.jupiter.api.Assertions.fail(Assertions.java:150)
		at app//org.junit.jupiter.api.AssertionsKt.fail(Assertions.kt:27)
		at app//org.junit.jupiter.api.AssertionsKt.fail$default(Assertions.kt:26)
		at app//org.jetbrains.kotlin.test.services.JUnit5Assertions.doesEqualToFile(JUnit5Assertions.kt:56)
		at app//org.jetbrains.kotlin.test.services.JUnit5Assertions.assertEqualsToFile(JUnit5Assertions.kt:76)
		at app//org.jetbrains.kotlin.test.services.JUnit5Assertions.assertEqualsToFile(JUnit5Assertions.kt:32)
		at app//org.jetbrains.kotlin.test.Assertions.assertEqualsToFile(Assertions.kt:15)
		at app//org.jetbrains.kotlin.test.Assertions.assertEqualsToFile$default(Assertions.kt:14)
		at app//org.jetbrains.kotlin.formver.common.services.DiagnosticsCollector.assertEquality(DiagnosticsCollector.kt:98)
		at app//org.jetbrains.kotlin.formver.plugin.services.ViperResultHandler.processModule$lambda$0(VerificationFacade.kt:202)
		at app//org.jetbrains.kotlin.formver.common.services.DiagnosticsCollectorKt.runChecks(DiagnosticsCollector.kt:103)
		... 30 more
	Suppressed: org.opentest4j.AssertionFailedError: Expected data file did not exist. Generating: formver.compiler-plugin/testData/diagnostics/verification/classes/custom_predicates_b1_state_invariant.viper.diag.txt
		at app//org.junit.jupiter.api.AssertionUtils.fail(AssertionUtils.java:42)
		at app//org.junit.jupiter.api.Assertions.fail(Assertions.java:150)
		at app//org.junit.jupiter.api.AssertionsKt.fail(Assertions.kt:27)
		at app//org.junit.jupiter.api.AssertionsKt.fail$default(Assertions.kt:26)
		at app//org.jetbrains.kotlin.test.services.JUnit5Assertions.doesEqualToFile(JUnit5Assertions.kt:56)
		at app//org.jetbrains.kotlin.test.services.JUnit5Assertions.assertEqualsToFile(JUnit5Assertions.kt:76)
		at app//org.jetbrains.kotlin.test.services.JUnit5Assertions.assertEqualsToFile(JUnit5Assertions.kt:32)
		at app//org.jetbrains.kotlin.test.Assertions.assertEqualsToFile(Assertions.kt:15)
		at app//org.jetbrains.kotlin.test.Assertions.assertEqualsToFile$default(Assertions.kt:14)
		at app//org.jetbrains.kotlin.formver.common.services.DiagnosticsCollector.assertEquality(DiagnosticsCollector.kt:98)
		at app//org.jetbrains.kotlin.formver.plugin.services.ViperResultHandler.processModule$lambda$1(VerificationFacade.kt:203)
		at app//org.jetbrains.kotlin.formver.common.services.DiagnosticsCollectorKt.runChecks(DiagnosticsCollector.kt:103)
		... 30 more
	Suppressed: org.opentest4j.AssertionFailedError: Actual data differs from file content: custom_predicates_b1_state_invariant.kt
		at app//org.jetbrains.kotlin.test.services.JUnit5Assertions.assertEqualsToFile(JUnit5Assertions.kt:78)
		at app//org.jetbrains.kotlin.test.services.JUnit5Assertions.assertEqualsToFile(JUnit5Assertions.kt:32)
		at app//org.jetbrains.kotlin.test.Assertions.assertEqualsToFile(Assertions.kt:15)
		at app//org.jetbrains.kotlin.test.Assertions.assertEqualsToFile$default(Assertions.kt:14)
		at app//org.jetbrains.kotlin.formver.common.services.TagCollector.assertFileEqual(TagCollector.kt:116)
		at app//org.jetbrains.kotlin.formver.common.services.TagCollector.assertEqual(TagCollector.kt:106)
		at app//org.jetbrains.kotlin.formver.plugin.services.ViperResultHandler.processModule$lambda$2(VerificationFacade.kt:204)
		at app//org.jetbrains.kotlin.formver.common.services.DiagnosticsCollectorKt.runChecks(DiagnosticsCollector.kt:103)
		... 30 more
Cause 1: org.opentest4j.AssertionFailedError: Expected data file did not exist. Generating: formver.compiler-plugin/testData/diagnostics/verification/classes/custom_predicates_b1_state_invariant.fir.diag.txt
	at app//org.junit.jupiter.api.AssertionUtils.fail(AssertionUtils.java:42)
	at app//org.junit.jupiter.api.Assertions.fail(Assertions.java:150)
	at app//org.junit.jupiter.api.AssertionsKt.fail(Assertions.kt:27)
	at app//org.junit.jupiter.api.AssertionsKt.fail$default(Assertions.kt:26)
	at app//org.jetbrains.kotlin.test.services.JUnit5Assertions.doesEqualToFile(JUnit5Assertions.kt:56)
	at app//org.jetbrains.kotlin.test.services.JUnit5Assertions.assertEqualsToFile(JUnit5Assertions.kt:76)
	at app//org.jetbrains.kotlin.test.services.JUnit5Assertions.assertEqualsToFile(JUnit5Assertions.kt:32)
	at app//org.jetbrains.kotlin.test.Assertions.assertEqualsToFile(Assertions.kt:15)
	at app//org.jetbrains.kotlin.test.Assertions.assertEqualsToFile$default(Assertions.kt:14)
	at app//org.jetbrains.kotlin.formver.common.services.DiagnosticsCollector.assertEquality(DiagnosticsCollector.kt:98)
	at app//org.jetbrains.kotlin.formver.plugin.services.ViperResultHandler.processModule$lambda$0(VerificationFacade.kt:202)
	at app//org.jetbrains.kotlin.formver.common.services.DiagnosticsCollectorKt.runChecks(DiagnosticsCollector.kt:103)
	at app//org.jetbrains.kotlin.formver.plugin.services.ViperResultHandler.processModule(VerificationFacade.kt:200)
	at app//org.jetbrains.kotlin.formver.plugin.services.ViperResultHandler.processModule(VerificationFacade.kt:193)
	at app//org.jetbrains.kotlin.test.TestStep$HandlersStep.processModule(TestStep.kt:83)
	at app//org.jetbrains.kotlin.test.TestStep$HandlersStep.processModule(TestStep.kt:60)
	at app//org.jetbrains.kotlin.test.TestRunner.processModule(TestRunner.kt:206)
	at app//org.jetbrains.kotlin.test.TestRunner.hackyProcessModule(TestRunner.kt:197)
	at app//org.jetbrains.kotlin.test.TestRunner.processModule(TestRunner.kt:141)
	at app//org.jetbrains.kotlin.test.TestRunner.runTestPipeline(TestRunner.kt:92)
	at app//org.jetbrains.kotlin.test.TestRunner.runTestImpl(TestRunner.kt:70)
	at app//org.jetbrains.kotlin.test.TestRunner.runTest(TestRunner.kt:30)
	at app//org.jetbrains.kotlin.test.TestRunner.runTest$default(TestRunner.kt:28)
	at app//org.jetbrains.kotlin.test.runners.AbstractKotlinCompilerTest.runTest(AbstractKotlinCompilerTest.kt:115)
	at app//org.jetbrains.kotlin.formver.plugin.runners.PhasedDiagnosticTestGenerated$Verification$Classes.testCustom_predicates_b1_state_invariant(PhasedDiagnosticTestGenerated.java:363)
	at java.base@21.0.5/java.lang.reflect.Method.invoke(Method.java:580)
	at java.base@21.0.5/java.util.concurrent.RecursiveAction.exec(RecursiveAction.java:194)
	at java.base@21.0.5/java.util.concurrent.ForkJoinTask.doExec(ForkJoinTask.java:387)
	at java.base@21.0.5/java.util.concurrent.ForkJoinPool$WorkQueue.tryRemoveAndExec(ForkJoinPool.java:1351)
	at java.base@21.0.5/java.util.concurrent.ForkJoinTask.awaitDone(ForkJoinTask.java:422)
	at java.base@21.0.5/java.util.concurrent.ForkJoinTask.join(ForkJoinTask.java:651)
	at java.base@21.0.5/java.util.concurrent.RecursiveAction.exec(RecursiveAction.java:194)
	at java.base@21.0.5/java.util.concurrent.ForkJoinTask.doExec(ForkJoinTask.java:387)
	at java.base@21.0.5/java.util.concurrent.ForkJoinPool$WorkQueue.tryRemoveAndExec(ForkJoinPool.java:1351)
	at java.base@21.0.5/java.util.concurrent.ForkJoinTask.awaitDone(ForkJoinTask.java:422)
	at java.base@21.0.5/java.util.concurrent.ForkJoinTask.join(ForkJoinTask.java:651)
	at java.base@21.0.5/java.util.concurrent.RecursiveAction.exec(RecursiveAction.java:194)
	at java.base@21.0.5/java.util.concurrent.ForkJoinTask.doExec(ForkJoinTask.java:387)
	at java.base@21.0.5/java.util.concurrent.ForkJoinPool$WorkQueue.topLevelExec(ForkJoinPool.java:1312)
	at java.base@21.0.5/java.util.concurrent.ForkJoinPool.scan(ForkJoinPool.java:1843)
	at java.base@21.0.5/java.util.concurrent.ForkJoinPool.runWorker(ForkJoinPool.java:1808)
	at java.base@21.0.5/java.util.concurrent.ForkJoinWorkerThread.run(ForkJoinWorkerThread.java:188)
Cause 2: org.opentest4j.AssertionFailedError: Expected data file did not exist. Generating: formver.compiler-plugin/testData/diagnostics/verification/classes/custom_predicates_b1_state_invariant.viper.diag.txt
	at app//org.junit.jupiter.api.AssertionUtils.fail(AssertionUtils.java:42)
	at app//org.junit.jupiter.api.Assertions.fail(Assertions.java:150)
	at app//org.junit.jupiter.api.AssertionsKt.fail(Assertions.kt:27)
	at app//org.junit.jupiter.api.AssertionsKt.fail$default(Assertions.kt:26)
	at app//org.jetbrains.kotlin.test.services.JUnit5Assertions.doesEqualToFile(JUnit5Assertions.kt:56)
	at app//org.jetbrains.kotlin.test.services.JUnit5Assertions.assertEqualsToFile(JUnit5Assertions.kt:76)
	at app//org.jetbrains.kotlin.test.services.JUnit5Assertions.assertEqualsToFile(JUnit5Assertions.kt:32)
	at app//org.jetbrains.kotlin.test.Assertions.assertEqualsToFile(Assertions.kt:15)
	at app//org.jetbrains.kotlin.test.Assertions.assertEqualsToFile$default(Assertions.kt:14)
	at app//org.jetbrains.kotlin.formver.common.services.DiagnosticsCollector.assertEquality(DiagnosticsCollector.kt:98)
	at app//org.jetbrains.kotlin.formver.plugin.services.ViperResultHandler.processModule$lambda$1(VerificationFacade.kt:203)
	at app//org.jetbrains.kotlin.formver.common.services.DiagnosticsCollectorKt.runChecks(DiagnosticsCollector.kt:103)
	at app//org.jetbrains.kotlin.formver.plugin.services.ViperResultHandler.processModule(VerificationFacade.kt:200)
	at app//org.jetbrains.kotlin.formver.plugin.services.ViperResultHandler.processModule(VerificationFacade.kt:193)
	at app//org.jetbrains.kotlin.test.TestStep$HandlersStep.processModule(TestStep.kt:83)
	at app//org.jetbrains.kotlin.test.TestStep$HandlersStep.processModule(TestStep.kt:60)
	at app//org.jetbrains.kotlin.test.TestRunner.processModule(TestRunner.kt:206)
	at app//org.jetbrains.kotlin.test.TestRunner.hackyProcessModule(TestRunner.kt:197)
	at app//org.jetbrains.kotlin.test.TestRunner.processModule(TestRunner.kt:141)
	at app//org.jetbrains.kotlin.test.TestRunner.runTestPipeline(TestRunner.kt:92)
	at app//org.jetbrains.kotlin.test.TestRunner.runTestImpl(TestRunner.kt:70)
	at app//org.jetbrains.kotlin.test.TestRunner.runTest(TestRunner.kt:30)
	at app//org.jetbrains.kotlin.test.TestRunner.runTest$default(TestRunner.kt:28)
	at app//org.jetbrains.kotlin.test.runners.AbstractKotlinCompilerTest.runTest(AbstractKotlinCompilerTest.kt:115)
	at app//org.jetbrains.kotlin.formver.plugin.runners.PhasedDiagnosticTestGenerated$Verification$Classes.testCustom_predicates_b1_state_invariant(PhasedDiagnosticTestGenerated.java:363)
	at java.base@21.0.5/java.lang.reflect.Method.invoke(Method.java:580)
	at java.base@21.0.5/java.util.concurrent.RecursiveAction.exec(RecursiveAction.java:194)
	at java.base@21.0.5/java.util.concurrent.ForkJoinTask.doExec(ForkJoinTask.java:387)
	at java.base@21.0.5/java.util.concurrent.ForkJoinPool$WorkQueue.tryRemoveAndExec(ForkJoinPool.java:1351)
	at java.base@21.0.5/java.util.concurrent.ForkJoinTask.awaitDone(ForkJoinTask.java:422)
	at java.base@21.0.5/java.util.concurrent.ForkJoinTask.join(ForkJoinTask.java:651)
	at java.base@21.0.5/java.util.concurrent.RecursiveAction.exec(RecursiveAction.java:194)
	at java.base@21.0.5/java.util.concurrent.ForkJoinTask.doExec(ForkJoinTask.java:387)
	at java.base@21.0.5/java.util.concurrent.ForkJoinPool$WorkQueue.tryRemoveAndExec(ForkJoinPool.java:1351)
	at java.base@21.0.5/java.util.concurrent.ForkJoinTask.awaitDone(ForkJoinTask.java:422)
	at java.base@21.0.5/java.util.concurrent.ForkJoinTask.join(ForkJoinTask.java:651)
	at java.base@21.0.5/java.util.concurrent.RecursiveAction.exec(RecursiveAction.java:194)
	at java.base@21.0.5/java.util.concurrent.ForkJoinTask.doExec(ForkJoinTask.java:387)
	at java.base@21.0.5/java.util.concurrent.ForkJoinPool$WorkQueue.topLevelExec(ForkJoinPool.java:1312)
	at java.base@21.0.5/java.util.concurrent.ForkJoinPool.scan(ForkJoinPool.java:1843)
	at java.base@21.0.5/java.util.concurrent.ForkJoinPool.runWorker(ForkJoinPool.java:1808)
	at java.base@21.0.5/java.util.concurrent.ForkJoinWorkerThread.run(ForkJoinWorkerThread.java:188)
Cause 3: org.opentest4j.AssertionFailedError: Actual data differs from file content: custom_predicates_b1_state_invariant.kt
	at app//org.jetbrains.kotlin.test.services.JUnit5Assertions.assertEqualsToFile(JUnit5Assertions.kt:78)
	at app//org.jetbrains.kotlin.test.services.JUnit5Assertions.assertEqualsToFile(JUnit5Assertions.kt:32)
	at app//org.jetbrains.kotlin.test.Assertions.assertEqualsToFile(Assertions.kt:15)
	at app//org.jetbrains.kotlin.test.Assertions.assertEqualsToFile$default(Assertions.kt:14)
	at app//org.jetbrains.kotlin.formver.common.services.TagCollector.assertFileEqual(TagCollector.kt:116)
	at app//org.jetbrains.kotlin.formver.common.services.TagCollector.assertEqual(TagCollector.kt:106)
	at app//org.jetbrains.kotlin.formver.plugin.services.ViperResultHandler.processModule$lambda$2(VerificationFacade.kt:204)
	at app//org.jetbrains.kotlin.formver.common.services.DiagnosticsCollectorKt.runChecks(DiagnosticsCollector.kt:103)
	at app//org.jetbrains.kotlin.formver.plugin.services.ViperResultHandler.processModule(VerificationFacade.kt:200)
	at app//org.jetbrains.kotlin.formver.plugin.services.ViperResultHandler.processModule(VerificationFacade.kt:193)
	at app//org.jetbrains.kotlin.test.TestStep$HandlersStep.processModule(TestStep.kt:83)
	at app//org.jetbrains.kotlin.test.TestStep$HandlersStep.processModule(TestStep.kt:60)
	at app//org.jetbrains.kotlin.test.TestRunner.processModule(TestRunner.kt:206)
	at app//org.jetbrains.kotlin.test.TestRunner.hackyProcessModule(TestRunner.kt:197)
	at app//org.jetbrains.kotlin.test.TestRunner.processModule(TestRunner.kt:141)
	at app//org.jetbrains.kotlin.test.TestRunner.runTestPipeline(TestRunner.kt:92)
	at app//org.jetbrains.kotlin.test.TestRunner.runTestImpl(TestRunner.kt:70)
	at app//org.jetbrains.kotlin.test.TestRunner.runTest(TestRunner.kt:30)
	at app//org.jetbrains.kotlin.test.TestRunner.runTest$default(TestRunner.kt:28)
	at app//org.jetbrains.kotlin.test.runners.AbstractKotlinCompilerTest.runTest(AbstractKotlinCompilerTest.kt:115)
	at app//org.jetbrains.kotlin.formver.plugin.runners.PhasedDiagnosticTestGenerated$Verification$Classes.testCustom_predicates_b1_state_invariant(PhasedDiagnosticTestGenerated.java:363)
	at java.base@21.0.5/java.lang.reflect.Method.invoke(Method.java:580)
	at java.base@21.0.5/java.util.concurrent.RecursiveAction.exec(RecursiveAction.java:194)
	at java.base@21.0.5/java.util.concurrent.ForkJoinTask.doExec(ForkJoinTask.java:387)
	at java.base@21.0.5/java.util.concurrent.ForkJoinPool$WorkQueue.tryRemoveAndExec(ForkJoinPool.java:1351)
	at java.base@21.0.5/java.util.concurrent.ForkJoinTask.awaitDone(ForkJoinTask.java:422)
	at java.base@21.0.5/java.util.concurrent.ForkJoinTask.join(ForkJoinTask.java:651)
	at java.base@21.0.5/java.util.concurrent.RecursiveAction.exec(RecursiveAction.java:194)
	at java.base@21.0.5/java.util.concurrent.ForkJoinTask.doExec(ForkJoinTask.java:387)
	at java.base@21.0.5/java.util.concurrent.ForkJoinPool$WorkQueue.tryRemoveAndExec(ForkJoinPool.java:1351)
	at java.base@21.0.5/java.util.concurrent.ForkJoinTask.awaitDone(ForkJoinTask.java:422)
	at java.base@21.0.5/java.util.concurrent.ForkJoinTask.join(ForkJoinTask.java:651)
	at java.base@21.0.5/java.util.concurrent.RecursiveAction.exec(RecursiveAction.java:194)
	at java.base@21.0.5/java.util.concurrent.ForkJoinTask.doExec(ForkJoinTask.java:387)
	at java.base@21.0.5/java.util.concurrent.ForkJoinPool$WorkQueue.topLevelExec(ForkJoinPool.java:1312)
	at java.base@21.0.5/java.util.concurrent.ForkJoinPool.scan(ForkJoinPool.java:1843)
	at java.base@21.0.5/java.util.concurrent.ForkJoinPool.runWorker(ForkJoinPool.java:1808)
	at java.base@21.0.5/java.util.concurrent.ForkJoinWorkerThread.run(ForkJoinWorkerThread.java:188)
</failure>
  </testcase>
  <testcase name="testPredicates()" classname="org.jetbrains.kotlin.formver.plugin.runners.PhasedDiagnosticTestGenerated$Verification$Classes" time="43.31"/>
  <testcase name="testPredicate_malformed()" classname="org.jetbrains.kotlin.formver.plugin.runners.PhasedDiagnosticTestGenerated$Verification$Classes" time="0.32"/>
  <testcase name="testProperty_accessors()" classname="org.jetbrains.kotlin.formver.plugin.runners.PhasedDiagnosticTestGenerated$Verification$Classes" time="0.395"/>
  <testcase name="testInheritance_fields()" classname="org.jetbrains.kotlin.formver.plugin.runners.PhasedDiagnosticTestGenerated$Verification$Classes" time="13.943"/>
  <testcase name="testAcc_precondition()" classname="org.jetbrains.kotlin.formver.plugin.runners.PhasedDiagnosticTestGenerated$Verification$Classes" time="0.3"/>
  <testcase name="testCustom_predicates_b1_restricted_type()" classname="org.jetbrains.kotlin.formver.plugin.runners.PhasedDiagnosticTestGenerated$Verification$Classes" time="13.408">
    <failure message="org.gradle.internal.exceptions.DefaultMultiCauseException: Multiple Failures (3 failures)&#10;&#9;org.opentest4j.AssertionFailedError: Expected data file did not exist. Generating: formver.compiler-plugin/testData/diagnostics/verification/classes/custom_predicates_b1_restricted_type.fir.diag.txt&#10;&#9;org.opentest4j.AssertionFailedError: Expected data file did not exist. Generating: formver.compiler-plugin/testData/diagnostics/verification/classes/custom_predicates_b1_restricted_type.viper.diag.txt&#10;&#9;org.opentest4j.AssertionFailedError: Actual data differs from file content: custom_predicates_b1_restricted_type.kt" type="org.gradle.internal.exceptions.DefaultMultiCauseException">org.gradle.internal.exceptions.DefaultMultiCauseException: Multiple Failures (3 failures)
	org.opentest4j.AssertionFailedError: Expected data file did not exist. Generating: formver.compiler-plugin/testData/diagnostics/verification/classes/custom_predicates_b1_restricted_type.fir.diag.txt
	org.opentest4j.AssertionFailedError: Expected data file did not exist. Generating: formver.compiler-plugin/testData/diagnostics/verification/classes/custom_predicates_b1_restricted_type.viper.diag.txt
	org.opentest4j.AssertionFailedError: Actual data differs from file content: custom_predicates_b1_restricted_type.kt
	at app//org.junit.jupiter.api.AssertAll.assertAll(AssertAll.java:80)
	at app//org.junit.jupiter.api.AssertAll.assertAll(AssertAll.java:54)
	at app//org.junit.jupiter.api.AssertAll.assertAll(AssertAll.java:48)
	at app//org.junit.jupiter.api.Assertions.assertAll(Assertions.java:2978)
	at app//org.jetbrains.kotlin.test.services.JUnit5Assertions.failAll(JUnit5Assertions.kt:104)
	at app//org.jetbrains.kotlin.formver.common.services.DiagnosticsCollectorKt.runChecks(DiagnosticsCollector.kt:104)
	at app//org.jetbrains.kotlin.formver.plugin.services.ViperResultHandler.processModule(VerificationFacade.kt:200)
	at app//org.jetbrains.kotlin.formver.plugin.services.ViperResultHandler.processModule(VerificationFacade.kt:193)
	at app//org.jetbrains.kotlin.test.TestStep$HandlersStep.processModule(TestStep.kt:83)
	at app//org.jetbrains.kotlin.test.TestStep$HandlersStep.processModule(TestStep.kt:60)
	at app//org.jetbrains.kotlin.test.TestRunner.processModule(TestRunner.kt:206)
	at app//org.jetbrains.kotlin.test.TestRunner.hackyProcessModule(TestRunner.kt:197)
	at app//org.jetbrains.kotlin.test.TestRunner.processModule(TestRunner.kt:141)
	at app//org.jetbrains.kotlin.test.TestRunner.runTestPipeline(TestRunner.kt:92)
	at app//org.jetbrains.kotlin.test.TestRunner.runTestImpl(TestRunner.kt:70)
	at app//org.jetbrains.kotlin.test.TestRunner.runTest(TestRunner.kt:30)
	at app//org.jetbrains.kotlin.test.TestRunner.runTest$default(TestRunner.kt:28)
	at app//org.jetbrains.kotlin.test.runners.AbstractKotlinCompilerTest.runTest(AbstractKotlinCompilerTest.kt:115)
	at app//org.jetbrains.kotlin.formver.plugin.runners.PhasedDiagnosticTestGenerated$Verification$Classes.testCustom_predicates_b1_restricted_type(PhasedDiagnosticTestGenerated.java:357)
	at java.base@21.0.5/java.lang.reflect.Method.invoke(Method.java:580)
	at java.base@21.0.5/java.util.concurrent.RecursiveAction.exec(RecursiveAction.java:194)
	at java.base@21.0.5/java.util.concurrent.ForkJoinTask.doExec(ForkJoinTask.java:387)
	at java.base@21.0.5/java.util.concurrent.ForkJoinPool$WorkQueue.tryRemoveAndExec(ForkJoinPool.java:1351)
	at java.base@21.0.5/java.util.concurrent.ForkJoinTask.awaitDone(ForkJoinTask.java:422)
	at java.base@21.0.5/java.util.concurrent.ForkJoinTask.join(ForkJoinTask.java:651)
	at java.base@21.0.5/java.util.concurrent.RecursiveAction.exec(RecursiveAction.java:194)
	at java.base@21.0.5/java.util.concurrent.ForkJoinTask.doExec(ForkJoinTask.java:387)
	at java.base@21.0.5/java.util.concurrent.ForkJoinPool$WorkQueue.tryRemoveAndExec(ForkJoinPool.java:1351)
	at java.base@21.0.5/java.util.concurrent.ForkJoinTask.awaitDone(ForkJoinTask.java:422)
	at java.base@21.0.5/java.util.concurrent.ForkJoinTask.join(ForkJoinTask.java:651)
	at java.base@21.0.5/java.util.concurrent.RecursiveAction.exec(RecursiveAction.java:194)
	at java.base@21.0.5/java.util.concurrent.ForkJoinTask.doExec(ForkJoinTask.java:387)
	at java.base@21.0.5/java.util.concurrent.ForkJoinPool$WorkQueue.topLevelExec(ForkJoinPool.java:1312)
	at java.base@21.0.5/java.util.concurrent.ForkJoinPool.scan(ForkJoinPool.java:1843)
	at java.base@21.0.5/java.util.concurrent.ForkJoinPool.runWorker(ForkJoinPool.java:1808)
	at java.base@21.0.5/java.util.concurrent.ForkJoinWorkerThread.run(ForkJoinWorkerThread.java:188)
	Suppressed: org.opentest4j.AssertionFailedError: Expected data file did not exist. Generating: formver.compiler-plugin/testData/diagnostics/verification/classes/custom_predicates_b1_restricted_type.fir.diag.txt
		at app//org.junit.jupiter.api.AssertionUtils.fail(AssertionUtils.java:42)
		at app//org.junit.jupiter.api.Assertions.fail(Assertions.java:150)
		at app//org.junit.jupiter.api.AssertionsKt.fail(Assertions.kt:27)
		at app//org.junit.jupiter.api.AssertionsKt.fail$default(Assertions.kt:26)
		at app//org.jetbrains.kotlin.test.services.JUnit5Assertions.doesEqualToFile(JUnit5Assertions.kt:56)
		at app//org.jetbrains.kotlin.test.services.JUnit5Assertions.assertEqualsToFile(JUnit5Assertions.kt:76)
		at app//org.jetbrains.kotlin.test.services.JUnit5Assertions.assertEqualsToFile(JUnit5Assertions.kt:32)
		at app//org.jetbrains.kotlin.test.Assertions.assertEqualsToFile(Assertions.kt:15)
		at app//org.jetbrains.kotlin.test.Assertions.assertEqualsToFile$default(Assertions.kt:14)
		at app//org.jetbrains.kotlin.formver.common.services.DiagnosticsCollector.assertEquality(DiagnosticsCollector.kt:98)
		at app//org.jetbrains.kotlin.formver.plugin.services.ViperResultHandler.processModule$lambda$0(VerificationFacade.kt:202)
		at app//org.jetbrains.kotlin.formver.common.services.DiagnosticsCollectorKt.runChecks(DiagnosticsCollector.kt:103)
		... 30 more
	Suppressed: org.opentest4j.AssertionFailedError: Expected data file did not exist. Generating: formver.compiler-plugin/testData/diagnostics/verification/classes/custom_predicates_b1_restricted_type.viper.diag.txt
		at app//org.junit.jupiter.api.AssertionUtils.fail(AssertionUtils.java:42)
		at app//org.junit.jupiter.api.Assertions.fail(Assertions.java:150)
		at app//org.junit.jupiter.api.AssertionsKt.fail(Assertions.kt:27)
		at app//org.junit.jupiter.api.AssertionsKt.fail$default(Assertions.kt:26)
		at app//org.jetbrains.kotlin.test.services.JUnit5Assertions.doesEqualToFile(JUnit5Assertions.kt:56)
		at app//org.jetbrains.kotlin.test.services.JUnit5Assertions.assertEqualsToFile(JUnit5Assertions.kt:76)
		at app//org.jetbrains.kotlin.test.services.JUnit5Assertions.assertEqualsToFile(JUnit5Assertions.kt:32)
		at app//org.jetbrains.kotlin.test.Assertions.assertEqualsToFile(Assertions.kt:15)
		at app//org.jetbrains.kotlin.test.Assertions.assertEqualsToFile$default(Assertions.kt:14)
		at app//org.jetbrains.kotlin.formver.common.services.DiagnosticsCollector.assertEquality(DiagnosticsCollector.kt:98)
		at app//org.jetbrains.kotlin.formver.plugin.services.ViperResultHandler.processModule$lambda$1(VerificationFacade.kt:203)
		at app//org.jetbrains.kotlin.formver.common.services.DiagnosticsCollectorKt.runChecks(DiagnosticsCollector.kt:103)
		... 30 more
	Suppressed: org.opentest4j.AssertionFailedError: Actual data differs from file content: custom_predicates_b1_restricted_type.kt
		at app//org.jetbrains.kotlin.test.services.JUnit5Assertions.assertEqualsToFile(JUnit5Assertions.kt:78)
		at app//org.jetbrains.kotlin.test.services.JUnit5Assertions.assertEqualsToFile(JUnit5Assertions.kt:32)
		at app//org.jetbrains.kotlin.test.Assertions.assertEqualsToFile(Assertions.kt:15)
		at app//org.jetbrains.kotlin.test.Assertions.assertEqualsToFile$default(Assertions.kt:14)
		at app//org.jetbrains.kotlin.formver.common.services.TagCollector.assertFileEqual(TagCollector.kt:116)
		at app//org.jetbrains.kotlin.formver.common.services.TagCollector.assertEqual(TagCollector.kt:106)
		at app//org.jetbrains.kotlin.formver.plugin.services.ViperResultHandler.processModule$lambda$2(VerificationFacade.kt:204)
		at app//org.jetbrains.kotlin.formver.common.services.DiagnosticsCollectorKt.runChecks(DiagnosticsCollector.kt:103)
		... 30 more
Cause 1: org.opentest4j.AssertionFailedError: Expected data file did not exist. Generating: formver.compiler-plugin/testData/diagnostics/verification/classes/custom_predicates_b1_restricted_type.fir.diag.txt
	at app//org.junit.jupiter.api.AssertionUtils.fail(AssertionUtils.java:42)
	at app//org.junit.jupiter.api.Assertions.fail(Assertions.java:150)
	at app//org.junit.jupiter.api.AssertionsKt.fail(Assertions.kt:27)
	at app//org.junit.jupiter.api.AssertionsKt.fail$default(Assertions.kt:26)
	at app//org.jetbrains.kotlin.test.services.JUnit5Assertions.doesEqualToFile(JUnit5Assertions.kt:56)
	at app//org.jetbrains.kotlin.test.services.JUnit5Assertions.assertEqualsToFile(JUnit5Assertions.kt:76)
	at app//org.jetbrains.kotlin.test.services.JUnit5Assertions.assertEqualsToFile(JUnit5Assertions.kt:32)
	at app//org.jetbrains.kotlin.test.Assertions.assertEqualsToFile(Assertions.kt:15)
	at app//org.jetbrains.kotlin.test.Assertions.assertEqualsToFile$default(Assertions.kt:14)
	at app//org.jetbrains.kotlin.formver.common.services.DiagnosticsCollector.assertEquality(DiagnosticsCollector.kt:98)
	at app//org.jetbrains.kotlin.formver.plugin.services.ViperResultHandler.processModule$lambda$0(VerificationFacade.kt:202)
	at app//org.jetbrains.kotlin.formver.common.services.DiagnosticsCollectorKt.runChecks(DiagnosticsCollector.kt:103)
	at app//org.jetbrains.kotlin.formver.plugin.services.ViperResultHandler.processModule(VerificationFacade.kt:200)
	at app//org.jetbrains.kotlin.formver.plugin.services.ViperResultHandler.processModule(VerificationFacade.kt:193)
	at app//org.jetbrains.kotlin.test.TestStep$HandlersStep.processModule(TestStep.kt:83)
	at app//org.jetbrains.kotlin.test.TestStep$HandlersStep.processModule(TestStep.kt:60)
	at app//org.jetbrains.kotlin.test.TestRunner.processModule(TestRunner.kt:206)
	at app//org.jetbrains.kotlin.test.TestRunner.hackyProcessModule(TestRunner.kt:197)
	at app//org.jetbrains.kotlin.test.TestRunner.processModule(TestRunner.kt:141)
	at app//org.jetbrains.kotlin.test.TestRunner.runTestPipeline(TestRunner.kt:92)
	at app//org.jetbrains.kotlin.test.TestRunner.runTestImpl(TestRunner.kt:70)
	at app//org.jetbrains.kotlin.test.TestRunner.runTest(TestRunner.kt:30)
	at app//org.jetbrains.kotlin.test.TestRunner.runTest$default(TestRunner.kt:28)
	at app//org.jetbrains.kotlin.test.runners.AbstractKotlinCompilerTest.runTest(AbstractKotlinCompilerTest.kt:115)
	at app//org.jetbrains.kotlin.formver.plugin.runners.PhasedDiagnosticTestGenerated$Verification$Classes.testCustom_predicates_b1_restricted_type(PhasedDiagnosticTestGenerated.java:357)
	at java.base@21.0.5/java.lang.reflect.Method.invoke(Method.java:580)
	at java.base@21.0.5/java.util.concurrent.RecursiveAction.exec(RecursiveAction.java:194)
	at java.base@21.0.5/java.util.concurrent.ForkJoinTask.doExec(ForkJoinTask.java:387)
	at java.base@21.0.5/java.util.concurrent.ForkJoinPool$WorkQueue.tryRemoveAndExec(ForkJoinPool.java:1351)
	at java.base@21.0.5/java.util.concurrent.ForkJoinTask.awaitDone(ForkJoinTask.java:422)
	at java.base@21.0.5/java.util.concurrent.ForkJoinTask.join(ForkJoinTask.java:651)
	at java.base@21.0.5/java.util.concurrent.RecursiveAction.exec(RecursiveAction.java:194)
	at java.base@21.0.5/java.util.concurrent.ForkJoinTask.doExec(ForkJoinTask.java:387)
	at java.base@21.0.5/java.util.concurrent.ForkJoinPool$WorkQueue.tryRemoveAndExec(ForkJoinPool.java:1351)
	at java.base@21.0.5/java.util.concurrent.ForkJoinTask.awaitDone(ForkJoinTask.java:422)
	at java.base@21.0.5/java.util.concurrent.ForkJoinTask.join(ForkJoinTask.java:651)
	at java.base@21.0.5/java.util.concurrent.RecursiveAction.exec(RecursiveAction.java:194)
	at java.base@21.0.5/java.util.concurrent.ForkJoinTask.doExec(ForkJoinTask.java:387)
	at java.base@21.0.5/java.util.concurrent.ForkJoinPool$WorkQueue.topLevelExec(ForkJoinPool.java:1312)
	at java.base@21.0.5/java.util.concurrent.ForkJoinPool.scan(ForkJoinPool.java:1843)
	at java.base@21.0.5/java.util.concurrent.ForkJoinPool.runWorker(ForkJoinPool.java:1808)
	at java.base@21.0.5/java.util.concurrent.ForkJoinWorkerThread.run(ForkJoinWorkerThread.java:188)
Cause 2: org.opentest4j.AssertionFailedError: Expected data file did not exist. Generating: formver.compiler-plugin/testData/diagnostics/verification/classes/custom_predicates_b1_restricted_type.viper.diag.txt
	at app//org.junit.jupiter.api.AssertionUtils.fail(AssertionUtils.java:42)
	at app//org.junit.jupiter.api.Assertions.fail(Assertions.java:150)
	at app//org.junit.jupiter.api.AssertionsKt.fail(Assertions.kt:27)
	at app//org.junit.jupiter.api.AssertionsKt.fail$default(Assertions.kt:26)
	at app//org.jetbrains.kotlin.test.services.JUnit5Assertions.doesEqualToFile(JUnit5Assertions.kt:56)
	at app//org.jetbrains.kotlin.test.services.JUnit5Assertions.assertEqualsToFile(JUnit5Assertions.kt:76)
	at app//org.jetbrains.kotlin.test.services.JUnit5Assertions.assertEqualsToFile(JUnit5Assertions.kt:32)
	at app//org.jetbrains.kotlin.test.Assertions.assertEqualsToFile(Assertions.kt:15)
	at app//org.jetbrains.kotlin.test.Assertions.assertEqualsToFile$default(Assertions.kt:14)
	at app//org.jetbrains.kotlin.formver.common.services.DiagnosticsCollector.assertEquality(DiagnosticsCollector.kt:98)
	at app//org.jetbrains.kotlin.formver.plugin.services.ViperResultHandler.processModule$lambda$1(VerificationFacade.kt:203)
	at app//org.jetbrains.kotlin.formver.common.services.DiagnosticsCollectorKt.runChecks(DiagnosticsCollector.kt:103)
	at app//org.jetbrains.kotlin.formver.plugin.services.ViperResultHandler.processModule(VerificationFacade.kt:200)
	at app//org.jetbrains.kotlin.formver.plugin.services.ViperResultHandler.processModule(VerificationFacade.kt:193)
	at app//org.jetbrains.kotlin.test.TestStep$HandlersStep.processModule(TestStep.kt:83)
	at app//org.jetbrains.kotlin.test.TestStep$HandlersStep.processModule(TestStep.kt:60)
	at app//org.jetbrains.kotlin.test.TestRunner.processModule(TestRunner.kt:206)
	at app//org.jetbrains.kotlin.test.TestRunner.hackyProcessModule(TestRunner.kt:197)
	at app//org.jetbrains.kotlin.test.TestRunner.processModule(TestRunner.kt:141)
	at app//org.jetbrains.kotlin.test.TestRunner.runTestPipeline(TestRunner.kt:92)
	at app//org.jetbrains.kotlin.test.TestRunner.runTestImpl(TestRunner.kt:70)
	at app//org.jetbrains.kotlin.test.TestRunner.runTest(TestRunner.kt:30)
	at app//org.jetbrains.kotlin.test.TestRunner.runTest$default(TestRunner.kt:28)
	at app//org.jetbrains.kotlin.test.runners.AbstractKotlinCompilerTest.runTest(AbstractKotlinCompilerTest.kt:115)
	at app//org.jetbrains.kotlin.formver.plugin.runners.PhasedDiagnosticTestGenerated$Verification$Classes.testCustom_predicates_b1_restricted_type(PhasedDiagnosticTestGenerated.java:357)
	at java.base@21.0.5/java.lang.reflect.Method.invoke(Method.java:580)
	at java.base@21.0.5/java.util.concurrent.RecursiveAction.exec(RecursiveAction.java:194)
	at java.base@21.0.5/java.util.concurrent.ForkJoinTask.doExec(ForkJoinTask.java:387)
	at java.base@21.0.5/java.util.concurrent.ForkJoinPool$WorkQueue.tryRemoveAndExec(ForkJoinPool.java:1351)
	at java.base@21.0.5/java.util.concurrent.ForkJoinTask.awaitDone(ForkJoinTask.java:422)
	at java.base@21.0.5/java.util.concurrent.ForkJoinTask.join(ForkJoinTask.java:651)
	at java.base@21.0.5/java.util.concurrent.RecursiveAction.exec(RecursiveAction.java:194)
	at java.base@21.0.5/java.util.concurrent.ForkJoinTask.doExec(ForkJoinTask.java:387)
	at java.base@21.0.5/java.util.concurrent.ForkJoinPool$WorkQueue.tryRemoveAndExec(ForkJoinPool.java:1351)
	at java.base@21.0.5/java.util.concurrent.ForkJoinTask.awaitDone(ForkJoinTask.java:422)
	at java.base@21.0.5/java.util.concurrent.ForkJoinTask.join(ForkJoinTask.java:651)
	at java.base@21.0.5/java.util.concurrent.RecursiveAction.exec(RecursiveAction.java:194)
	at java.base@21.0.5/java.util.concurrent.ForkJoinTask.doExec(ForkJoinTask.java:387)
	at java.base@21.0.5/java.util.concurrent.ForkJoinPool$WorkQueue.topLevelExec(ForkJoinPool.java:1312)
	at java.base@21.0.5/java.util.concurrent.ForkJoinPool.scan(ForkJoinPool.java:1843)
	at java.base@21.0.5/java.util.concurrent.ForkJoinPool.runWorker(ForkJoinPool.java:1808)
	at java.base@21.0.5/java.util.concurrent.ForkJoinWorkerThread.run(ForkJoinWorkerThread.java:188)
Cause 3: org.opentest4j.AssertionFailedError: Actual data differs from file content: custom_predicates_b1_restricted_type.kt
	at app//org.jetbrains.kotlin.test.services.JUnit5Assertions.assertEqualsToFile(JUnit5Assertions.kt:78)
	at app//org.jetbrains.kotlin.test.services.JUnit5Assertions.assertEqualsToFile(JUnit5Assertions.kt:32)
	at app//org.jetbrains.kotlin.test.Assertions.assertEqualsToFile(Assertions.kt:15)
	at app//org.jetbrains.kotlin.test.Assertions.assertEqualsToFile$default(Assertions.kt:14)
	at app//org.jetbrains.kotlin.formver.common.services.TagCollector.assertFileEqual(TagCollector.kt:116)
	at app//org.jetbrains.kotlin.formver.common.services.TagCollector.assertEqual(TagCollector.kt:106)
	at app//org.jetbrains.kotlin.formver.plugin.services.ViperResultHandler.processModule$lambda$2(VerificationFacade.kt:204)
	at app//org.jetbrains.kotlin.formver.common.services.DiagnosticsCollectorKt.runChecks(DiagnosticsCollector.kt:103)
	at app//org.jetbrains.kotlin.formver.plugin.services.ViperResultHandler.processModule(VerificationFacade.kt:200)
	at app//org.jetbrains.kotlin.formver.plugin.services.ViperResultHandler.processModule(VerificationFacade.kt:193)
	at app//org.jetbrains.kotlin.test.TestStep$HandlersStep.processModule(TestStep.kt:83)
	at app//org.jetbrains.kotlin.test.TestStep$HandlersStep.processModule(TestStep.kt:60)
	at app//org.jetbrains.kotlin.test.TestRunner.processModule(TestRunner.kt:206)
	at app//org.jetbrains.kotlin.test.TestRunner.hackyProcessModule(TestRunner.kt:197)
	at app//org.jetbrains.kotlin.test.TestRunner.processModule(TestRunner.kt:141)
	at app//org.jetbrains.kotlin.test.TestRunner.runTestPipeline(TestRunner.kt:92)
	at app//org.jetbrains.kotlin.test.TestRunner.runTestImpl(TestRunner.kt:70)
	at app//org.jetbrains.kotlin.test.TestRunner.runTest(TestRunner.kt:30)
	at app//org.jetbrains.kotlin.test.TestRunner.runTest$default(TestRunner.kt:28)
	at app//org.jetbrains.kotlin.test.runners.AbstractKotlinCompilerTest.runTest(AbstractKotlinCompilerTest.kt:115)
	at app//org.jetbrains.kotlin.formver.plugin.runners.PhasedDiagnosticTestGenerated$Verification$Classes.testCustom_predicates_b1_restricted_type(PhasedDiagnosticTestGenerated.java:357)
	at java.base@21.0.5/java.lang.reflect.Method.invoke(Method.java:580)
	at java.base@21.0.5/java.util.concurrent.RecursiveAction.exec(RecursiveAction.java:194)
	at java.base@21.0.5/java.util.concurrent.ForkJoinTask.doExec(ForkJoinTask.java:387)
	at java.base@21.0.5/java.util.concurrent.ForkJoinPool$WorkQueue.tryRemoveAndExec(ForkJoinPool.java:1351)
	at java.base@21.0.5/java.util.concurrent.ForkJoinTask.awaitDone(ForkJoinTask.java:422)
	at java.base@21.0.5/java.util.concurrent.ForkJoinTask.join(ForkJoinTask.java:651)
	at java.base@21.0.5/java.util.concurrent.RecursiveAction.exec(RecursiveAction.java:194)
	at java.base@21.0.5/java.util.concurrent.ForkJoinTask.doExec(ForkJoinTask.java:387)
	at java.base@21.0.5/java.util.concurrent.ForkJoinPool$WorkQueue.tryRemoveAndExec(ForkJoinPool.java:1351)
	at java.base@21.0.5/java.util.concurrent.ForkJoinTask.awaitDone(ForkJoinTask.java:422)
	at java.base@21.0.5/java.util.concurrent.ForkJoinTask.join(ForkJoinTask.java:651)
	at java.base@21.0.5/java.util.concurrent.RecursiveAction.exec(RecursiveAction.java:194)
	at java.base@21.0.5/java.util.concurrent.ForkJoinTask.doExec(ForkJoinTask.java:387)
	at java.base@21.0.5/java.util.concurrent.ForkJoinPool$WorkQueue.topLevelExec(ForkJoinPool.java:1312)
	at java.base@21.0.5/java.util.concurrent.ForkJoinPool.scan(ForkJoinPool.java:1843)
	at java.base@21.0.5/java.util.concurrent.ForkJoinPool.runWorker(ForkJoinPool.java:1808)
	at java.base@21.0.5/java.util.concurrent.ForkJoinWorkerThread.run(ForkJoinWorkerThread.java:188)
</failure>
  </testcase>
  <testcase name="testCustom_predicates()" classname="org.jetbrains.kotlin.formver.plugin.runners.PhasedDiagnosticTestGenerated$Verification$Classes" time="9.969"/>
  <testcase name="testPrimary_constructors()" classname="org.jetbrains.kotlin.formver.plugin.runners.PhasedDiagnosticTestGenerated$Verification$Classes" time="12.249"/>
  <testcase name="testMember_functions()" classname="org.jetbrains.kotlin.formver.plugin.runners.PhasedDiagnosticTestGenerated$Verification$Classes" time="14.928"/>
  <testcase name="testCustom_predicates_b1_linked_nullability()" classname="org.jetbrains.kotlin.formver.plugin.runners.PhasedDiagnosticTestGenerated$Verification$Classes" time="11.255">
    <failure message="org.gradle.internal.exceptions.DefaultMultiCauseException: Multiple Failures (3 failures)&#10;&#9;org.opentest4j.AssertionFailedError: Expected data file did not exist. Generating: formver.compiler-plugin/testData/diagnostics/verification/classes/custom_predicates_b1_linked_nullability.fir.diag.txt&#10;&#9;org.opentest4j.AssertionFailedError: Expected data file did not exist. Generating: formver.compiler-plugin/testData/diagnostics/verification/classes/custom_predicates_b1_linked_nullability.viper.diag.txt&#10;&#9;org.opentest4j.AssertionFailedError: Actual data differs from file content: custom_predicates_b1_linked_nullability.kt" type="org.gradle.internal.exceptions.DefaultMultiCauseException">org.gradle.internal.exceptions.DefaultMultiCauseException: Multiple Failures (3 failures)
	org.opentest4j.AssertionFailedError: Expected data file did not exist. Generating: formver.compiler-plugin/testData/diagnostics/verification/classes/custom_predicates_b1_linked_nullability.fir.diag.txt
	org.opentest4j.AssertionFailedError: Expected data file did not exist. Generating: formver.compiler-plugin/testData/diagnostics/verification/classes/custom_predicates_b1_linked_nullability.viper.diag.txt
	org.opentest4j.AssertionFailedError: Actual data differs from file content: custom_predicates_b1_linked_nullability.kt
	at app//org.junit.jupiter.api.AssertAll.assertAll(AssertAll.java:80)
	at app//org.junit.jupiter.api.AssertAll.assertAll(AssertAll.java:54)
	at app//org.junit.jupiter.api.AssertAll.assertAll(AssertAll.java:48)
	at app//org.junit.jupiter.api.Assertions.assertAll(Assertions.java:2978)
	at app//org.jetbrains.kotlin.test.services.JUnit5Assertions.failAll(JUnit5Assertions.kt:104)
	at app//org.jetbrains.kotlin.formver.common.services.DiagnosticsCollectorKt.runChecks(DiagnosticsCollector.kt:104)
	at app//org.jetbrains.kotlin.formver.plugin.services.ViperResultHandler.processModule(VerificationFacade.kt:200)
	at app//org.jetbrains.kotlin.formver.plugin.services.ViperResultHandler.processModule(VerificationFacade.kt:193)
	at app//org.jetbrains.kotlin.test.TestStep$HandlersStep.processModule(TestStep.kt:83)
	at app//org.jetbrains.kotlin.test.TestStep$HandlersStep.processModule(TestStep.kt:60)
	at app//org.jetbrains.kotlin.test.TestRunner.processModule(TestRunner.kt:206)
	at app//org.jetbrains.kotlin.test.TestRunner.hackyProcessModule(TestRunner.kt:197)
	at app//org.jetbrains.kotlin.test.TestRunner.processModule(TestRunner.kt:141)
	at app//org.jetbrains.kotlin.test.TestRunner.runTestPipeline(TestRunner.kt:92)
	at app//org.jetbrains.kotlin.test.TestRunner.runTestImpl(TestRunner.kt:70)
	at app//org.jetbrains.kotlin.test.TestRunner.runTest(TestRunner.kt:30)
	at app//org.jetbrains.kotlin.test.TestRunner.runTest$default(TestRunner.kt:28)
	at app//org.jetbrains.kotlin.test.runners.AbstractKotlinCompilerTest.runTest(AbstractKotlinCompilerTest.kt:115)
	at app//org.jetbrains.kotlin.formver.plugin.runners.PhasedDiagnosticTestGenerated$Verification$Classes.testCustom_predicates_b1_linked_nullability(PhasedDiagnosticTestGenerated.java:351)
	at java.base@21.0.5/java.lang.reflect.Method.invoke(Method.java:580)
	at java.base@21.0.5/java.util.concurrent.RecursiveAction.exec(RecursiveAction.java:194)
	at java.base@21.0.5/java.util.concurrent.ForkJoinTask.doExec(ForkJoinTask.java:387)
	at java.base@21.0.5/java.util.concurrent.ForkJoinPool$WorkQueue.topLevelExec(ForkJoinPool.java:1312)
	at java.base@21.0.5/java.util.concurrent.ForkJoinPool.scan(ForkJoinPool.java:1843)
	at java.base@21.0.5/java.util.concurrent.ForkJoinPool.runWorker(ForkJoinPool.java:1808)
	at java.base@21.0.5/java.util.concurrent.ForkJoinWorkerThread.run(ForkJoinWorkerThread.java:188)
	Suppressed: org.opentest4j.AssertionFailedError: Expected data file did not exist. Generating: formver.compiler-plugin/testData/diagnostics/verification/classes/custom_predicates_b1_linked_nullability.fir.diag.txt
		at app//org.junit.jupiter.api.AssertionUtils.fail(AssertionUtils.java:42)
		at app//org.junit.jupiter.api.Assertions.fail(Assertions.java:150)
		at app//org.junit.jupiter.api.AssertionsKt.fail(Assertions.kt:27)
		at app//org.junit.jupiter.api.AssertionsKt.fail$default(Assertions.kt:26)
		at app//org.jetbrains.kotlin.test.services.JUnit5Assertions.doesEqualToFile(JUnit5Assertions.kt:56)
		at app//org.jetbrains.kotlin.test.services.JUnit5Assertions.assertEqualsToFile(JUnit5Assertions.kt:76)
		at app//org.jetbrains.kotlin.test.services.JUnit5Assertions.assertEqualsToFile(JUnit5Assertions.kt:32)
		at app//org.jetbrains.kotlin.test.Assertions.assertEqualsToFile(Assertions.kt:15)
		at app//org.jetbrains.kotlin.test.Assertions.assertEqualsToFile$default(Assertions.kt:14)
		at app//org.jetbrains.kotlin.formver.common.services.DiagnosticsCollector.assertEquality(DiagnosticsCollector.kt:98)
		at app//org.jetbrains.kotlin.formver.plugin.services.ViperResultHandler.processModule$lambda$0(VerificationFacade.kt:202)
		at app//org.jetbrains.kotlin.formver.common.services.DiagnosticsCollectorKt.runChecks(DiagnosticsCollector.kt:103)
		... 20 more
	Suppressed: org.opentest4j.AssertionFailedError: Expected data file did not exist. Generating: formver.compiler-plugin/testData/diagnostics/verification/classes/custom_predicates_b1_linked_nullability.viper.diag.txt
		at app//org.junit.jupiter.api.AssertionUtils.fail(AssertionUtils.java:42)
		at app//org.junit.jupiter.api.Assertions.fail(Assertions.java:150)
		at app//org.junit.jupiter.api.AssertionsKt.fail(Assertions.kt:27)
		at app//org.junit.jupiter.api.AssertionsKt.fail$default(Assertions.kt:26)
		at app//org.jetbrains.kotlin.test.services.JUnit5Assertions.doesEqualToFile(JUnit5Assertions.kt:56)
		at app//org.jetbrains.kotlin.test.services.JUnit5Assertions.assertEqualsToFile(JUnit5Assertions.kt:76)
		at app//org.jetbrains.kotlin.test.services.JUnit5Assertions.assertEqualsToFile(JUnit5Assertions.kt:32)
		at app//org.jetbrains.kotlin.test.Assertions.assertEqualsToFile(Assertions.kt:15)
		at app//org.jetbrains.kotlin.test.Assertions.assertEqualsToFile$default(Assertions.kt:14)
		at app//org.jetbrains.kotlin.formver.common.services.DiagnosticsCollector.assertEquality(DiagnosticsCollector.kt:98)
		at app//org.jetbrains.kotlin.formver.plugin.services.ViperResultHandler.processModule$lambda$1(VerificationFacade.kt:203)
		at app//org.jetbrains.kotlin.formver.common.services.DiagnosticsCollectorKt.runChecks(DiagnosticsCollector.kt:103)
		... 20 more
	Suppressed: org.opentest4j.AssertionFailedError: Actual data differs from file content: custom_predicates_b1_linked_nullability.kt
		at app//org.jetbrains.kotlin.test.services.JUnit5Assertions.assertEqualsToFile(JUnit5Assertions.kt:78)
		at app//org.jetbrains.kotlin.test.services.JUnit5Assertions.assertEqualsToFile(JUnit5Assertions.kt:32)
		at app//org.jetbrains.kotlin.test.Assertions.assertEqualsToFile(Assertions.kt:15)
		at app//org.jetbrains.kotlin.test.Assertions.assertEqualsToFile$default(Assertions.kt:14)
		at app//org.jetbrains.kotlin.formver.common.services.TagCollector.assertFileEqual(TagCollector.kt:116)
		at app//org.jetbrains.kotlin.formver.common.services.TagCollector.assertEqual(TagCollector.kt:106)
		at app//org.jetbrains.kotlin.formver.plugin.services.ViperResultHandler.processModule$lambda$2(VerificationFacade.kt:204)
		at app//org.jetbrains.kotlin.formver.common.services.DiagnosticsCollectorKt.runChecks(DiagnosticsCollector.kt:103)
		... 20 more
Cause 1: org.opentest4j.AssertionFailedError: Expected data file did not exist. Generating: formver.compiler-plugin/testData/diagnostics/verification/classes/custom_predicates_b1_linked_nullability.fir.diag.txt
	at app//org.junit.jupiter.api.AssertionUtils.fail(AssertionUtils.java:42)
	at app//org.junit.jupiter.api.Assertions.fail(Assertions.java:150)
	at app//org.junit.jupiter.api.AssertionsKt.fail(Assertions.kt:27)
	at app//org.junit.jupiter.api.AssertionsKt.fail$default(Assertions.kt:26)
	at app//org.jetbrains.kotlin.test.services.JUnit5Assertions.doesEqualToFile(JUnit5Assertions.kt:56)
	at app//org.jetbrains.kotlin.test.services.JUnit5Assertions.assertEqualsToFile(JUnit5Assertions.kt:76)
	at app//org.jetbrains.kotlin.test.services.JUnit5Assertions.assertEqualsToFile(JUnit5Assertions.kt:32)
	at app//org.jetbrains.kotlin.test.Assertions.assertEqualsToFile(Assertions.kt:15)
	at app//org.jetbrains.kotlin.test.Assertions.assertEqualsToFile$default(Assertions.kt:14)
	at app//org.jetbrains.kotlin.formver.common.services.DiagnosticsCollector.assertEquality(DiagnosticsCollector.kt:98)
	at app//org.jetbrains.kotlin.formver.plugin.services.ViperResultHandler.processModule$lambda$0(VerificationFacade.kt:202)
	at app//org.jetbrains.kotlin.formver.common.services.DiagnosticsCollectorKt.runChecks(DiagnosticsCollector.kt:103)
	at app//org.jetbrains.kotlin.formver.plugin.services.ViperResultHandler.processModule(VerificationFacade.kt:200)
	at app//org.jetbrains.kotlin.formver.plugin.services.ViperResultHandler.processModule(VerificationFacade.kt:193)
	at app//org.jetbrains.kotlin.test.TestStep$HandlersStep.processModule(TestStep.kt:83)
	at app//org.jetbrains.kotlin.test.TestStep$HandlersStep.processModule(TestStep.kt:60)
	at app//org.jetbrains.kotlin.test.TestRunner.processModule(TestRunner.kt:206)
	at app//org.jetbrains.kotlin.test.TestRunner.hackyProcessModule(TestRunner.kt:197)
	at app//org.jetbrains.kotlin.test.TestRunner.processModule(TestRunner.kt:141)
	at app//org.jetbrains.kotlin.test.TestRunner.runTestPipeline(TestRunner.kt:92)
	at app//org.jetbrains.kotlin.test.TestRunner.runTestImpl(TestRunner.kt:70)
	at app//org.jetbrains.kotlin.test.TestRunner.runTest(TestRunner.kt:30)
	at app//org.jetbrains.kotlin.test.TestRunner.runTest$default(TestRunner.kt:28)
	at app//org.jetbrains.kotlin.test.runners.AbstractKotlinCompilerTest.runTest(AbstractKotlinCompilerTest.kt:115)
	at app//org.jetbrains.kotlin.formver.plugin.runners.PhasedDiagnosticTestGenerated$Verification$Classes.testCustom_predicates_b1_linked_nullability(PhasedDiagnosticTestGenerated.java:351)
	at java.base@21.0.5/java.lang.reflect.Method.invoke(Method.java:580)
	at java.base@21.0.5/java.util.concurrent.RecursiveAction.exec(RecursiveAction.java:194)
	at java.base@21.0.5/java.util.concurrent.ForkJoinTask.doExec(ForkJoinTask.java:387)
	at java.base@21.0.5/java.util.concurrent.ForkJoinPool$WorkQueue.topLevelExec(ForkJoinPool.java:1312)
	at java.base@21.0.5/java.util.concurrent.ForkJoinPool.scan(ForkJoinPool.java:1843)
	at java.base@21.0.5/java.util.concurrent.ForkJoinPool.runWorker(ForkJoinPool.java:1808)
	at java.base@21.0.5/java.util.concurrent.ForkJoinWorkerThread.run(ForkJoinWorkerThread.java:188)
Cause 2: org.opentest4j.AssertionFailedError: Expected data file did not exist. Generating: formver.compiler-plugin/testData/diagnostics/verification/classes/custom_predicates_b1_linked_nullability.viper.diag.txt
	at app//org.junit.jupiter.api.AssertionUtils.fail(AssertionUtils.java:42)
	at app//org.junit.jupiter.api.Assertions.fail(Assertions.java:150)
	at app//org.junit.jupiter.api.AssertionsKt.fail(Assertions.kt:27)
	at app//org.junit.jupiter.api.AssertionsKt.fail$default(Assertions.kt:26)
	at app//org.jetbrains.kotlin.test.services.JUnit5Assertions.doesEqualToFile(JUnit5Assertions.kt:56)
	at app//org.jetbrains.kotlin.test.services.JUnit5Assertions.assertEqualsToFile(JUnit5Assertions.kt:76)
	at app//org.jetbrains.kotlin.test.services.JUnit5Assertions.assertEqualsToFile(JUnit5Assertions.kt:32)
	at app//org.jetbrains.kotlin.test.Assertions.assertEqualsToFile(Assertions.kt:15)
	at app//org.jetbrains.kotlin.test.Assertions.assertEqualsToFile$default(Assertions.kt:14)
	at app//org.jetbrains.kotlin.formver.common.services.DiagnosticsCollector.assertEquality(DiagnosticsCollector.kt:98)
	at app//org.jetbrains.kotlin.formver.plugin.services.ViperResultHandler.processModule$lambda$1(VerificationFacade.kt:203)
	at app//org.jetbrains.kotlin.formver.common.services.DiagnosticsCollectorKt.runChecks(DiagnosticsCollector.kt:103)
	at app//org.jetbrains.kotlin.formver.plugin.services.ViperResultHandler.processModule(VerificationFacade.kt:200)
	at app//org.jetbrains.kotlin.formver.plugin.services.ViperResultHandler.processModule(VerificationFacade.kt:193)
	at app//org.jetbrains.kotlin.test.TestStep$HandlersStep.processModule(TestStep.kt:83)
	at app//org.jetbrains.kotlin.test.TestStep$HandlersStep.processModule(TestStep.kt:60)
	at app//org.jetbrains.kotlin.test.TestRunner.processModule(TestRunner.kt:206)
	at app//org.jetbrains.kotlin.test.TestRunner.hackyProcessModule(TestRunner.kt:197)
	at app//org.jetbrains.kotlin.test.TestRunner.processModule(TestRunner.kt:141)
	at app//org.jetbrains.kotlin.test.TestRunner.runTestPipeline(TestRunner.kt:92)
	at app//org.jetbrains.kotlin.test.TestRunner.runTestImpl(TestRunner.kt:70)
	at app//org.jetbrains.kotlin.test.TestRunner.runTest(TestRunner.kt:30)
	at app//org.jetbrains.kotlin.test.TestRunner.runTest$default(TestRunner.kt:28)
	at app//org.jetbrains.kotlin.test.runners.AbstractKotlinCompilerTest.runTest(AbstractKotlinCompilerTest.kt:115)
	at app//org.jetbrains.kotlin.formver.plugin.runners.PhasedDiagnosticTestGenerated$Verification$Classes.testCustom_predicates_b1_linked_nullability(PhasedDiagnosticTestGenerated.java:351)
	at java.base@21.0.5/java.lang.reflect.Method.invoke(Method.java:580)
	at java.base@21.0.5/java.util.concurrent.RecursiveAction.exec(RecursiveAction.java:194)
	at java.base@21.0.5/java.util.concurrent.ForkJoinTask.doExec(ForkJoinTask.java:387)
	at java.base@21.0.5/java.util.concurrent.ForkJoinPool$WorkQueue.topLevelExec(ForkJoinPool.java:1312)
	at java.base@21.0.5/java.util.concurrent.ForkJoinPool.scan(ForkJoinPool.java:1843)
	at java.base@21.0.5/java.util.concurrent.ForkJoinPool.runWorker(ForkJoinPool.java:1808)
	at java.base@21.0.5/java.util.concurrent.ForkJoinWorkerThread.run(ForkJoinWorkerThread.java:188)
Cause 3: org.opentest4j.AssertionFailedError: Actual data differs from file content: custom_predicates_b1_linked_nullability.kt
	at app//org.jetbrains.kotlin.test.services.JUnit5Assertions.assertEqualsToFile(JUnit5Assertions.kt:78)
	at app//org.jetbrains.kotlin.test.services.JUnit5Assertions.assertEqualsToFile(JUnit5Assertions.kt:32)
	at app//org.jetbrains.kotlin.test.Assertions.assertEqualsToFile(Assertions.kt:15)
	at app//org.jetbrains.kotlin.test.Assertions.assertEqualsToFile$default(Assertions.kt:14)
	at app//org.jetbrains.kotlin.formver.common.services.TagCollector.assertFileEqual(TagCollector.kt:116)
	at app//org.jetbrains.kotlin.formver.common.services.TagCollector.assertEqual(TagCollector.kt:106)
	at app//org.jetbrains.kotlin.formver.plugin.services.ViperResultHandler.processModule$lambda$2(VerificationFacade.kt:204)
	at app//org.jetbrains.kotlin.formver.common.services.DiagnosticsCollectorKt.runChecks(DiagnosticsCollector.kt:103)
	at app//org.jetbrains.kotlin.formver.plugin.services.ViperResultHandler.processModule(VerificationFacade.kt:200)
	at app//org.jetbrains.kotlin.formver.plugin.services.ViperResultHandler.processModule(VerificationFacade.kt:193)
	at app//org.jetbrains.kotlin.test.TestStep$HandlersStep.processModule(TestStep.kt:83)
	at app//org.jetbrains.kotlin.test.TestStep$HandlersStep.processModule(TestStep.kt:60)
	at app//org.jetbrains.kotlin.test.TestRunner.processModule(TestRunner.kt:206)
	at app//org.jetbrains.kotlin.test.TestRunner.hackyProcessModule(TestRunner.kt:197)
	at app//org.jetbrains.kotlin.test.TestRunner.processModule(TestRunner.kt:141)
	at app//org.jetbrains.kotlin.test.TestRunner.runTestPipeline(TestRunner.kt:92)
	at app//org.jetbrains.kotlin.test.TestRunner.runTestImpl(TestRunner.kt:70)
	at app//org.jetbrains.kotlin.test.TestRunner.runTest(TestRunner.kt:30)
	at app//org.jetbrains.kotlin.test.TestRunner.runTest$default(TestRunner.kt:28)
	at app//org.jetbrains.kotlin.test.runners.AbstractKotlinCompilerTest.runTest(AbstractKotlinCompilerTest.kt:115)
	at app//org.jetbrains.kotlin.formver.plugin.runners.PhasedDiagnosticTestGenerated$Verification$Classes.testCustom_predicates_b1_linked_nullability(PhasedDiagnosticTestGenerated.java:351)
	at java.base@21.0.5/java.lang.reflect.Method.invoke(Method.java:580)
	at java.base@21.0.5/java.util.concurrent.RecursiveAction.exec(RecursiveAction.java:194)
	at java.base@21.0.5/java.util.concurrent.ForkJoinTask.doExec(ForkJoinTask.java:387)
	at java.base@21.0.5/java.util.concurrent.ForkJoinPool$WorkQueue.topLevelExec(ForkJoinPool.java:1312)
	at java.base@21.0.5/java.util.concurrent.ForkJoinPool.scan(ForkJoinPool.java:1843)
	at java.base@21.0.5/java.util.concurrent.ForkJoinPool.runWorker(ForkJoinPool.java:1808)
	at java.base@21.0.5/java.util.concurrent.ForkJoinWorkerThread.run(ForkJoinWorkerThread.java:188)
</failure>
  </testcase>
  <testcase name="testUnique_fields()" classname="org.jetbrains.kotlin.formver.plugin.runners.PhasedDiagnosticTestGenerated$Verification$Classes" time="34.757"/>
  <system-out><![CDATA[]]></system-out>
  <system-err><![CDATA[warning: classpath entry points to a non-existent location: /home/silverbot/dev/SnaKt-wip11/compiler/testData/mockJDK/jre/lib/rt.jar
warning: classpath entry points to a non-existent location: /home/silverbot/dev/SnaKt-wip11/compiler/testData/mockJDK/jre/lib/rt.jar
warning: classpath entry points to a non-existent location: /home/silverbot/dev/SnaKt-wip11/compiler/testData/mockJDK/jre/lib/rt.jar
warning: classpath entry points to a non-existent location: /home/silverbot/dev/SnaKt-wip11/compiler/testData/mockJDK/jre/lib/rt.jar
warning: classpath entry points to a non-existent location: /home/silverbot/dev/SnaKt-wip11/compiler/testData/mockJDK/jre/lib/rt.jar
warning: classpath entry points to a non-existent location: /home/silverbot/dev/SnaKt-wip11/compiler/testData/mockJDK/jre/lib/rt.jar
warning: classpath entry points to a non-existent location: /home/silverbot/dev/SnaKt-wip11/compiler/testData/mockJDK/jre/lib/rt.jar
warning: classpath entry points to a non-existent location: /home/silverbot/dev/SnaKt-wip11/compiler/testData/mockJDK/jre/lib/rt.jar
warning: classpath entry points to a non-existent location: /home/silverbot/dev/SnaKt-wip11/compiler/testData/mockJDK/jre/lib/rt.jar
warning: classpath entry points to a non-existent location: /home/silverbot/dev/SnaKt-wip11/compiler/testData/mockJDK/jre/lib/rt.jar
warning: classpath entry points to a non-existent location: /home/silverbot/dev/SnaKt-wip11/compiler/testData/mockJDK/jre/lib/rt.jar
warning: classpath entry points to a non-existent location: /home/silverbot/dev/SnaKt-wip11/compiler/testData/mockJDK/jre/lib/rt.jar
]]></system-err>
</testsuite>
