<?xml version="1.0" encoding="UTF-8"?>
<testsuite name="org.jetbrains.kotlin.formver.plugin.runners.PhasedDiagnosticTestGenerated$Verification$Contracts" tests="1" skipped="0" failures="0" errors="0" timestamp="2026-07-30T15:12:16.916Z" hostname="jesyspa.dev" time="0.004">
  <properties/>
  <testcase name="testAllFilesPresentInContracts()" classname="org.jetbrains.kotlin.formver.plugin.runners.PhasedDiagnosticTestGenerated$Verification$Contracts" time="0.004"/>
  <system-out><![CDATA[]]></system-out>
  <system-err><![CDATA[]]></system-err>
</testsuite>
