<?xml version="1.0" encoding="UTF-8"?>
<testsuite name="org.jetbrains.kotlin.formver.plugin.runners.PhasedDiagnosticTestGenerated$Stdlib$List" tests="4" skipped="0" failures="0" errors="0" timestamp="2026-07-30T15:06:48.778Z" hostname="jesyspa.dev" time="119.529">
  <properties/>
  <testcase name="testCustom_list()" classname="org.jetbrains.kotlin.formver.plugin.runners.PhasedDiagnosticTestGenerated$Stdlib$List" time="67.743"/>
  <testcase name="testAllFilesPresentInList()" classname="org.jetbrains.kotlin.formver.plugin.runners.PhasedDiagnosticTestGenerated$Stdlib$List" time="0.015"/>
  <testcase name="testBinary_search()" classname="org.jetbrains.kotlin.formver.plugin.runners.PhasedDiagnosticTestGenerated$Stdlib$List" time="19.316"/>
  <testcase name="testList()" classname="org.jetbrains.kotlin.formver.plugin.runners.PhasedDiagnosticTestGenerated$Stdlib$List" time="32.422"/>
  <system-out><![CDATA[]]></system-out>
  <system-err><![CDATA[]]></system-err>
</testsuite>
