<?xml version="1.0" encoding="UTF-8"?>
<testsuite name="org.jetbrains.kotlin.formver.plugin.runners.PhasedDiagnosticTestGenerated" tests="1" skipped="0" failures="0" errors="0" timestamp="2026-07-30T15:06:48.774Z" hostname="jesyspa.dev" time="0.122">
  <properties/>
  <testcase name="testAllFilesPresentInDiagnostics()" classname="org.jetbrains.kotlin.formver.plugin.runners.PhasedDiagnosticTestGenerated" time="0.122"/>
  <system-out><![CDATA[]]></system-out>
  <system-err><![CDATA[]]></system-err>
</testsuite>
