<?xml version="1.0" encoding="UTF-8"?>
<testsuite name="org.jetbrains.kotlin.formver.plugin.runners.PhasedDiagnosticTestGenerated$Stdlib$String" tests="3" skipped="0" failures="0" errors="0" timestamp="2026-07-30T15:08:48.350Z" hostname="jesyspa.dev" time="19.706">
  <properties/>
  <testcase name="testStrings()" classname="org.jetbrains.kotlin.formver.plugin.runners.PhasedDiagnosticTestGenerated$Stdlib$String" time="15.96"/>
  <testcase name="testAllFilesPresentInString()" classname="org.jetbrains.kotlin.formver.plugin.runners.PhasedDiagnosticTestGenerated$Stdlib$String" time="0.004"/>
  <testcase name="testChars()" classname="org.jetbrains.kotlin.formver.plugin.runners.PhasedDiagnosticTestGenerated$Stdlib$String" time="3.731"/>
  <system-out><![CDATA[]]></system-out>
  <system-err><![CDATA[]]></system-err>
</testsuite>
