<?xml version="1.0" encoding="UTF-8"?>
<testsuite name="org.jetbrains.kotlin.formver.plugin.runners.PhasedDiagnosticTestGenerated$Verification$Inlining" tests="6" skipped="0" failures="0" errors="0" timestamp="2026-07-30T15:10:16.483Z" hostname="jesyspa.dev" time="134.545">
  <properties/>
  <testcase name="testInline_returns()" classname="org.jetbrains.kotlin.formver.plugin.runners.PhasedDiagnosticTestGenerated$Verification$Inlining" time="24.664"/>
  <testcase name="testCustom_run_functions()" classname="org.jetbrains.kotlin.formver.plugin.runners.PhasedDiagnosticTestGenerated$Verification$Inlining" time="21.799"/>
  <testcase name="testScoped_receivers()" classname="org.jetbrains.kotlin.formver.plugin.runners.PhasedDiagnosticTestGenerated$Verification$Inlining" time="5.271"/>
  <testcase name="testViper_casts_while_inlining()" classname="org.jetbrains.kotlin.formver.plugin.runners.PhasedDiagnosticTestGenerated$Verification$Inlining" time="27.746"/>
  <testcase name="testAllFilesPresentInInlining()" classname="org.jetbrains.kotlin.formver.plugin.runners.PhasedDiagnosticTestGenerated$Verification$Inlining" time="0.013"/>
  <testcase name="testLambdas()" classname="org.jetbrains.kotlin.formver.plugin.runners.PhasedDiagnosticTestGenerated$Verification$Inlining" time="55.033"/>
  <system-out><![CDATA[]]></system-out>
  <system-err><![CDATA[]]></system-err>
</testsuite>
