<?xml version="1.0" encoding="UTF-8"?>
<testsuite name="org.jetbrains.kotlin.formver.plugin.runners.PhasedDiagnosticTestGenerated$Uniqueness_checker" tests="18" skipped="0" failures="0" errors="0" timestamp="2026-07-30T15:06:48.778Z" hostname="jesyspa.dev" time="20.04">
  <properties/>
  <testcase name="testShare_property()" classname="org.jetbrains.kotlin.formver.plugin.runners.PhasedDiagnosticTestGenerated$Uniqueness_checker" time="9.628"/>
  <testcase name="testAssign_property()" classname="org.jetbrains.kotlin.formver.plugin.runners.PhasedDiagnosticTestGenerated$Uniqueness_checker" time="1.148"/>
  <testcase name="testAllFilesPresentInUniqueness_checker()" classname="org.jetbrains.kotlin.formver.plugin.runners.PhasedDiagnosticTestGenerated$Uniqueness_checker" time="0.009"/>
  <testcase name="testThrow_property()" classname="org.jetbrains.kotlin.formver.plugin.runners.PhasedDiagnosticTestGenerated$Uniqueness_checker" time="1.363"/>
  <testcase name="testConsume_local()" classname="org.jetbrains.kotlin.formver.plugin.runners.PhasedDiagnosticTestGenerated$Uniqueness_checker" time="1.295"/>
  <testcase name="testConsume_property()" classname="org.jetbrains.kotlin.formver.plugin.runners.PhasedDiagnosticTestGenerated$Uniqueness_checker" time="1.123"/>
  <testcase name="testConsume_deeply_nested()" classname="org.jetbrains.kotlin.formver.plugin.runners.PhasedDiagnosticTestGenerated$Uniqueness_checker" time="0.391"/>
  <testcase name="testShare_local()" classname="org.jetbrains.kotlin.formver.plugin.runners.PhasedDiagnosticTestGenerated$Uniqueness_checker" time="0.225"/>
  <testcase name="testThrow_local()" classname="org.jetbrains.kotlin.formver.plugin.runners.PhasedDiagnosticTestGenerated$Uniqueness_checker" time="0.178"/>
  <testcase name="testBorrow_local()" classname="org.jetbrains.kotlin.formver.plugin.runners.PhasedDiagnosticTestGenerated$Uniqueness_checker" time="0.206"/>
  <testcase name="testBorrow_property()" classname="org.jetbrains.kotlin.formver.plugin.runners.PhasedDiagnosticTestGenerated$Uniqueness_checker" time="0.773"/>
  <testcase name="testPass_local_argument()" classname="org.jetbrains.kotlin.formver.plugin.runners.PhasedDiagnosticTestGenerated$Uniqueness_checker" time="0.472"/>
  <testcase name="testAssign_local()" classname="org.jetbrains.kotlin.formver.plugin.runners.PhasedDiagnosticTestGenerated$Uniqueness_checker" time="1.336"/>
  <testcase name="testReturn_property()" classname="org.jetbrains.kotlin.formver.plugin.runners.PhasedDiagnosticTestGenerated$Uniqueness_checker" time="0.675"/>
  <testcase name="testDump_cfg()" classname="org.jetbrains.kotlin.formver.plugin.runners.PhasedDiagnosticTestGenerated$Uniqueness_checker" time="0.349"/>
  <testcase name="testPass_property_argument()" classname="org.jetbrains.kotlin.formver.plugin.runners.PhasedDiagnosticTestGenerated$Uniqueness_checker" time="0.349"/>
  <testcase name="testAnnotations()" classname="org.jetbrains.kotlin.formver.plugin.runners.PhasedDiagnosticTestGenerated$Uniqueness_checker" time="0.137"/>
  <testcase name="testReturn_local()" classname="org.jetbrains.kotlin.formver.plugin.runners.PhasedDiagnosticTestGenerated$Uniqueness_checker" time="0.261"/>
  <system-out><![CDATA[]]></system-out>
  <system-err><![CDATA[warning: classpath entry points to a non-existent location: /home/silverbot/dev/SnaKt-wip11/compiler/testData/mockJDK/jre/lib/rt.jar
warning: classpath entry points to a non-existent location: /home/silverbot/dev/SnaKt-wip11/compiler/testData/mockJDK/jre/lib/rt.jar
warning: classpath entry points to a non-existent location: /home/silverbot/dev/SnaKt-wip11/compiler/testData/mockJDK/jre/lib/rt.jar
warning: classpath entry points to a non-existent location: /home/silverbot/dev/SnaKt-wip11/compiler/testData/mockJDK/jre/lib/rt.jar
warning: classpath entry points to a non-existent location: /home/silverbot/dev/SnaKt-wip11/compiler/testData/mockJDK/jre/lib/rt.jar
warning: classpath entry points to a non-existent location: /home/silverbot/dev/SnaKt-wip11/compiler/testData/mockJDK/jre/lib/rt.jar
warning: classpath entry points to a non-existent location: /home/silverbot/dev/SnaKt-wip11/compiler/testData/mockJDK/jre/lib/rt.jar
warning: classpath entry points to a non-existent location: /home/silverbot/dev/SnaKt-wip11/compiler/testData/mockJDK/jre/lib/rt.jar
warning: classpath entry points to a non-existent location: /home/silverbot/dev/SnaKt-wip11/compiler/testData/mockJDK/jre/lib/rt.jar
warning: classpath entry points to a non-existent location: /home/silverbot/dev/SnaKt-wip11/compiler/testData/mockJDK/jre/lib/rt.jar
warning: classpath entry points to a non-existent location: /home/silverbot/dev/SnaKt-wip11/compiler/testData/mockJDK/jre/lib/rt.jar
warning: classpath entry points to a non-existent location: /home/silverbot/dev/SnaKt-wip11/compiler/testData/mockJDK/jre/lib/rt.jar
warning: classpath entry points to a non-existent location: /home/silverbot/dev/SnaKt-wip11/compiler/testData/mockJDK/jre/lib/rt.jar
warning: classpath entry points to a non-existent location: /home/silverbot/dev/SnaKt-wip11/compiler/testData/mockJDK/jre/lib/rt.jar
warning: classpath entry points to a non-existent location: /home/silverbot/dev/SnaKt-wip11/compiler/testData/mockJDK/jre/lib/rt.jar
]]></system-err>
</testsuite>
