<?xml version="1.0" encoding="UTF-8"?>
<testsuite name="org.jetbrains.kotlin.formver.plugin.runners.PhasedDiagnosticTestGenerated$Verification$Contracts$Positive" tests="7" skipped="0" failures="0" errors="0" timestamp="2026-07-30T15:12:16.951Z" hostname="jesyspa.dev" time="57.892">
  <properties/>
  <testcase name="testSimple()" classname="org.jetbrains.kotlin.formver.plugin.runners.PhasedDiagnosticTestGenerated$Verification$Contracts$Positive" time="9.592"/>
  <testcase name="testContracts_with_receivers()" classname="org.jetbrains.kotlin.formver.plugin.runners.PhasedDiagnosticTestGenerated$Verification$Contracts$Positive" time="12.173"/>
  <testcase name="testAs_type_contract()" classname="org.jetbrains.kotlin.formver.plugin.runners.PhasedDiagnosticTestGenerated$Verification$Contracts$Positive" time="14.823"/>
  <testcase name="testAllFilesPresentInPositive()" classname="org.jetbrains.kotlin.formver.plugin.runners.PhasedDiagnosticTestGenerated$Verification$Contracts$Positive" time="0.005"/>
  <testcase name="testReturns_null()" classname="org.jetbrains.kotlin.formver.plugin.runners.PhasedDiagnosticTestGenerated$Verification$Contracts$Positive" time="20.688"/>
  <testcase name="testIs_type_contract()" classname="org.jetbrains.kotlin.formver.plugin.runners.PhasedDiagnosticTestGenerated$Verification$Contracts$Positive" time="25.123"/>
  <testcase name="testReturns_booleans()" classname="org.jetbrains.kotlin.formver.plugin.runners.PhasedDiagnosticTestGenerated$Verification$Contracts$Positive" time="25.252"/>
  <system-out><![CDATA[]]></system-out>
  <system-err><![CDATA[warning: classpath entry points to a non-existent location: /home/silverbot/dev/SnaKt-wip11/compiler/testData/mockJDK/jre/lib/rt.jar
warning: classpath entry points to a non-existent location: /home/silverbot/dev/SnaKt-wip11/compiler/testData/mockJDK/jre/lib/rt.jar
warning: classpath entry points to a non-existent location: /home/silverbot/dev/SnaKt-wip11/compiler/testData/mockJDK/jre/lib/rt.jar
warning: classpath entry points to a non-existent location: /home/silverbot/dev/SnaKt-wip11/compiler/testData/mockJDK/jre/lib/rt.jar
warning: classpath entry points to a non-existent location: /home/silverbot/dev/SnaKt-wip11/compiler/testData/mockJDK/jre/lib/rt.jar
]]></system-err>
</testsuite>
