<?xml version="1.0" encoding="UTF-8"?>
<testsuite name="org.jetbrains.kotlin.formver.plugin.runners.PhasedDiagnosticTestGenerated$Stdlib" tests="2" skipped="0" failures="0" errors="0" timestamp="2026-07-30T15:09:08.060Z" hostname="jesyspa.dev" time="33.644">
  <properties/>
  <testcase name="testAllFilesPresentInStdlib()" classname="org.jetbrains.kotlin.formver.plugin.runners.PhasedDiagnosticTestGenerated$Stdlib" time="0.005"/>
  <testcase name="testStdlib_replacement_tests()" classname="org.jetbrains.kotlin.formver.plugin.runners.PhasedDiagnosticTestGenerated$Stdlib" time="33.634"/>
  <system-out><![CDATA[]]></system-out>
  <system-err><![CDATA[]]></system-err>
</testsuite>
