<?xml version="1.0" encoding="UTF-8"?>
<testsuite name="org.jetbrains.kotlin.formver.plugin.runners.PhasedDiagnosticTestGenerated$Expensive_verification$Algorithms" tests="5" skipped="0" failures="0" errors="0" timestamp="2026-07-30T15:16:59.511Z" hostname="jesyspa.dev" time="156.575">
  <properties/>
  <testcase name="testAllFilesPresentInAlgorithms()" classname="org.jetbrains.kotlin.formver.plugin.runners.PhasedDiagnosticTestGenerated$Expensive_verification$Algorithms" time="0.11"/>
  <testcase name="testMerge_sort_of_string()" classname="org.jetbrains.kotlin.formver.plugin.runners.PhasedDiagnosticTestGenerated$Expensive_verification$Algorithms" time="106.603"/>
  <testcase name="testQuick_sort_of_string()" classname="org.jetbrains.kotlin.formver.plugin.runners.PhasedDiagnosticTestGenerated$Expensive_verification$Algorithms" time="79.065"/>
  <testcase name="testBinary_search()" classname="org.jetbrains.kotlin.formver.plugin.runners.PhasedDiagnosticTestGenerated$Expensive_verification$Algorithms" time="45.805"/>
  <testcase name="testZ_function()" classname="org.jetbrains.kotlin.formver.plugin.runners.PhasedDiagnosticTestGenerated$Expensive_verification$Algorithms" time="156.451"/>
  <system-out><![CDATA[]]></system-out>
  <system-err><![CDATA[]]></system-err>
</testsuite>
