<?xml version="1.0" encoding="UTF-8"?>
<testsuite name="org.jetbrains.kotlin.formver.plugin.runners.PhasedDiagnosticTestGenerated$Verification$Classes" tests="42" skipped="0" failures="20" errors="0" timestamp="2026-07-30T15:16:59.506Z" hostname="jesyspa.dev" time="585.366">
  <properties/>
  <testcase name="testAllFilesPresentInClasses()" classname="org.jetbrains.kotlin.formver.plugin.runners.PhasedDiagnosticTestGenerated$Verification$Classes" time="0.134"/>
  <testcase name="testInterfaces()" classname="org.jetbrains.kotlin.formver.plugin.runners.PhasedDiagnosticTestGenerated$Verification$Classes" time="165.157"/>
  <testcase name="testPredicate_outside_specification()" classname="org.jetbrains.kotlin.formver.plugin.runners.PhasedDiagnosticTestGenerated$Verification$Classes" time="1.77"/>
  <testcase name="testSecondary_constructors()" classname="org.jetbrains.kotlin.formver.plugin.runners.PhasedDiagnosticTestGenerated$Verification$Classes" time="1.041"/>
  <testcase name="testCustom_predicates_a2_composition()" classname="org.jetbrains.kotlin.formver.plugin.runners.PhasedDiagnosticTestGenerated$Verification$Classes" time="30.548">
    <failure message="org.opentest4j.AssertionFailedError: Actual data differs from file content: custom_predicates_a2_composition.kt" type="org.opentest4j.AssertionFailedError">org.opentest4j.AssertionFailedError: Actual data differs from file content: custom_predicates_a2_composition.kt
	at app//org.jetbrains.kotlin.test.services.JUnit5Assertions.assertEqualsToFile(JUnit5Assertions.kt:78)
	at app//org.jetbrains.kotlin.test.services.JUnit5Assertions.assertEqualsToFile(JUnit5Assertions.kt:32)
	at app//org.jetbrains.kotlin.test.Assertions.assertEqualsToFile(Assertions.kt:15)
	at app//org.jetbrains.kotlin.test.Assertions.assertEqualsToFile$default(Assertions.kt:14)
	at app//org.jetbrains.kotlin.formver.common.services.TagCollector.assertFileEqual(TagCollector.kt:116)
	at app//org.jetbrains.kotlin.formver.common.services.TagCollector.assertEqual(TagCollector.kt:106)
	at app//org.jetbrains.kotlin.formver.plugin.services.ViperResultHandler.processModule$lambda$2(VerificationFacade.kt:204)
	at app//org.jetbrains.kotlin.formver.common.services.DiagnosticsCollectorKt.runChecks(DiagnosticsCollector.kt:103)
	at app//org.jetbrains.kotlin.formver.plugin.services.ViperResultHandler.processModule(VerificationFacade.kt:200)
	at app//org.jetbrains.kotlin.formver.plugin.services.ViperResultHandler.processModule(VerificationFacade.kt:193)
	at app//org.jetbrains.kotlin.test.TestStep$HandlersStep.processModule(TestStep.kt:83)
	at app//org.jetbrains.kotlin.test.TestStep$HandlersStep.processModule(TestStep.kt:60)
	at app//org.jetbrains.kotlin.test.TestRunner.processModule(TestRunner.kt:206)
	at app//org.jetbrains.kotlin.test.TestRunner.hackyProcessModule(TestRunner.kt:197)
	at app//org.jetbrains.kotlin.test.TestRunner.processModule(TestRunner.kt:141)
	at app//org.jetbrains.kotlin.test.TestRunner.runTestPipeline(TestRunner.kt:92)
	at app//org.jetbrains.kotlin.test.TestRunner.runTestImpl(TestRunner.kt:70)
	at app//org.jetbrains.kotlin.test.TestRunner.runTest(TestRunner.kt:30)
	at app//org.jetbrains.kotlin.test.TestRunner.runTest$default(TestRunner.kt:28)
	at app//org.jetbrains.kotlin.test.runners.AbstractKotlinCompilerTest.runTest(AbstractKotlinCompilerTest.kt:115)
	at app//org.jetbrains.kotlin.formver.plugin.runners.PhasedDiagnosticTestGenerated$Verification$Classes.testCustom_predicates_a2_composition(PhasedDiagnosticTestGenerated.java:351)
	at java.base@21.0.5/java.lang.reflect.Method.invoke(Method.java:580)
	at java.base@21.0.5/java.util.concurrent.RecursiveAction.exec(RecursiveAction.java:194)
	at java.base@21.0.5/java.util.concurrent.ForkJoinTask.doExec(ForkJoinTask.java:387)
	at java.base@21.0.5/java.util.concurrent.ForkJoinPool$WorkQueue.tryRemoveAndExec(ForkJoinPool.java:1351)
	at java.base@21.0.5/java.util.concurrent.ForkJoinTask.awaitDone(ForkJoinTask.java:422)
	at java.base@21.0.5/java.util.concurrent.ForkJoinTask.join(ForkJoinTask.java:651)
	at java.base@21.0.5/java.util.concurrent.RecursiveAction.exec(RecursiveAction.java:194)
	at java.base@21.0.5/java.util.concurrent.ForkJoinTask.doExec(ForkJoinTask.java:387)
	at java.base@21.0.5/java.util.concurrent.ForkJoinPool$WorkQueue.tryRemoveAndExec(ForkJoinPool.java:1351)
	at java.base@21.0.5/java.util.concurrent.ForkJoinTask.awaitDone(ForkJoinTask.java:422)
	at java.base@21.0.5/java.util.concurrent.ForkJoinTask.join(ForkJoinTask.java:651)
	at java.base@21.0.5/java.util.concurrent.RecursiveAction.exec(RecursiveAction.java:194)
	at java.base@21.0.5/java.util.concurrent.ForkJoinTask.doExec(ForkJoinTask.java:387)
	at java.base@21.0.5/java.util.concurrent.ForkJoinPool$WorkQueue.topLevelExec(ForkJoinPool.java:1312)
	at java.base@21.0.5/java.util.concurrent.ForkJoinPool.scan(ForkJoinPool.java:1843)
	at java.base@21.0.5/java.util.concurrent.ForkJoinPool.runWorker(ForkJoinPool.java:1808)
	at java.base@21.0.5/java.util.concurrent.ForkJoinWorkerThread.run(ForkJoinWorkerThread.java:188)
</failure>
  </testcase>
  <testcase name="testInheritance()" classname="org.jetbrains.kotlin.formver.plugin.runners.PhasedDiagnosticTestGenerated$Verification$Classes" time="82.446"/>
  <testcase name="testCustom_predicates_n2_n3_argument()" classname="org.jetbrains.kotlin.formver.plugin.runners.PhasedDiagnosticTestGenerated$Verification$Classes" time="8.05">
    <failure message="org.opentest4j.AssertionFailedError: Actual data differs from file content: custom_predicates_n2_n3_argument.kt" type="org.opentest4j.AssertionFailedError">org.opentest4j.AssertionFailedError: Actual data differs from file content: custom_predicates_n2_n3_argument.kt
	at app//org.jetbrains.kotlin.test.services.JUnit5Assertions.assertEqualsToFile(JUnit5Assertions.kt:78)
	at app//org.jetbrains.kotlin.test.services.JUnit5Assertions.assertEqualsToFile(JUnit5Assertions.kt:32)
	at app//org.jetbrains.kotlin.test.Assertions.assertEqualsToFile(Assertions.kt:15)
	at app//org.jetbrains.kotlin.test.Assertions.assertEqualsToFile$default(Assertions.kt:14)
	at app//org.jetbrains.kotlin.formver.common.services.TagCollector.assertFileEqual(TagCollector.kt:116)
	at app//org.jetbrains.kotlin.formver.common.services.TagCollector.assertEqual(TagCollector.kt:106)
	at app//org.jetbrains.kotlin.formver.plugin.services.ViperResultHandler.processModule$lambda$2(VerificationFacade.kt:204)
	at app//org.jetbrains.kotlin.formver.common.services.DiagnosticsCollectorKt.runChecks(DiagnosticsCollector.kt:103)
	at app//org.jetbrains.kotlin.formver.plugin.services.ViperResultHandler.processModule(VerificationFacade.kt:200)
	at app//org.jetbrains.kotlin.formver.plugin.services.ViperResultHandler.processModule(VerificationFacade.kt:193)
	at app//org.jetbrains.kotlin.test.TestStep$HandlersStep.processModule(TestStep.kt:83)
	at app//org.jetbrains.kotlin.test.TestStep$HandlersStep.processModule(TestStep.kt:60)
	at app//org.jetbrains.kotlin.test.TestRunner.processModule(TestRunner.kt:206)
	at app//org.jetbrains.kotlin.test.TestRunner.hackyProcessModule(TestRunner.kt:197)
	at app//org.jetbrains.kotlin.test.TestRunner.processModule(TestRunner.kt:141)
	at app//org.jetbrains.kotlin.test.TestRunner.runTestPipeline(TestRunner.kt:92)
	at app//org.jetbrains.kotlin.test.TestRunner.runTestImpl(TestRunner.kt:70)
	at app//org.jetbrains.kotlin.test.TestRunner.runTest(TestRunner.kt:30)
	at app//org.jetbrains.kotlin.test.TestRunner.runTest$default(TestRunner.kt:28)
	at app//org.jetbrains.kotlin.test.runners.AbstractKotlinCompilerTest.runTest(AbstractKotlinCompilerTest.kt:115)
	at app//org.jetbrains.kotlin.formver.plugin.runners.PhasedDiagnosticTestGenerated$Verification$Classes.testCustom_predicates_n2_n3_argument(PhasedDiagnosticTestGenerated.java:435)
	at java.base@21.0.5/java.lang.reflect.Method.invoke(Method.java:580)
	at java.base@21.0.5/java.util.concurrent.RecursiveAction.exec(RecursiveAction.java:194)
	at java.base@21.0.5/java.util.concurrent.ForkJoinTask.doExec(ForkJoinTask.java:387)
	at java.base@21.0.5/java.util.concurrent.ForkJoinPool$WorkQueue.tryRemoveAndExec(ForkJoinPool.java:1351)
	at java.base@21.0.5/java.util.concurrent.ForkJoinTask.awaitDone(ForkJoinTask.java:422)
	at java.base@21.0.5/java.util.concurrent.ForkJoinTask.join(ForkJoinTask.java:651)
	at java.base@21.0.5/java.util.concurrent.RecursiveAction.exec(RecursiveAction.java:194)
	at java.base@21.0.5/java.util.concurrent.ForkJoinTask.doExec(ForkJoinTask.java:387)
	at java.base@21.0.5/java.util.concurrent.ForkJoinPool$WorkQueue.tryRemoveAndExec(ForkJoinPool.java:1351)
	at java.base@21.0.5/java.util.concurrent.ForkJoinTask.awaitDone(ForkJoinTask.java:422)
	at java.base@21.0.5/java.util.concurrent.ForkJoinTask.join(ForkJoinTask.java:651)
	at java.base@21.0.5/java.util.concurrent.RecursiveAction.exec(RecursiveAction.java:194)
	at java.base@21.0.5/java.util.concurrent.ForkJoinTask.doExec(ForkJoinTask.java:387)
	at java.base@21.0.5/java.util.concurrent.ForkJoinPool$WorkQueue.topLevelExec(ForkJoinPool.java:1312)
	at java.base@21.0.5/java.util.concurrent.ForkJoinPool.scan(ForkJoinPool.java:1843)
	at java.base@21.0.5/java.util.concurrent.ForkJoinPool.runWorker(ForkJoinPool.java:1808)
	at java.base@21.0.5/java.util.concurrent.ForkJoinWorkerThread.run(ForkJoinWorkerThread.java:188)
</failure>
  </testcase>
  <testcase name="testPredicate_without_class()" classname="org.jetbrains.kotlin.formver.plugin.runners.PhasedDiagnosticTestGenerated$Verification$Classes" time="0.769"/>
  <testcase name="testCustom_predicates_n2_n4_mutated_object()" classname="org.jetbrains.kotlin.formver.plugin.runners.PhasedDiagnosticTestGenerated$Verification$Classes" time="13.916">
    <failure message="org.opentest4j.AssertionFailedError: Actual data differs from file content: custom_predicates_n2_n4_mutated_object.kt" type="org.opentest4j.AssertionFailedError">org.opentest4j.AssertionFailedError: Actual data differs from file content: custom_predicates_n2_n4_mutated_object.kt
	at app//org.jetbrains.kotlin.test.services.JUnit5Assertions.assertEqualsToFile(JUnit5Assertions.kt:78)
	at app//org.jetbrains.kotlin.test.services.JUnit5Assertions.assertEqualsToFile(JUnit5Assertions.kt:32)
	at app//org.jetbrains.kotlin.test.Assertions.assertEqualsToFile(Assertions.kt:15)
	at app//org.jetbrains.kotlin.test.Assertions.assertEqualsToFile$default(Assertions.kt:14)
	at app//org.jetbrains.kotlin.formver.common.services.TagCollector.assertFileEqual(TagCollector.kt:116)
	at app//org.jetbrains.kotlin.formver.common.services.TagCollector.assertEqual(TagCollector.kt:106)
	at app//org.jetbrains.kotlin.formver.plugin.services.ViperResultHandler.processModule$lambda$2(VerificationFacade.kt:204)
	at app//org.jetbrains.kotlin.formver.common.services.DiagnosticsCollectorKt.runChecks(DiagnosticsCollector.kt:103)
	at app//org.jetbrains.kotlin.formver.plugin.services.ViperResultHandler.processModule(VerificationFacade.kt:200)
	at app//org.jetbrains.kotlin.formver.plugin.services.ViperResultHandler.processModule(VerificationFacade.kt:193)
	at app//org.jetbrains.kotlin.test.TestStep$HandlersStep.processModule(TestStep.kt:83)
	at app//org.jetbrains.kotlin.test.TestStep$HandlersStep.processModule(TestStep.kt:60)
	at app//org.jetbrains.kotlin.test.TestRunner.processModule(TestRunner.kt:206)
	at app//org.jetbrains.kotlin.test.TestRunner.hackyProcessModule(TestRunner.kt:197)
	at app//org.jetbrains.kotlin.test.TestRunner.processModule(TestRunner.kt:141)
	at app//org.jetbrains.kotlin.test.TestRunner.runTestPipeline(TestRunner.kt:92)
	at app//org.jetbrains.kotlin.test.TestRunner.runTestImpl(TestRunner.kt:70)
	at app//org.jetbrains.kotlin.test.TestRunner.runTest(TestRunner.kt:30)
	at app//org.jetbrains.kotlin.test.TestRunner.runTest$default(TestRunner.kt:28)
	at app//org.jetbrains.kotlin.test.runners.AbstractKotlinCompilerTest.runTest(AbstractKotlinCompilerTest.kt:115)
	at app//org.jetbrains.kotlin.formver.plugin.runners.PhasedDiagnosticTestGenerated$Verification$Classes.testCustom_predicates_n2_n4_mutated_object(PhasedDiagnosticTestGenerated.java:465)
	at java.base@21.0.5/java.lang.reflect.Method.invoke(Method.java:580)
	at java.base@21.0.5/java.util.concurrent.RecursiveAction.exec(RecursiveAction.java:194)
	at java.base@21.0.5/java.util.concurrent.ForkJoinTask.doExec(ForkJoinTask.java:387)
	at java.base@21.0.5/java.util.concurrent.ForkJoinPool$WorkQueue.tryRemoveAndExec(ForkJoinPool.java:1351)
	at java.base@21.0.5/java.util.concurrent.ForkJoinTask.awaitDone(ForkJoinTask.java:422)
	at java.base@21.0.5/java.util.concurrent.ForkJoinTask.join(ForkJoinTask.java:651)
	at java.base@21.0.5/java.util.concurrent.RecursiveAction.exec(RecursiveAction.java:194)
	at java.base@21.0.5/java.util.concurrent.ForkJoinTask.doExec(ForkJoinTask.java:387)
	at java.base@21.0.5/java.util.concurrent.ForkJoinPool$WorkQueue.tryRemoveAndExec(ForkJoinPool.java:1351)
	at java.base@21.0.5/java.util.concurrent.ForkJoinTask.awaitDone(ForkJoinTask.java:422)
	at java.base@21.0.5/java.util.concurrent.ForkJoinTask.join(ForkJoinTask.java:651)
	at java.base@21.0.5/java.util.concurrent.RecursiveAction.exec(RecursiveAction.java:194)
	at java.base@21.0.5/java.util.concurrent.ForkJoinTask.doExec(ForkJoinTask.java:387)
	at java.base@21.0.5/java.util.concurrent.ForkJoinPool$WorkQueue.topLevelExec(ForkJoinPool.java:1312)
	at java.base@21.0.5/java.util.concurrent.ForkJoinPool.scan(ForkJoinPool.java:1843)
	at java.base@21.0.5/java.util.concurrent.ForkJoinPool.runWorker(ForkJoinPool.java:1808)
	at java.base@21.0.5/java.util.concurrent.ForkJoinWorkerThread.run(ForkJoinWorkerThread.java:188)
</failure>
  </testcase>
  <testcase name="testCustom_predicates_unfold()" classname="org.jetbrains.kotlin.formver.plugin.runners.PhasedDiagnosticTestGenerated$Verification$Classes" time="8.376"/>
  <testcase name="testCustom_predicates_a2_scoping()" classname="org.jetbrains.kotlin.formver.plugin.runners.PhasedDiagnosticTestGenerated$Verification$Classes" time="14.758">
    <failure message="org.opentest4j.AssertionFailedError: Actual data differs from file content: custom_predicates_a2_scoping.kt" type="org.opentest4j.AssertionFailedError">org.opentest4j.AssertionFailedError: Actual data differs from file content: custom_predicates_a2_scoping.kt
	at app//org.jetbrains.kotlin.test.services.JUnit5Assertions.assertEqualsToFile(JUnit5Assertions.kt:78)
	at app//org.jetbrains.kotlin.test.services.JUnit5Assertions.assertEqualsToFile(JUnit5Assertions.kt:32)
	at app//org.jetbrains.kotlin.test.Assertions.assertEqualsToFile(Assertions.kt:15)
	at app//org.jetbrains.kotlin.test.Assertions.assertEqualsToFile$default(Assertions.kt:14)
	at app//org.jetbrains.kotlin.formver.common.services.TagCollector.assertFileEqual(TagCollector.kt:116)
	at app//org.jetbrains.kotlin.formver.common.services.TagCollector.assertEqual(TagCollector.kt:106)
	at app//org.jetbrains.kotlin.formver.plugin.services.ViperResultHandler.processModule$lambda$2(VerificationFacade.kt:204)
	at app//org.jetbrains.kotlin.formver.common.services.DiagnosticsCollectorKt.runChecks(DiagnosticsCollector.kt:103)
	at app//org.jetbrains.kotlin.formver.plugin.services.ViperResultHandler.processModule(VerificationFacade.kt:200)
	at app//org.jetbrains.kotlin.formver.plugin.services.ViperResultHandler.processModule(VerificationFacade.kt:193)
	at app//org.jetbrains.kotlin.test.TestStep$HandlersStep.processModule(TestStep.kt:83)
	at app//org.jetbrains.kotlin.test.TestStep$HandlersStep.processModule(TestStep.kt:60)
	at app//org.jetbrains.kotlin.test.TestRunner.processModule(TestRunner.kt:206)
	at app//org.jetbrains.kotlin.test.TestRunner.hackyProcessModule(TestRunner.kt:197)
	at app//org.jetbrains.kotlin.test.TestRunner.processModule(TestRunner.kt:141)
	at app//org.jetbrains.kotlin.test.TestRunner.runTestPipeline(TestRunner.kt:92)
	at app//org.jetbrains.kotlin.test.TestRunner.runTestImpl(TestRunner.kt:70)
	at app//org.jetbrains.kotlin.test.TestRunner.runTest(TestRunner.kt:30)
	at app//org.jetbrains.kotlin.test.TestRunner.runTest$default(TestRunner.kt:28)
	at app//org.jetbrains.kotlin.test.runners.AbstractKotlinCompilerTest.runTest(AbstractKotlinCompilerTest.kt:115)
	at app//org.jetbrains.kotlin.formver.plugin.runners.PhasedDiagnosticTestGenerated$Verification$Classes.testCustom_predicates_a2_scoping(PhasedDiagnosticTestGenerated.java:369)
	at java.base@21.0.5/java.lang.reflect.Method.invoke(Method.java:580)
	at java.base@21.0.5/java.util.concurrent.RecursiveAction.exec(RecursiveAction.java:194)
	at java.base@21.0.5/java.util.concurrent.ForkJoinTask.doExec(ForkJoinTask.java:387)
	at java.base@21.0.5/java.util.concurrent.ForkJoinPool$WorkQueue.tryRemoveAndExec(ForkJoinPool.java:1351)
	at java.base@21.0.5/java.util.concurrent.ForkJoinTask.awaitDone(ForkJoinTask.java:422)
	at java.base@21.0.5/java.util.concurrent.ForkJoinTask.join(ForkJoinTask.java:651)
	at java.base@21.0.5/java.util.concurrent.RecursiveAction.exec(RecursiveAction.java:194)
	at java.base@21.0.5/java.util.concurrent.ForkJoinTask.doExec(ForkJoinTask.java:387)
	at java.base@21.0.5/java.util.concurrent.ForkJoinPool$WorkQueue.tryRemoveAndExec(ForkJoinPool.java:1351)
	at java.base@21.0.5/java.util.concurrent.ForkJoinTask.awaitDone(ForkJoinTask.java:422)
	at java.base@21.0.5/java.util.concurrent.ForkJoinTask.join(ForkJoinTask.java:651)
	at java.base@21.0.5/java.util.concurrent.RecursiveAction.exec(RecursiveAction.java:194)
	at java.base@21.0.5/java.util.concurrent.ForkJoinTask.doExec(ForkJoinTask.java:387)
	at java.base@21.0.5/java.util.concurrent.ForkJoinPool$WorkQueue.topLevelExec(ForkJoinPool.java:1312)
	at java.base@21.0.5/java.util.concurrent.ForkJoinPool.scan(ForkJoinPool.java:1843)
	at java.base@21.0.5/java.util.concurrent.ForkJoinPool.runWorker(ForkJoinPool.java:1808)
	at java.base@21.0.5/java.util.concurrent.ForkJoinWorkerThread.run(ForkJoinWorkerThread.java:188)
</failure>
  </testcase>
  <testcase name="testCustom_predicates_n2_n2_nullable()" classname="org.jetbrains.kotlin.formver.plugin.runners.PhasedDiagnosticTestGenerated$Verification$Classes" time="5.899">
    <failure message="org.opentest4j.AssertionFailedError: Actual data differs from file content: custom_predicates_n2_n2_nullable.kt" type="org.opentest4j.AssertionFailedError">org.opentest4j.AssertionFailedError: Actual data differs from file content: custom_predicates_n2_n2_nullable.kt
	at app//org.jetbrains.kotlin.test.services.JUnit5Assertions.assertEqualsToFile(JUnit5Assertions.kt:78)
	at app//org.jetbrains.kotlin.test.services.JUnit5Assertions.assertEqualsToFile(JUnit5Assertions.kt:32)
	at app//org.jetbrains.kotlin.test.Assertions.assertEqualsToFile(Assertions.kt:15)
	at app//org.jetbrains.kotlin.test.Assertions.assertEqualsToFile$default(Assertions.kt:14)
	at app//org.jetbrains.kotlin.formver.common.services.TagCollector.assertFileEqual(TagCollector.kt:116)
	at app//org.jetbrains.kotlin.formver.common.services.TagCollector.assertEqual(TagCollector.kt:106)
	at app//org.jetbrains.kotlin.formver.plugin.services.ViperResultHandler.processModule$lambda$2(VerificationFacade.kt:204)
	at app//org.jetbrains.kotlin.formver.common.services.DiagnosticsCollectorKt.runChecks(DiagnosticsCollector.kt:103)
	at app//org.jetbrains.kotlin.formver.plugin.services.ViperResultHandler.processModule(VerificationFacade.kt:200)
	at app//org.jetbrains.kotlin.formver.plugin.services.ViperResultHandler.processModule(VerificationFacade.kt:193)
	at app//org.jetbrains.kotlin.test.TestStep$HandlersStep.processModule(TestStep.kt:83)
	at app//org.jetbrains.kotlin.test.TestStep$HandlersStep.processModule(TestStep.kt:60)
	at app//org.jetbrains.kotlin.test.TestRunner.processModule(TestRunner.kt:206)
	at app//org.jetbrains.kotlin.test.TestRunner.hackyProcessModule(TestRunner.kt:197)
	at app//org.jetbrains.kotlin.test.TestRunner.processModule(TestRunner.kt:141)
	at app//org.jetbrains.kotlin.test.TestRunner.runTestPipeline(TestRunner.kt:92)
	at app//org.jetbrains.kotlin.test.TestRunner.runTestImpl(TestRunner.kt:70)
	at app//org.jetbrains.kotlin.test.TestRunner.runTest(TestRunner.kt:30)
	at app//org.jetbrains.kotlin.test.TestRunner.runTest$default(TestRunner.kt:28)
	at app//org.jetbrains.kotlin.test.runners.AbstractKotlinCompilerTest.runTest(AbstractKotlinCompilerTest.kt:115)
	at app//org.jetbrains.kotlin.formver.plugin.runners.PhasedDiagnosticTestGenerated$Verification$Classes.testCustom_predicates_n2_n2_nullable(PhasedDiagnosticTestGenerated.java:423)
	at java.base@21.0.5/java.lang.reflect.Method.invoke(Method.java:580)
	at java.base@21.0.5/java.util.concurrent.RecursiveAction.exec(RecursiveAction.java:194)
	at java.base@21.0.5/java.util.concurrent.ForkJoinTask.doExec(ForkJoinTask.java:387)
	at java.base@21.0.5/java.util.concurrent.ForkJoinPool$WorkQueue.tryRemoveAndExec(ForkJoinPool.java:1351)
	at java.base@21.0.5/java.util.concurrent.ForkJoinTask.awaitDone(ForkJoinTask.java:422)
	at java.base@21.0.5/java.util.concurrent.ForkJoinTask.join(ForkJoinTask.java:651)
	at java.base@21.0.5/java.util.concurrent.RecursiveAction.exec(RecursiveAction.java:194)
	at java.base@21.0.5/java.util.concurrent.ForkJoinTask.doExec(ForkJoinTask.java:387)
	at java.base@21.0.5/java.util.concurrent.ForkJoinPool$WorkQueue.tryRemoveAndExec(ForkJoinPool.java:1351)
	at java.base@21.0.5/java.util.concurrent.ForkJoinTask.awaitDone(ForkJoinTask.java:422)
	at java.base@21.0.5/java.util.concurrent.ForkJoinTask.join(ForkJoinTask.java:651)
	at java.base@21.0.5/java.util.concurrent.RecursiveAction.exec(RecursiveAction.java:194)
	at java.base@21.0.5/java.util.concurrent.ForkJoinTask.doExec(ForkJoinTask.java:387)
	at java.base@21.0.5/java.util.concurrent.ForkJoinPool$WorkQueue.topLevelExec(ForkJoinPool.java:1312)
	at java.base@21.0.5/java.util.concurrent.ForkJoinPool.scan(ForkJoinPool.java:1843)
	at java.base@21.0.5/java.util.concurrent.ForkJoinPool.runWorker(ForkJoinPool.java:1808)
	at java.base@21.0.5/java.util.concurrent.ForkJoinWorkerThread.run(ForkJoinWorkerThread.java:188)
</failure>
  </testcase>
  <testcase name="testSubtyping()" classname="org.jetbrains.kotlin.formver.plugin.runners.PhasedDiagnosticTestGenerated$Verification$Classes" time="0.207"/>
  <testcase name="testPredicates_access()" classname="org.jetbrains.kotlin.formver.plugin.runners.PhasedDiagnosticTestGenerated$Verification$Classes" time="37.142"/>
  <testcase name="testCustom_predicates_n2_n2_typeparam()" classname="org.jetbrains.kotlin.formver.plugin.runners.PhasedDiagnosticTestGenerated$Verification$Classes" time="0.375">
    <failure message="org.opentest4j.AssertionFailedError: Actual data differs from file content: custom_predicates_n2_n2_typeparam.kt" type="org.opentest4j.AssertionFailedError">org.opentest4j.AssertionFailedError: Actual data differs from file content: custom_predicates_n2_n2_typeparam.kt
	at app//org.jetbrains.kotlin.test.services.JUnit5Assertions.assertEqualsToFile(JUnit5Assertions.kt:78)
	at app//org.jetbrains.kotlin.test.services.JUnit5Assertions.assertEqualsToFile(JUnit5Assertions.kt:32)
	at app//org.jetbrains.kotlin.test.Assertions.assertEqualsToFile(Assertions.kt:15)
	at app//org.jetbrains.kotlin.test.Assertions.assertEqualsToFile$default(Assertions.kt:14)
	at app//org.jetbrains.kotlin.formver.common.services.TagCollector.assertFileEqual(TagCollector.kt:116)
	at app//org.jetbrains.kotlin.formver.common.services.TagCollector.assertEqual(TagCollector.kt:106)
	at app//org.jetbrains.kotlin.formver.plugin.services.ViperResultHandler.processModule$lambda$2(VerificationFacade.kt:204)
	at app//org.jetbrains.kotlin.formver.common.services.DiagnosticsCollectorKt.runChecks(DiagnosticsCollector.kt:103)
	at app//org.jetbrains.kotlin.formver.plugin.services.ViperResultHandler.processModule(VerificationFacade.kt:200)
	at app//org.jetbrains.kotlin.formver.plugin.services.ViperResultHandler.processModule(VerificationFacade.kt:193)
	at app//org.jetbrains.kotlin.test.TestStep$HandlersStep.processModule(TestStep.kt:83)
	at app//org.jetbrains.kotlin.test.TestStep$HandlersStep.processModule(TestStep.kt:60)
	at app//org.jetbrains.kotlin.test.TestRunner.processModule(TestRunner.kt:206)
	at app//org.jetbrains.kotlin.test.TestRunner.hackyProcessModule(TestRunner.kt:197)
	at app//org.jetbrains.kotlin.test.TestRunner.processModule(TestRunner.kt:141)
	at app//org.jetbrains.kotlin.test.TestRunner.runTestPipeline(TestRunner.kt:92)
	at app//org.jetbrains.kotlin.test.TestRunner.runTestImpl(TestRunner.kt:70)
	at app//org.jetbrains.kotlin.test.TestRunner.runTest(TestRunner.kt:30)
	at app//org.jetbrains.kotlin.test.TestRunner.runTest$default(TestRunner.kt:28)
	at app//org.jetbrains.kotlin.test.runners.AbstractKotlinCompilerTest.runTest(AbstractKotlinCompilerTest.kt:115)
	at app//org.jetbrains.kotlin.formver.plugin.runners.PhasedDiagnosticTestGenerated$Verification$Classes.testCustom_predicates_n2_n2_typeparam(PhasedDiagnosticTestGenerated.java:429)
	at java.base@21.0.5/java.lang.reflect.Method.invoke(Method.java:580)
	at java.base@21.0.5/java.util.concurrent.RecursiveAction.exec(RecursiveAction.java:194)
	at java.base@21.0.5/java.util.concurrent.ForkJoinTask.doExec(ForkJoinTask.java:387)
	at java.base@21.0.5/java.util.concurrent.ForkJoinPool$WorkQueue.tryRemoveAndExec(ForkJoinPool.java:1351)
	at java.base@21.0.5/java.util.concurrent.ForkJoinTask.awaitDone(ForkJoinTask.java:422)
	at java.base@21.0.5/java.util.concurrent.ForkJoinTask.join(ForkJoinTask.java:651)
	at java.base@21.0.5/java.util.concurrent.RecursiveAction.exec(RecursiveAction.java:194)
	at java.base@21.0.5/java.util.concurrent.ForkJoinTask.doExec(ForkJoinTask.java:387)
	at java.base@21.0.5/java.util.concurrent.ForkJoinPool$WorkQueue.tryRemoveAndExec(ForkJoinPool.java:1351)
	at java.base@21.0.5/java.util.concurrent.ForkJoinTask.awaitDone(ForkJoinTask.java:422)
	at java.base@21.0.5/java.util.concurrent.ForkJoinTask.join(ForkJoinTask.java:651)
	at java.base@21.0.5/java.util.concurrent.RecursiveAction.exec(RecursiveAction.java:194)
	at java.base@21.0.5/java.util.concurrent.ForkJoinTask.doExec(ForkJoinTask.java:387)
	at java.base@21.0.5/java.util.concurrent.ForkJoinPool$WorkQueue.topLevelExec(ForkJoinPool.java:1312)
	at java.base@21.0.5/java.util.concurrent.ForkJoinPool.scan(ForkJoinPool.java:1843)
	at java.base@21.0.5/java.util.concurrent.ForkJoinPool.runWorker(ForkJoinPool.java:1808)
	at java.base@21.0.5/java.util.concurrent.ForkJoinWorkerThread.run(ForkJoinWorkerThread.java:188)
</failure>
  </testcase>
  <testcase name="testCustom_predicates_a2_postcond_loopinv()" classname="org.jetbrains.kotlin.formver.plugin.runners.PhasedDiagnosticTestGenerated$Verification$Classes" time="26.593">
    <failure message="org.opentest4j.AssertionFailedError: Actual data differs from file content: custom_predicates_a2_postcond_loopinv.kt" type="org.opentest4j.AssertionFailedError">org.opentest4j.AssertionFailedError: Actual data differs from file content: custom_predicates_a2_postcond_loopinv.kt
	at app//org.jetbrains.kotlin.test.services.JUnit5Assertions.assertEqualsToFile(JUnit5Assertions.kt:78)
	at app//org.jetbrains.kotlin.test.services.JUnit5Assertions.assertEqualsToFile(JUnit5Assertions.kt:32)
	at app//org.jetbrains.kotlin.test.Assertions.assertEqualsToFile(Assertions.kt:15)
	at app//org.jetbrains.kotlin.test.Assertions.assertEqualsToFile$default(Assertions.kt:14)
	at app//org.jetbrains.kotlin.formver.common.services.TagCollector.assertFileEqual(TagCollector.kt:116)
	at app//org.jetbrains.kotlin.formver.common.services.TagCollector.assertEqual(TagCollector.kt:106)
	at app//org.jetbrains.kotlin.formver.plugin.services.ViperResultHandler.processModule$lambda$2(VerificationFacade.kt:204)
	at app//org.jetbrains.kotlin.formver.common.services.DiagnosticsCollectorKt.runChecks(DiagnosticsCollector.kt:103)
	at app//org.jetbrains.kotlin.formver.plugin.services.ViperResultHandler.processModule(VerificationFacade.kt:200)
	at app//org.jetbrains.kotlin.formver.plugin.services.ViperResultHandler.processModule(VerificationFacade.kt:193)
	at app//org.jetbrains.kotlin.test.TestStep$HandlersStep.processModule(TestStep.kt:83)
	at app//org.jetbrains.kotlin.test.TestStep$HandlersStep.processModule(TestStep.kt:60)
	at app//org.jetbrains.kotlin.test.TestRunner.processModule(TestRunner.kt:206)
	at app//org.jetbrains.kotlin.test.TestRunner.hackyProcessModule(TestRunner.kt:197)
	at app//org.jetbrains.kotlin.test.TestRunner.processModule(TestRunner.kt:141)
	at app//org.jetbrains.kotlin.test.TestRunner.runTestPipeline(TestRunner.kt:92)
	at app//org.jetbrains.kotlin.test.TestRunner.runTestImpl(TestRunner.kt:70)
	at app//org.jetbrains.kotlin.test.TestRunner.runTest(TestRunner.kt:30)
	at app//org.jetbrains.kotlin.test.TestRunner.runTest$default(TestRunner.kt:28)
	at app//org.jetbrains.kotlin.test.runners.AbstractKotlinCompilerTest.runTest(AbstractKotlinCompilerTest.kt:115)
	at app//org.jetbrains.kotlin.formver.plugin.runners.PhasedDiagnosticTestGenerated$Verification$Classes.testCustom_predicates_a2_postcond_loopinv(PhasedDiagnosticTestGenerated.java:363)
	at java.base@21.0.5/java.lang.reflect.Method.invoke(Method.java:580)
	at java.base@21.0.5/java.util.concurrent.RecursiveAction.exec(RecursiveAction.java:194)
	at java.base@21.0.5/java.util.concurrent.ForkJoinTask.doExec(ForkJoinTask.java:387)
	at java.base@21.0.5/java.util.concurrent.ForkJoinPool$WorkQueue.tryRemoveAndExec(ForkJoinPool.java:1351)
	at java.base@21.0.5/java.util.concurrent.ForkJoinTask.awaitDone(ForkJoinTask.java:422)
	at java.base@21.0.5/java.util.concurrent.ForkJoinTask.join(ForkJoinTask.java:651)
	at java.base@21.0.5/java.util.concurrent.RecursiveAction.exec(RecursiveAction.java:194)
	at java.base@21.0.5/java.util.concurrent.ForkJoinTask.doExec(ForkJoinTask.java:387)
	at java.base@21.0.5/java.util.concurrent.ForkJoinPool$WorkQueue.tryRemoveAndExec(ForkJoinPool.java:1351)
	at java.base@21.0.5/java.util.concurrent.ForkJoinTask.awaitDone(ForkJoinTask.java:422)
	at java.base@21.0.5/java.util.concurrent.ForkJoinTask.join(ForkJoinTask.java:651)
	at java.base@21.0.5/java.util.concurrent.RecursiveAction.exec(RecursiveAction.java:194)
	at java.base@21.0.5/java.util.concurrent.ForkJoinTask.doExec(ForkJoinTask.java:387)
	at java.base@21.0.5/java.util.concurrent.ForkJoinPool$WorkQueue.topLevelExec(ForkJoinPool.java:1312)
	at java.base@21.0.5/java.util.concurrent.ForkJoinPool.scan(ForkJoinPool.java:1843)
	at java.base@21.0.5/java.util.concurrent.ForkJoinPool.runWorker(ForkJoinPool.java:1808)
	at java.base@21.0.5/java.util.concurrent.ForkJoinWorkerThread.run(ForkJoinWorkerThread.java:188)
</failure>
  </testcase>
  <testcase name="testCustom_predicates_b2_case1_restricted_range()" classname="org.jetbrains.kotlin.formver.plugin.runners.PhasedDiagnosticTestGenerated$Verification$Classes" time="17.008">
    <failure message="org.opentest4j.AssertionFailedError: Actual data differs from file content: custom_predicates_b2_case1_restricted_range.kt" type="org.opentest4j.AssertionFailedError">org.opentest4j.AssertionFailedError: Actual data differs from file content: custom_predicates_b2_case1_restricted_range.kt
	at app//org.jetbrains.kotlin.test.services.JUnit5Assertions.assertEqualsToFile(JUnit5Assertions.kt:78)
	at app//org.jetbrains.kotlin.test.services.JUnit5Assertions.assertEqualsToFile(JUnit5Assertions.kt:32)
	at app//org.jetbrains.kotlin.test.Assertions.assertEqualsToFile(Assertions.kt:15)
	at app//org.jetbrains.kotlin.test.Assertions.assertEqualsToFile$default(Assertions.kt:14)
	at app//org.jetbrains.kotlin.formver.common.services.TagCollector.assertFileEqual(TagCollector.kt:116)
	at app//org.jetbrains.kotlin.formver.common.services.TagCollector.assertEqual(TagCollector.kt:106)
	at app//org.jetbrains.kotlin.formver.plugin.services.ViperResultHandler.processModule$lambda$2(VerificationFacade.kt:204)
	at app//org.jetbrains.kotlin.formver.common.services.DiagnosticsCollectorKt.runChecks(DiagnosticsCollector.kt:103)
	at app//org.jetbrains.kotlin.formver.plugin.services.ViperResultHandler.processModule(VerificationFacade.kt:200)
	at app//org.jetbrains.kotlin.formver.plugin.services.ViperResultHandler.processModule(VerificationFacade.kt:193)
	at app//org.jetbrains.kotlin.test.TestStep$HandlersStep.processModule(TestStep.kt:83)
	at app//org.jetbrains.kotlin.test.TestStep$HandlersStep.processModule(TestStep.kt:60)
	at app//org.jetbrains.kotlin.test.TestRunner.processModule(TestRunner.kt:206)
	at app//org.jetbrains.kotlin.test.TestRunner.hackyProcessModule(TestRunner.kt:197)
	at app//org.jetbrains.kotlin.test.TestRunner.processModule(TestRunner.kt:141)
	at app//org.jetbrains.kotlin.test.TestRunner.runTestPipeline(TestRunner.kt:92)
	at app//org.jetbrains.kotlin.test.TestRunner.runTestImpl(TestRunner.kt:70)
	at app//org.jetbrains.kotlin.test.TestRunner.runTest(TestRunner.kt:30)
	at app//org.jetbrains.kotlin.test.TestRunner.runTest$default(TestRunner.kt:28)
	at app//org.jetbrains.kotlin.test.runners.AbstractKotlinCompilerTest.runTest(AbstractKotlinCompilerTest.kt:115)
	at app//org.jetbrains.kotlin.formver.plugin.runners.PhasedDiagnosticTestGenerated$Verification$Classes.testCustom_predicates_b2_case1_restricted_range(PhasedDiagnosticTestGenerated.java:381)
	at java.base@21.0.5/java.lang.reflect.Method.invoke(Method.java:580)
	at java.base@21.0.5/java.util.concurrent.RecursiveAction.exec(RecursiveAction.java:194)
	at java.base@21.0.5/java.util.concurrent.ForkJoinTask.doExec(ForkJoinTask.java:387)
	at java.base@21.0.5/java.util.concurrent.ForkJoinPool$WorkQueue.tryRemoveAndExec(ForkJoinPool.java:1351)
	at java.base@21.0.5/java.util.concurrent.ForkJoinTask.awaitDone(ForkJoinTask.java:422)
	at java.base@21.0.5/java.util.concurrent.ForkJoinTask.join(ForkJoinTask.java:651)
	at java.base@21.0.5/java.util.concurrent.RecursiveAction.exec(RecursiveAction.java:194)
	at java.base@21.0.5/java.util.concurrent.ForkJoinTask.doExec(ForkJoinTask.java:387)
	at java.base@21.0.5/java.util.concurrent.ForkJoinPool$WorkQueue.tryRemoveAndExec(ForkJoinPool.java:1351)
	at java.base@21.0.5/java.util.concurrent.ForkJoinTask.awaitDone(ForkJoinTask.java:422)
	at java.base@21.0.5/java.util.concurrent.ForkJoinTask.join(ForkJoinTask.java:651)
	at java.base@21.0.5/java.util.concurrent.RecursiveAction.exec(RecursiveAction.java:194)
	at java.base@21.0.5/java.util.concurrent.ForkJoinTask.doExec(ForkJoinTask.java:387)
	at java.base@21.0.5/java.util.concurrent.ForkJoinPool$WorkQueue.topLevelExec(ForkJoinPool.java:1312)
	at java.base@21.0.5/java.util.concurrent.ForkJoinPool.scan(ForkJoinPool.java:1843)
	at java.base@21.0.5/java.util.concurrent.ForkJoinPool.runWorker(ForkJoinPool.java:1808)
	at java.base@21.0.5/java.util.concurrent.ForkJoinWorkerThread.run(ForkJoinWorkerThread.java:188)
</failure>
  </testcase>
  <testcase name="testPrivate_properties()" classname="org.jetbrains.kotlin.formver.plugin.runners.PhasedDiagnosticTestGenerated$Verification$Classes" time="12.893"/>
  <testcase name="testManual_permissions()" classname="org.jetbrains.kotlin.formver.plugin.runners.PhasedDiagnosticTestGenerated$Verification$Classes" time="10.799"/>
  <testcase name="testOverride_properties_types()" classname="org.jetbrains.kotlin.formver.plugin.runners.PhasedDiagnosticTestGenerated$Verification$Classes" time="5.506"/>
  <testcase name="testCustom_predicates_n2_n4_missing_precondition_at_callsite()" classname="org.jetbrains.kotlin.formver.plugin.runners.PhasedDiagnosticTestGenerated$Verification$Classes" time="7.259">
    <failure message="org.opentest4j.AssertionFailedError: Actual data differs from file content: custom_predicates_n2_n4_missing_precondition_at_callsite.kt" type="org.opentest4j.AssertionFailedError">org.opentest4j.AssertionFailedError: Actual data differs from file content: custom_predicates_n2_n4_missing_precondition_at_callsite.kt
	at app//org.jetbrains.kotlin.test.services.JUnit5Assertions.assertEqualsToFile(JUnit5Assertions.kt:78)
	at app//org.jetbrains.kotlin.test.services.JUnit5Assertions.assertEqualsToFile(JUnit5Assertions.kt:32)
	at app//org.jetbrains.kotlin.test.Assertions.assertEqualsToFile(Assertions.kt:15)
	at app//org.jetbrains.kotlin.test.Assertions.assertEqualsToFile$default(Assertions.kt:14)
	at app//org.jetbrains.kotlin.formver.common.services.TagCollector.assertFileEqual(TagCollector.kt:116)
	at app//org.jetbrains.kotlin.formver.common.services.TagCollector.assertEqual(TagCollector.kt:106)
	at app//org.jetbrains.kotlin.formver.plugin.services.ViperResultHandler.processModule$lambda$2(VerificationFacade.kt:204)
	at app//org.jetbrains.kotlin.formver.common.services.DiagnosticsCollectorKt.runChecks(DiagnosticsCollector.kt:103)
	at app//org.jetbrains.kotlin.formver.plugin.services.ViperResultHandler.processModule(VerificationFacade.kt:200)
	at app//org.jetbrains.kotlin.formver.plugin.services.ViperResultHandler.processModule(VerificationFacade.kt:193)
	at app//org.jetbrains.kotlin.test.TestStep$HandlersStep.processModule(TestStep.kt:83)
	at app//org.jetbrains.kotlin.test.TestStep$HandlersStep.processModule(TestStep.kt:60)
	at app//org.jetbrains.kotlin.test.TestRunner.processModule(TestRunner.kt:206)
	at app//org.jetbrains.kotlin.test.TestRunner.hackyProcessModule(TestRunner.kt:197)
	at app//org.jetbrains.kotlin.test.TestRunner.processModule(TestRunner.kt:141)
	at app//org.jetbrains.kotlin.test.TestRunner.runTestPipeline(TestRunner.kt:92)
	at app//org.jetbrains.kotlin.test.TestRunner.runTestImpl(TestRunner.kt:70)
	at app//org.jetbrains.kotlin.test.TestRunner.runTest(TestRunner.kt:30)
	at app//org.jetbrains.kotlin.test.TestRunner.runTest$default(TestRunner.kt:28)
	at app//org.jetbrains.kotlin.test.runners.AbstractKotlinCompilerTest.runTest(AbstractKotlinCompilerTest.kt:115)
	at app//org.jetbrains.kotlin.formver.plugin.runners.PhasedDiagnosticTestGenerated$Verification$Classes.testCustom_predicates_n2_n4_missing_precondition_at_callsite(PhasedDiagnosticTestGenerated.java:459)
	at java.base@21.0.5/java.lang.reflect.Method.invoke(Method.java:580)
	at java.base@21.0.5/java.util.concurrent.RecursiveAction.exec(RecursiveAction.java:194)
	at java.base@21.0.5/java.util.concurrent.ForkJoinTask.doExec(ForkJoinTask.java:387)
	at java.base@21.0.5/java.util.concurrent.ForkJoinPool$WorkQueue.topLevelExec(ForkJoinPool.java:1312)
	at java.base@21.0.5/java.util.concurrent.ForkJoinPool.scan(ForkJoinPool.java:1843)
	at java.base@21.0.5/java.util.concurrent.ForkJoinPool.runWorker(ForkJoinPool.java:1808)
	at java.base@21.0.5/java.util.concurrent.ForkJoinWorkerThread.run(ForkJoinWorkerThread.java:188)
</failure>
  </testcase>
  <testcase name="testCustom_predicates_n2_n1_nonboolean()" classname="org.jetbrains.kotlin.formver.plugin.runners.PhasedDiagnosticTestGenerated$Verification$Classes" time="0.394">
    <failure message="org.opentest4j.AssertionFailedError: Actual data differs from file content: custom_predicates_n2_n1_nonboolean.kt" type="org.opentest4j.AssertionFailedError">org.opentest4j.AssertionFailedError: Actual data differs from file content: custom_predicates_n2_n1_nonboolean.kt
	at app//org.jetbrains.kotlin.test.services.JUnit5Assertions.assertEqualsToFile(JUnit5Assertions.kt:78)
	at app//org.jetbrains.kotlin.test.services.JUnit5Assertions.assertEqualsToFile(JUnit5Assertions.kt:32)
	at app//org.jetbrains.kotlin.test.Assertions.assertEqualsToFile(Assertions.kt:15)
	at app//org.jetbrains.kotlin.test.Assertions.assertEqualsToFile$default(Assertions.kt:14)
	at app//org.jetbrains.kotlin.formver.common.services.TagCollector.assertFileEqual(TagCollector.kt:116)
	at app//org.jetbrains.kotlin.formver.common.services.TagCollector.assertEqual(TagCollector.kt:106)
	at app//org.jetbrains.kotlin.formver.plugin.services.ViperResultHandler.processModule$lambda$2(VerificationFacade.kt:204)
	at app//org.jetbrains.kotlin.formver.common.services.DiagnosticsCollectorKt.runChecks(DiagnosticsCollector.kt:103)
	at app//org.jetbrains.kotlin.formver.plugin.services.ViperResultHandler.processModule(VerificationFacade.kt:200)
	at app//org.jetbrains.kotlin.formver.plugin.services.ViperResultHandler.processModule(VerificationFacade.kt:193)
	at app//org.jetbrains.kotlin.test.TestStep$HandlersStep.processModule(TestStep.kt:83)
	at app//org.jetbrains.kotlin.test.TestStep$HandlersStep.processModule(TestStep.kt:60)
	at app//org.jetbrains.kotlin.test.TestRunner.processModule(TestRunner.kt:206)
	at app//org.jetbrains.kotlin.test.TestRunner.hackyProcessModule(TestRunner.kt:197)
	at app//org.jetbrains.kotlin.test.TestRunner.processModule(TestRunner.kt:141)
	at app//org.jetbrains.kotlin.test.TestRunner.runTestPipeline(TestRunner.kt:92)
	at app//org.jetbrains.kotlin.test.TestRunner.runTestImpl(TestRunner.kt:70)
	at app//org.jetbrains.kotlin.test.TestRunner.runTest(TestRunner.kt:30)
	at app//org.jetbrains.kotlin.test.TestRunner.runTest$default(TestRunner.kt:28)
	at app//org.jetbrains.kotlin.test.runners.AbstractKotlinCompilerTest.runTest(AbstractKotlinCompilerTest.kt:115)
	at app//org.jetbrains.kotlin.formver.plugin.runners.PhasedDiagnosticTestGenerated$Verification$Classes.testCustom_predicates_n2_n1_nonboolean(PhasedDiagnosticTestGenerated.java:405)
	at java.base@21.0.5/java.lang.reflect.Method.invoke(Method.java:580)
	at java.base@21.0.5/java.util.concurrent.RecursiveAction.exec(RecursiveAction.java:194)
	at java.base@21.0.5/java.util.concurrent.ForkJoinTask.doExec(ForkJoinTask.java:387)
	at java.base@21.0.5/java.util.concurrent.ForkJoinPool$WorkQueue.topLevelExec(ForkJoinPool.java:1312)
	at java.base@21.0.5/java.util.concurrent.ForkJoinPool.scan(ForkJoinPool.java:1843)
	at java.base@21.0.5/java.util.concurrent.ForkJoinPool.runWorker(ForkJoinPool.java:1808)
	at java.base@21.0.5/java.util.concurrent.ForkJoinWorkerThread.run(ForkJoinWorkerThread.java:188)
</failure>
  </testcase>
  <testcase name="testCustom_predicates_b2_case2_internal_guarantee()" classname="org.jetbrains.kotlin.formver.plugin.runners.PhasedDiagnosticTestGenerated$Verification$Classes" time="4.858">
    <failure message="org.opentest4j.AssertionFailedError: Actual data differs from file content: custom_predicates_b2_case2_internal_guarantee.kt" type="org.opentest4j.AssertionFailedError">org.opentest4j.AssertionFailedError: Actual data differs from file content: custom_predicates_b2_case2_internal_guarantee.kt
	at app//org.jetbrains.kotlin.test.services.JUnit5Assertions.assertEqualsToFile(JUnit5Assertions.kt:78)
	at app//org.jetbrains.kotlin.test.services.JUnit5Assertions.assertEqualsToFile(JUnit5Assertions.kt:32)
	at app//org.jetbrains.kotlin.test.Assertions.assertEqualsToFile(Assertions.kt:15)
	at app//org.jetbrains.kotlin.test.Assertions.assertEqualsToFile$default(Assertions.kt:14)
	at app//org.jetbrains.kotlin.formver.common.services.TagCollector.assertFileEqual(TagCollector.kt:116)
	at app//org.jetbrains.kotlin.formver.common.services.TagCollector.assertEqual(TagCollector.kt:106)
	at app//org.jetbrains.kotlin.formver.plugin.services.ViperResultHandler.processModule$lambda$2(VerificationFacade.kt:204)
	at app//org.jetbrains.kotlin.formver.common.services.DiagnosticsCollectorKt.runChecks(DiagnosticsCollector.kt:103)
	at app//org.jetbrains.kotlin.formver.plugin.services.ViperResultHandler.processModule(VerificationFacade.kt:200)
	at app//org.jetbrains.kotlin.formver.plugin.services.ViperResultHandler.processModule(VerificationFacade.kt:193)
	at app//org.jetbrains.kotlin.test.TestStep$HandlersStep.processModule(TestStep.kt:83)
	at app//org.jetbrains.kotlin.test.TestStep$HandlersStep.processModule(TestStep.kt:60)
	at app//org.jetbrains.kotlin.test.TestRunner.processModule(TestRunner.kt:206)
	at app//org.jetbrains.kotlin.test.TestRunner.hackyProcessModule(TestRunner.kt:197)
	at app//org.jetbrains.kotlin.test.TestRunner.processModule(TestRunner.kt:141)
	at app//org.jetbrains.kotlin.test.TestRunner.runTestPipeline(TestRunner.kt:92)
	at app//org.jetbrains.kotlin.test.TestRunner.runTestImpl(TestRunner.kt:70)
	at app//org.jetbrains.kotlin.test.TestRunner.runTest(TestRunner.kt:30)
	at app//org.jetbrains.kotlin.test.TestRunner.runTest$default(TestRunner.kt:28)
	at app//org.jetbrains.kotlin.test.runners.AbstractKotlinCompilerTest.runTest(AbstractKotlinCompilerTest.kt:115)
	at app//org.jetbrains.kotlin.formver.plugin.runners.PhasedDiagnosticTestGenerated$Verification$Classes.testCustom_predicates_b2_case2_internal_guarantee(PhasedDiagnosticTestGenerated.java:387)
	at java.base@21.0.5/java.lang.reflect.Method.invoke(Method.java:580)
	at java.base@21.0.5/java.util.concurrent.RecursiveAction.exec(RecursiveAction.java:194)
	at java.base@21.0.5/java.util.concurrent.ForkJoinTask.doExec(ForkJoinTask.java:387)
	at java.base@21.0.5/java.util.concurrent.ForkJoinPool$WorkQueue.topLevelExec(ForkJoinPool.java:1312)
	at java.base@21.0.5/java.util.concurrent.ForkJoinPool.scan(ForkJoinPool.java:1843)
	at java.base@21.0.5/java.util.concurrent.ForkJoinPool.runWorker(ForkJoinPool.java:1808)
	at java.base@21.0.5/java.util.concurrent.ForkJoinWorkerThread.run(ForkJoinWorkerThread.java:188)
</failure>
  </testcase>
  <testcase name="testCustom_predicates_a2_val_recursive()" classname="org.jetbrains.kotlin.formver.plugin.runners.PhasedDiagnosticTestGenerated$Verification$Classes" time="3.74">
    <failure message="org.opentest4j.AssertionFailedError: Actual data differs from file content: custom_predicates_a2_val_recursive.kt" type="org.opentest4j.AssertionFailedError">org.opentest4j.AssertionFailedError: Actual data differs from file content: custom_predicates_a2_val_recursive.kt
	at app//org.jetbrains.kotlin.test.services.JUnit5Assertions.assertEqualsToFile(JUnit5Assertions.kt:78)
	at app//org.jetbrains.kotlin.test.services.JUnit5Assertions.assertEqualsToFile(JUnit5Assertions.kt:32)
	at app//org.jetbrains.kotlin.test.Assertions.assertEqualsToFile(Assertions.kt:15)
	at app//org.jetbrains.kotlin.test.Assertions.assertEqualsToFile$default(Assertions.kt:14)
	at app//org.jetbrains.kotlin.formver.common.services.TagCollector.assertFileEqual(TagCollector.kt:116)
	at app//org.jetbrains.kotlin.formver.common.services.TagCollector.assertEqual(TagCollector.kt:106)
	at app//org.jetbrains.kotlin.formver.plugin.services.ViperResultHandler.processModule$lambda$2(VerificationFacade.kt:204)
	at app//org.jetbrains.kotlin.formver.common.services.DiagnosticsCollectorKt.runChecks(DiagnosticsCollector.kt:103)
	at app//org.jetbrains.kotlin.formver.plugin.services.ViperResultHandler.processModule(VerificationFacade.kt:200)
	at app//org.jetbrains.kotlin.formver.plugin.services.ViperResultHandler.processModule(VerificationFacade.kt:193)
	at app//org.jetbrains.kotlin.test.TestStep$HandlersStep.processModule(TestStep.kt:83)
	at app//org.jetbrains.kotlin.test.TestStep$HandlersStep.processModule(TestStep.kt:60)
	at app//org.jetbrains.kotlin.test.TestRunner.processModule(TestRunner.kt:206)
	at app//org.jetbrains.kotlin.test.TestRunner.hackyProcessModule(TestRunner.kt:197)
	at app//org.jetbrains.kotlin.test.TestRunner.processModule(TestRunner.kt:141)
	at app//org.jetbrains.kotlin.test.TestRunner.runTestPipeline(TestRunner.kt:92)
	at app//org.jetbrains.kotlin.test.TestRunner.runTestImpl(TestRunner.kt:70)
	at app//org.jetbrains.kotlin.test.TestRunner.runTest(TestRunner.kt:30)
	at app//org.jetbrains.kotlin.test.TestRunner.runTest$default(TestRunner.kt:28)
	at app//org.jetbrains.kotlin.test.runners.AbstractKotlinCompilerTest.runTest(AbstractKotlinCompilerTest.kt:115)
	at app//org.jetbrains.kotlin.formver.plugin.runners.PhasedDiagnosticTestGenerated$Verification$Classes.testCustom_predicates_a2_val_recursive(PhasedDiagnosticTestGenerated.java:375)
	at java.base@21.0.5/java.lang.reflect.Method.invoke(Method.java:580)
	at java.base@21.0.5/java.util.concurrent.RecursiveAction.exec(RecursiveAction.java:194)
	at java.base@21.0.5/java.util.concurrent.ForkJoinTask.doExec(ForkJoinTask.java:387)
	at java.base@21.0.5/java.util.concurrent.ForkJoinPool$WorkQueue.topLevelExec(ForkJoinPool.java:1312)
	at java.base@21.0.5/java.util.concurrent.ForkJoinPool.scan(ForkJoinPool.java:1843)
	at java.base@21.0.5/java.util.concurrent.ForkJoinPool.runWorker(ForkJoinPool.java:1808)
	at java.base@21.0.5/java.util.concurrent.ForkJoinWorkerThread.run(ForkJoinWorkerThread.java:188)
</failure>
  </testcase>
  <testcase name="testCustom_predicates_n2_n1_property()" classname="org.jetbrains.kotlin.formver.plugin.runners.PhasedDiagnosticTestGenerated$Verification$Classes" time="0.104"/>
  <testcase name="testCustom_predicates_n2_n4_weak_precondition()" classname="org.jetbrains.kotlin.formver.plugin.runners.PhasedDiagnosticTestGenerated$Verification$Classes" time="5.724">
    <failure message="org.opentest4j.AssertionFailedError: Actual data differs from file content: custom_predicates_n2_n4_weak_precondition.kt" type="org.opentest4j.AssertionFailedError">org.opentest4j.AssertionFailedError: Actual data differs from file content: custom_predicates_n2_n4_weak_precondition.kt
	at app//org.jetbrains.kotlin.test.services.JUnit5Assertions.assertEqualsToFile(JUnit5Assertions.kt:78)
	at app//org.jetbrains.kotlin.test.services.JUnit5Assertions.assertEqualsToFile(JUnit5Assertions.kt:32)
	at app//org.jetbrains.kotlin.test.Assertions.assertEqualsToFile(Assertions.kt:15)
	at app//org.jetbrains.kotlin.test.Assertions.assertEqualsToFile$default(Assertions.kt:14)
	at app//org.jetbrains.kotlin.formver.common.services.TagCollector.assertFileEqual(TagCollector.kt:116)
	at app//org.jetbrains.kotlin.formver.common.services.TagCollector.assertEqual(TagCollector.kt:106)
	at app//org.jetbrains.kotlin.formver.plugin.services.ViperResultHandler.processModule$lambda$2(VerificationFacade.kt:204)
	at app//org.jetbrains.kotlin.formver.common.services.DiagnosticsCollectorKt.runChecks(DiagnosticsCollector.kt:103)
	at app//org.jetbrains.kotlin.formver.plugin.services.ViperResultHandler.processModule(VerificationFacade.kt:200)
	at app//org.jetbrains.kotlin.formver.plugin.services.ViperResultHandler.processModule(VerificationFacade.kt:193)
	at app//org.jetbrains.kotlin.test.TestStep$HandlersStep.processModule(TestStep.kt:83)
	at app//org.jetbrains.kotlin.test.TestStep$HandlersStep.processModule(TestStep.kt:60)
	at app//org.jetbrains.kotlin.test.TestRunner.processModule(TestRunner.kt:206)
	at app//org.jetbrains.kotlin.test.TestRunner.hackyProcessModule(TestRunner.kt:197)
	at app//org.jetbrains.kotlin.test.TestRunner.processModule(TestRunner.kt:141)
	at app//org.jetbrains.kotlin.test.TestRunner.runTestPipeline(TestRunner.kt:92)
	at app//org.jetbrains.kotlin.test.TestRunner.runTestImpl(TestRunner.kt:70)
	at app//org.jetbrains.kotlin.test.TestRunner.runTest(TestRunner.kt:30)
	at app//org.jetbrains.kotlin.test.TestRunner.runTest$default(TestRunner.kt:28)
	at app//org.jetbrains.kotlin.test.runners.AbstractKotlinCompilerTest.runTest(AbstractKotlinCompilerTest.kt:115)
	at app//org.jetbrains.kotlin.formver.plugin.runners.PhasedDiagnosticTestGenerated$Verification$Classes.testCustom_predicates_n2_n4_weak_precondition(PhasedDiagnosticTestGenerated.java:471)
	at java.base@21.0.5/java.lang.reflect.Method.invoke(Method.java:580)
	at java.base@21.0.5/java.util.concurrent.RecursiveAction.exec(RecursiveAction.java:194)
	at java.base@21.0.5/java.util.concurrent.ForkJoinTask.doExec(ForkJoinTask.java:387)
	at java.base@21.0.5/java.util.concurrent.ForkJoinPool$WorkQueue.topLevelExec(ForkJoinPool.java:1312)
	at java.base@21.0.5/java.util.concurrent.ForkJoinPool.scan(ForkJoinPool.java:1843)
	at java.base@21.0.5/java.util.concurrent.ForkJoinPool.runWorker(ForkJoinPool.java:1808)
	at java.base@21.0.5/java.util.concurrent.ForkJoinWorkerThread.run(ForkJoinWorkerThread.java:188)
</failure>
  </testcase>
  <testcase name="testCustom_predicates_b2_case3_linked_properties()" classname="org.jetbrains.kotlin.formver.plugin.runners.PhasedDiagnosticTestGenerated$Verification$Classes" time="6.066">
    <failure message="org.opentest4j.AssertionFailedError: Actual data differs from file content: custom_predicates_b2_case3_linked_properties.kt" type="org.opentest4j.AssertionFailedError">org.opentest4j.AssertionFailedError: Actual data differs from file content: custom_predicates_b2_case3_linked_properties.kt
	at app//org.jetbrains.kotlin.test.services.JUnit5Assertions.assertEqualsToFile(JUnit5Assertions.kt:78)
	at app//org.jetbrains.kotlin.test.services.JUnit5Assertions.assertEqualsToFile(JUnit5Assertions.kt:32)
	at app//org.jetbrains.kotlin.test.Assertions.assertEqualsToFile(Assertions.kt:15)
	at app//org.jetbrains.kotlin.test.Assertions.assertEqualsToFile$default(Assertions.kt:14)
	at app//org.jetbrains.kotlin.formver.common.services.TagCollector.assertFileEqual(TagCollector.kt:116)
	at app//org.jetbrains.kotlin.formver.common.services.TagCollector.assertEqual(TagCollector.kt:106)
	at app//org.jetbrains.kotlin.formver.plugin.services.ViperResultHandler.processModule$lambda$2(VerificationFacade.kt:204)
	at app//org.jetbrains.kotlin.formver.common.services.DiagnosticsCollectorKt.runChecks(DiagnosticsCollector.kt:103)
	at app//org.jetbrains.kotlin.formver.plugin.services.ViperResultHandler.processModule(VerificationFacade.kt:200)
	at app//org.jetbrains.kotlin.formver.plugin.services.ViperResultHandler.processModule(VerificationFacade.kt:193)
	at app//org.jetbrains.kotlin.test.TestStep$HandlersStep.processModule(TestStep.kt:83)
	at app//org.jetbrains.kotlin.test.TestStep$HandlersStep.processModule(TestStep.kt:60)
	at app//org.jetbrains.kotlin.test.TestRunner.processModule(TestRunner.kt:206)
	at app//org.jetbrains.kotlin.test.TestRunner.hackyProcessModule(TestRunner.kt:197)
	at app//org.jetbrains.kotlin.test.TestRunner.processModule(TestRunner.kt:141)
	at app//org.jetbrains.kotlin.test.TestRunner.runTestPipeline(TestRunner.kt:92)
	at app//org.jetbrains.kotlin.test.TestRunner.runTestImpl(TestRunner.kt:70)
	at app//org.jetbrains.kotlin.test.TestRunner.runTest(TestRunner.kt:30)
	at app//org.jetbrains.kotlin.test.TestRunner.runTest$default(TestRunner.kt:28)
	at app//org.jetbrains.kotlin.test.runners.AbstractKotlinCompilerTest.runTest(AbstractKotlinCompilerTest.kt:115)
	at app//org.jetbrains.kotlin.formver.plugin.runners.PhasedDiagnosticTestGenerated$Verification$Classes.testCustom_predicates_b2_case3_linked_properties(PhasedDiagnosticTestGenerated.java:393)
	at java.base@21.0.5/java.lang.reflect.Method.invoke(Method.java:580)
	at java.base@21.0.5/java.util.concurrent.RecursiveAction.exec(RecursiveAction.java:194)
	at java.base@21.0.5/java.util.concurrent.ForkJoinTask.doExec(ForkJoinTask.java:387)
	at java.base@21.0.5/java.util.concurrent.ForkJoinPool$WorkQueue.topLevelExec(ForkJoinPool.java:1312)
	at java.base@21.0.5/java.util.concurrent.ForkJoinPool.scan(ForkJoinPool.java:1843)
	at java.base@21.0.5/java.util.concurrent.ForkJoinPool.runWorker(ForkJoinPool.java:1808)
	at java.base@21.0.5/java.util.concurrent.ForkJoinWorkerThread.run(ForkJoinWorkerThread.java:188)
</failure>
  </testcase>
  <testcase name="testAcc_precondition()" classname="org.jetbrains.kotlin.formver.plugin.runners.PhasedDiagnosticTestGenerated$Verification$Classes" time="0.435"/>
  <testcase name="testCustom_predicates()" classname="org.jetbrains.kotlin.formver.plugin.runners.PhasedDiagnosticTestGenerated$Verification$Classes" time="14.301"/>
  <testcase name="testPredicates()" classname="org.jetbrains.kotlin.formver.plugin.runners.PhasedDiagnosticTestGenerated$Verification$Classes" time="63.148"/>
  <testcase name="testCustom_predicates_n2_n3_enclosing()" classname="org.jetbrains.kotlin.formver.plugin.runners.PhasedDiagnosticTestGenerated$Verification$Classes" time="0.693">
    <failure message="org.opentest4j.AssertionFailedError: Actual data differs from file content: custom_predicates_n2_n3_enclosing.kt" type="org.opentest4j.AssertionFailedError">org.opentest4j.AssertionFailedError: Actual data differs from file content: custom_predicates_n2_n3_enclosing.kt
	at app//org.jetbrains.kotlin.test.services.JUnit5Assertions.assertEqualsToFile(JUnit5Assertions.kt:78)
	at app//org.jetbrains.kotlin.test.services.JUnit5Assertions.assertEqualsToFile(JUnit5Assertions.kt:32)
	at app//org.jetbrains.kotlin.test.Assertions.assertEqualsToFile(Assertions.kt:15)
	at app//org.jetbrains.kotlin.test.Assertions.assertEqualsToFile$default(Assertions.kt:14)
	at app//org.jetbrains.kotlin.formver.common.services.TagCollector.assertFileEqual(TagCollector.kt:116)
	at app//org.jetbrains.kotlin.formver.common.services.TagCollector.assertEqual(TagCollector.kt:106)
	at app//org.jetbrains.kotlin.formver.plugin.services.ViperResultHandler.processModule$lambda$2(VerificationFacade.kt:204)
	at app//org.jetbrains.kotlin.formver.common.services.DiagnosticsCollectorKt.runChecks(DiagnosticsCollector.kt:103)
	at app//org.jetbrains.kotlin.formver.plugin.services.ViperResultHandler.processModule(VerificationFacade.kt:200)
	at app//org.jetbrains.kotlin.formver.plugin.services.ViperResultHandler.processModule(VerificationFacade.kt:193)
	at app//org.jetbrains.kotlin.test.TestStep$HandlersStep.processModule(TestStep.kt:83)
	at app//org.jetbrains.kotlin.test.TestStep$HandlersStep.processModule(TestStep.kt:60)
	at app//org.jetbrains.kotlin.test.TestRunner.processModule(TestRunner.kt:206)
	at app//org.jetbrains.kotlin.test.TestRunner.hackyProcessModule(TestRunner.kt:197)
	at app//org.jetbrains.kotlin.test.TestRunner.processModule(TestRunner.kt:141)
	at app//org.jetbrains.kotlin.test.TestRunner.runTestPipeline(TestRunner.kt:92)
	at app//org.jetbrains.kotlin.test.TestRunner.runTestImpl(TestRunner.kt:70)
	at app//org.jetbrains.kotlin.test.TestRunner.runTest(TestRunner.kt:30)
	at app//org.jetbrains.kotlin.test.TestRunner.runTest$default(TestRunner.kt:28)
	at app//org.jetbrains.kotlin.test.runners.AbstractKotlinCompilerTest.runTest(AbstractKotlinCompilerTest.kt:115)
	at app//org.jetbrains.kotlin.formver.plugin.runners.PhasedDiagnosticTestGenerated$Verification$Classes.testCustom_predicates_n2_n3_enclosing(PhasedDiagnosticTestGenerated.java:441)
	at java.base@21.0.5/java.lang.reflect.Method.invoke(Method.java:580)
	at java.base@21.0.5/java.util.concurrent.RecursiveAction.exec(RecursiveAction.java:194)
	at java.base@21.0.5/java.util.concurrent.ForkJoinTask.doExec(ForkJoinTask.java:387)
	at java.base@21.0.5/java.util.concurrent.ForkJoinPool$WorkQueue.tryRemoveAndExec(ForkJoinPool.java:1351)
	at java.base@21.0.5/java.util.concurrent.ForkJoinTask.awaitDone(ForkJoinTask.java:422)
	at java.base@21.0.5/java.util.concurrent.ForkJoinTask.join(ForkJoinTask.java:651)
	at java.base@21.0.5/java.util.concurrent.RecursiveAction.exec(RecursiveAction.java:194)
	at java.base@21.0.5/java.util.concurrent.ForkJoinTask.doExec(ForkJoinTask.java:387)
	at java.base@21.0.5/java.util.concurrent.ForkJoinPool$WorkQueue.tryRemoveAndExec(ForkJoinPool.java:1351)
	at java.base@21.0.5/java.util.concurrent.ForkJoinTask.awaitDone(ForkJoinTask.java:422)
	at java.base@21.0.5/java.util.concurrent.ForkJoinTask.join(ForkJoinTask.java:651)
	at java.base@21.0.5/java.util.concurrent.RecursiveAction.exec(RecursiveAction.java:194)
	at java.base@21.0.5/java.util.concurrent.ForkJoinTask.doExec(ForkJoinTask.java:387)
	at java.base@21.0.5/java.util.concurrent.ForkJoinPool$WorkQueue.topLevelExec(ForkJoinPool.java:1312)
	at java.base@21.0.5/java.util.concurrent.ForkJoinPool.scan(ForkJoinPool.java:1843)
	at java.base@21.0.5/java.util.concurrent.ForkJoinPool.runWorker(ForkJoinPool.java:1808)
	at java.base@21.0.5/java.util.concurrent.ForkJoinWorkerThread.run(ForkJoinWorkerThread.java:188)
</failure>
  </testcase>
  <testcase name="testPredicate_malformed()" classname="org.jetbrains.kotlin.formver.plugin.runners.PhasedDiagnosticTestGenerated$Verification$Classes" time="0.556"/>
  <testcase name="testCustom_predicates_n2_n3_lambda()" classname="org.jetbrains.kotlin.formver.plugin.runners.PhasedDiagnosticTestGenerated$Verification$Classes" time="0.602">
    <failure message="org.opentest4j.AssertionFailedError: Actual data differs from file content: custom_predicates_n2_n3_lambda.kt" type="org.opentest4j.AssertionFailedError">org.opentest4j.AssertionFailedError: Actual data differs from file content: custom_predicates_n2_n3_lambda.kt
	at app//org.jetbrains.kotlin.test.services.JUnit5Assertions.assertEqualsToFile(JUnit5Assertions.kt:78)
	at app//org.jetbrains.kotlin.test.services.JUnit5Assertions.assertEqualsToFile(JUnit5Assertions.kt:32)
	at app//org.jetbrains.kotlin.test.Assertions.assertEqualsToFile(Assertions.kt:15)
	at app//org.jetbrains.kotlin.test.Assertions.assertEqualsToFile$default(Assertions.kt:14)
	at app//org.jetbrains.kotlin.formver.common.services.TagCollector.assertFileEqual(TagCollector.kt:116)
	at app//org.jetbrains.kotlin.formver.common.services.TagCollector.assertEqual(TagCollector.kt:106)
	at app//org.jetbrains.kotlin.formver.plugin.services.ViperResultHandler.processModule$lambda$2(VerificationFacade.kt:204)
	at app//org.jetbrains.kotlin.formver.common.services.DiagnosticsCollectorKt.runChecks(DiagnosticsCollector.kt:103)
	at app//org.jetbrains.kotlin.formver.plugin.services.ViperResultHandler.processModule(VerificationFacade.kt:200)
	at app//org.jetbrains.kotlin.formver.plugin.services.ViperResultHandler.processModule(VerificationFacade.kt:193)
	at app//org.jetbrains.kotlin.test.TestStep$HandlersStep.processModule(TestStep.kt:83)
	at app//org.jetbrains.kotlin.test.TestStep$HandlersStep.processModule(TestStep.kt:60)
	at app//org.jetbrains.kotlin.test.TestRunner.processModule(TestRunner.kt:206)
	at app//org.jetbrains.kotlin.test.TestRunner.hackyProcessModule(TestRunner.kt:197)
	at app//org.jetbrains.kotlin.test.TestRunner.processModule(TestRunner.kt:141)
	at app//org.jetbrains.kotlin.test.TestRunner.runTestPipeline(TestRunner.kt:92)
	at app//org.jetbrains.kotlin.test.TestRunner.runTestImpl(TestRunner.kt:70)
	at app//org.jetbrains.kotlin.test.TestRunner.runTest(TestRunner.kt:30)
	at app//org.jetbrains.kotlin.test.TestRunner.runTest$default(TestRunner.kt:28)
	at app//org.jetbrains.kotlin.test.runners.AbstractKotlinCompilerTest.runTest(AbstractKotlinCompilerTest.kt:115)
	at app//org.jetbrains.kotlin.formver.plugin.runners.PhasedDiagnosticTestGenerated$Verification$Classes.testCustom_predicates_n2_n3_lambda(PhasedDiagnosticTestGenerated.java:453)
	at java.base@21.0.5/java.lang.reflect.Method.invoke(Method.java:580)
	at java.base@21.0.5/java.util.concurrent.RecursiveAction.exec(RecursiveAction.java:194)
	at java.base@21.0.5/java.util.concurrent.ForkJoinTask.doExec(ForkJoinTask.java:387)
	at java.base@21.0.5/java.util.concurrent.ForkJoinPool$WorkQueue.tryRemoveAndExec(ForkJoinPool.java:1351)
	at java.base@21.0.5/java.util.concurrent.ForkJoinTask.awaitDone(ForkJoinTask.java:422)
	at java.base@21.0.5/java.util.concurrent.ForkJoinTask.join(ForkJoinTask.java:651)
	at java.base@21.0.5/java.util.concurrent.RecursiveAction.exec(RecursiveAction.java:194)
	at java.base@21.0.5/java.util.concurrent.ForkJoinTask.doExec(ForkJoinTask.java:387)
	at java.base@21.0.5/java.util.concurrent.ForkJoinPool$WorkQueue.tryRemoveAndExec(ForkJoinPool.java:1351)
	at java.base@21.0.5/java.util.concurrent.ForkJoinTask.awaitDone(ForkJoinTask.java:422)
	at java.base@21.0.5/java.util.concurrent.ForkJoinTask.join(ForkJoinTask.java:651)
	at java.base@21.0.5/java.util.concurrent.RecursiveAction.exec(RecursiveAction.java:194)
	at java.base@21.0.5/java.util.concurrent.ForkJoinTask.doExec(ForkJoinTask.java:387)
	at java.base@21.0.5/java.util.concurrent.ForkJoinPool$WorkQueue.topLevelExec(ForkJoinPool.java:1312)
	at java.base@21.0.5/java.util.concurrent.ForkJoinPool.scan(ForkJoinPool.java:1843)
	at java.base@21.0.5/java.util.concurrent.ForkJoinPool.runWorker(ForkJoinPool.java:1808)
	at java.base@21.0.5/java.util.concurrent.ForkJoinWorkerThread.run(ForkJoinWorkerThread.java:188)
</failure>
  </testcase>
  <testcase name="testCustom_predicates_n2_n3_ifcond()" classname="org.jetbrains.kotlin.formver.plugin.runners.PhasedDiagnosticTestGenerated$Verification$Classes" time="0.624">
    <failure message="org.opentest4j.AssertionFailedError: Actual data differs from file content: custom_predicates_n2_n3_ifcond.kt" type="org.opentest4j.AssertionFailedError">org.opentest4j.AssertionFailedError: Actual data differs from file content: custom_predicates_n2_n3_ifcond.kt
	at app//org.jetbrains.kotlin.test.services.JUnit5Assertions.assertEqualsToFile(JUnit5Assertions.kt:78)
	at app//org.jetbrains.kotlin.test.services.JUnit5Assertions.assertEqualsToFile(JUnit5Assertions.kt:32)
	at app//org.jetbrains.kotlin.test.Assertions.assertEqualsToFile(Assertions.kt:15)
	at app//org.jetbrains.kotlin.test.Assertions.assertEqualsToFile$default(Assertions.kt:14)
	at app//org.jetbrains.kotlin.formver.common.services.TagCollector.assertFileEqual(TagCollector.kt:116)
	at app//org.jetbrains.kotlin.formver.common.services.TagCollector.assertEqual(TagCollector.kt:106)
	at app//org.jetbrains.kotlin.formver.plugin.services.ViperResultHandler.processModule$lambda$2(VerificationFacade.kt:204)
	at app//org.jetbrains.kotlin.formver.common.services.DiagnosticsCollectorKt.runChecks(DiagnosticsCollector.kt:103)
	at app//org.jetbrains.kotlin.formver.plugin.services.ViperResultHandler.processModule(VerificationFacade.kt:200)
	at app//org.jetbrains.kotlin.formver.plugin.services.ViperResultHandler.processModule(VerificationFacade.kt:193)
	at app//org.jetbrains.kotlin.test.TestStep$HandlersStep.processModule(TestStep.kt:83)
	at app//org.jetbrains.kotlin.test.TestStep$HandlersStep.processModule(TestStep.kt:60)
	at app//org.jetbrains.kotlin.test.TestRunner.processModule(TestRunner.kt:206)
	at app//org.jetbrains.kotlin.test.TestRunner.hackyProcessModule(TestRunner.kt:197)
	at app//org.jetbrains.kotlin.test.TestRunner.processModule(TestRunner.kt:141)
	at app//org.jetbrains.kotlin.test.TestRunner.runTestPipeline(TestRunner.kt:92)
	at app//org.jetbrains.kotlin.test.TestRunner.runTestImpl(TestRunner.kt:70)
	at app//org.jetbrains.kotlin.test.TestRunner.runTest(TestRunner.kt:30)
	at app//org.jetbrains.kotlin.test.TestRunner.runTest$default(TestRunner.kt:28)
	at app//org.jetbrains.kotlin.test.runners.AbstractKotlinCompilerTest.runTest(AbstractKotlinCompilerTest.kt:115)
	at app//org.jetbrains.kotlin.formver.plugin.runners.PhasedDiagnosticTestGenerated$Verification$Classes.testCustom_predicates_n2_n3_ifcond(PhasedDiagnosticTestGenerated.java:447)
	at java.base@21.0.5/java.lang.reflect.Method.invoke(Method.java:580)
	at java.base@21.0.5/java.util.concurrent.RecursiveAction.exec(RecursiveAction.java:194)
	at java.base@21.0.5/java.util.concurrent.ForkJoinTask.doExec(ForkJoinTask.java:387)
	at java.base@21.0.5/java.util.concurrent.ForkJoinPool$WorkQueue.tryRemoveAndExec(ForkJoinPool.java:1351)
	at java.base@21.0.5/java.util.concurrent.ForkJoinTask.awaitDone(ForkJoinTask.java:422)
	at java.base@21.0.5/java.util.concurrent.ForkJoinTask.join(ForkJoinTask.java:651)
	at java.base@21.0.5/java.util.concurrent.RecursiveAction.exec(RecursiveAction.java:194)
	at java.base@21.0.5/java.util.concurrent.ForkJoinTask.doExec(ForkJoinTask.java:387)
	at java.base@21.0.5/java.util.concurrent.ForkJoinPool$WorkQueue.tryRemoveAndExec(ForkJoinPool.java:1351)
	at java.base@21.0.5/java.util.concurrent.ForkJoinTask.awaitDone(ForkJoinTask.java:422)
	at java.base@21.0.5/java.util.concurrent.ForkJoinTask.join(ForkJoinTask.java:651)
	at java.base@21.0.5/java.util.concurrent.RecursiveAction.exec(RecursiveAction.java:194)
	at java.base@21.0.5/java.util.concurrent.ForkJoinTask.doExec(ForkJoinTask.java:387)
	at java.base@21.0.5/java.util.concurrent.ForkJoinPool$WorkQueue.topLevelExec(ForkJoinPool.java:1312)
	at java.base@21.0.5/java.util.concurrent.ForkJoinPool.scan(ForkJoinPool.java:1843)
	at java.base@21.0.5/java.util.concurrent.ForkJoinPool.runWorker(ForkJoinPool.java:1808)
	at java.base@21.0.5/java.util.concurrent.ForkJoinWorkerThread.run(ForkJoinWorkerThread.java:188)
</failure>
  </testcase>
  <testcase name="testMember_functions()" classname="org.jetbrains.kotlin.formver.plugin.runners.PhasedDiagnosticTestGenerated$Verification$Classes" time="30.512"/>
  <testcase name="testCustom_predicates_b2_case4_structural_invariant()" classname="org.jetbrains.kotlin.formver.plugin.runners.PhasedDiagnosticTestGenerated$Verification$Classes" time="9.04">
    <failure message="org.opentest4j.AssertionFailedError: Actual data differs from file content: custom_predicates_b2_case4_structural_invariant.kt" type="org.opentest4j.AssertionFailedError">org.opentest4j.AssertionFailedError: Actual data differs from file content: custom_predicates_b2_case4_structural_invariant.kt
	at app//org.jetbrains.kotlin.test.services.JUnit5Assertions.assertEqualsToFile(JUnit5Assertions.kt:78)
	at app//org.jetbrains.kotlin.test.services.JUnit5Assertions.assertEqualsToFile(JUnit5Assertions.kt:32)
	at app//org.jetbrains.kotlin.test.Assertions.assertEqualsToFile(Assertions.kt:15)
	at app//org.jetbrains.kotlin.test.Assertions.assertEqualsToFile$default(Assertions.kt:14)
	at app//org.jetbrains.kotlin.formver.common.services.TagCollector.assertFileEqual(TagCollector.kt:116)
	at app//org.jetbrains.kotlin.formver.common.services.TagCollector.assertEqual(TagCollector.kt:106)
	at app//org.jetbrains.kotlin.formver.plugin.services.ViperResultHandler.processModule$lambda$2(VerificationFacade.kt:204)
	at app//org.jetbrains.kotlin.formver.common.services.DiagnosticsCollectorKt.runChecks(DiagnosticsCollector.kt:103)
	at app//org.jetbrains.kotlin.formver.plugin.services.ViperResultHandler.processModule(VerificationFacade.kt:200)
	at app//org.jetbrains.kotlin.formver.plugin.services.ViperResultHandler.processModule(VerificationFacade.kt:193)
	at app//org.jetbrains.kotlin.test.TestStep$HandlersStep.processModule(TestStep.kt:83)
	at app//org.jetbrains.kotlin.test.TestStep$HandlersStep.processModule(TestStep.kt:60)
	at app//org.jetbrains.kotlin.test.TestRunner.processModule(TestRunner.kt:206)
	at app//org.jetbrains.kotlin.test.TestRunner.hackyProcessModule(TestRunner.kt:197)
	at app//org.jetbrains.kotlin.test.TestRunner.processModule(TestRunner.kt:141)
	at app//org.jetbrains.kotlin.test.TestRunner.runTestPipeline(TestRunner.kt:92)
	at app//org.jetbrains.kotlin.test.TestRunner.runTestImpl(TestRunner.kt:70)
	at app//org.jetbrains.kotlin.test.TestRunner.runTest(TestRunner.kt:30)
	at app//org.jetbrains.kotlin.test.TestRunner.runTest$default(TestRunner.kt:28)
	at app//org.jetbrains.kotlin.test.runners.AbstractKotlinCompilerTest.runTest(AbstractKotlinCompilerTest.kt:115)
	at app//org.jetbrains.kotlin.formver.plugin.runners.PhasedDiagnosticTestGenerated$Verification$Classes.testCustom_predicates_b2_case4_structural_invariant(PhasedDiagnosticTestGenerated.java:399)
	at java.base@21.0.5/java.lang.reflect.Method.invoke(Method.java:580)
	at java.base@21.0.5/java.util.concurrent.RecursiveAction.exec(RecursiveAction.java:194)
	at java.base@21.0.5/java.util.concurrent.ForkJoinTask.doExec(ForkJoinTask.java:387)
	at java.base@21.0.5/java.util.concurrent.ForkJoinPool$WorkQueue.tryRemoveAndExec(ForkJoinPool.java:1351)
	at java.base@21.0.5/java.util.concurrent.ForkJoinTask.awaitDone(ForkJoinTask.java:422)
	at java.base@21.0.5/java.util.concurrent.ForkJoinTask.join(ForkJoinTask.java:651)
	at java.base@21.0.5/java.util.concurrent.RecursiveAction.exec(RecursiveAction.java:194)
	at java.base@21.0.5/java.util.concurrent.ForkJoinTask.doExec(ForkJoinTask.java:387)
	at java.base@21.0.5/java.util.concurrent.ForkJoinPool$WorkQueue.tryRemoveAndExec(ForkJoinPool.java:1351)
	at java.base@21.0.5/java.util.concurrent.ForkJoinTask.awaitDone(ForkJoinTask.java:422)
	at java.base@21.0.5/java.util.concurrent.ForkJoinTask.join(ForkJoinTask.java:651)
	at java.base@21.0.5/java.util.concurrent.RecursiveAction.exec(RecursiveAction.java:194)
	at java.base@21.0.5/java.util.concurrent.ForkJoinTask.doExec(ForkJoinTask.java:387)
	at java.base@21.0.5/java.util.concurrent.ForkJoinPool$WorkQueue.topLevelExec(ForkJoinPool.java:1312)
	at java.base@21.0.5/java.util.concurrent.ForkJoinPool.scan(ForkJoinPool.java:1843)
	at java.base@21.0.5/java.util.concurrent.ForkJoinPool.runWorker(ForkJoinPool.java:1808)
	at java.base@21.0.5/java.util.concurrent.ForkJoinWorkerThread.run(ForkJoinWorkerThread.java:188)
</failure>
  </testcase>
  <testcase name="testProperty_accessors()" classname="org.jetbrains.kotlin.formver.plugin.runners.PhasedDiagnosticTestGenerated$Verification$Classes" time="1.139"/>
  <testcase name="testCustom_predicates_a2_name_collision()" classname="org.jetbrains.kotlin.formver.plugin.runners.PhasedDiagnosticTestGenerated$Verification$Classes" time="25.958">
    <failure message="org.opentest4j.AssertionFailedError: Actual data differs from file content: custom_predicates_a2_name_collision.kt" type="org.opentest4j.AssertionFailedError">org.opentest4j.AssertionFailedError: Actual data differs from file content: custom_predicates_a2_name_collision.kt
	at app//org.jetbrains.kotlin.test.services.JUnit5Assertions.assertEqualsToFile(JUnit5Assertions.kt:78)
	at app//org.jetbrains.kotlin.test.services.JUnit5Assertions.assertEqualsToFile(JUnit5Assertions.kt:32)
	at app//org.jetbrains.kotlin.test.Assertions.assertEqualsToFile(Assertions.kt:15)
	at app//org.jetbrains.kotlin.test.Assertions.assertEqualsToFile$default(Assertions.kt:14)
	at app//org.jetbrains.kotlin.formver.common.services.TagCollector.assertFileEqual(TagCollector.kt:116)
	at app//org.jetbrains.kotlin.formver.common.services.TagCollector.assertEqual(TagCollector.kt:106)
	at app//org.jetbrains.kotlin.formver.plugin.services.ViperResultHandler.processModule$lambda$2(VerificationFacade.kt:204)
	at app//org.jetbrains.kotlin.formver.common.services.DiagnosticsCollectorKt.runChecks(DiagnosticsCollector.kt:103)
	at app//org.jetbrains.kotlin.formver.plugin.services.ViperResultHandler.processModule(VerificationFacade.kt:200)
	at app//org.jetbrains.kotlin.formver.plugin.services.ViperResultHandler.processModule(VerificationFacade.kt:193)
	at app//org.jetbrains.kotlin.test.TestStep$HandlersStep.processModule(TestStep.kt:83)
	at app//org.jetbrains.kotlin.test.TestStep$HandlersStep.processModule(TestStep.kt:60)
	at app//org.jetbrains.kotlin.test.TestRunner.processModule(TestRunner.kt:206)
	at app//org.jetbrains.kotlin.test.TestRunner.hackyProcessModule(TestRunner.kt:197)
	at app//org.jetbrains.kotlin.test.TestRunner.processModule(TestRunner.kt:141)
	at app//org.jetbrains.kotlin.test.TestRunner.runTestPipeline(TestRunner.kt:92)
	at app//org.jetbrains.kotlin.test.TestRunner.runTestImpl(TestRunner.kt:70)
	at app//org.jetbrains.kotlin.test.TestRunner.runTest(TestRunner.kt:30)
	at app//org.jetbrains.kotlin.test.TestRunner.runTest$default(TestRunner.kt:28)
	at app//org.jetbrains.kotlin.test.runners.AbstractKotlinCompilerTest.runTest(AbstractKotlinCompilerTest.kt:115)
	at app//org.jetbrains.kotlin.formver.plugin.runners.PhasedDiagnosticTestGenerated$Verification$Classes.testCustom_predicates_a2_name_collision(PhasedDiagnosticTestGenerated.java:357)
	at java.base@21.0.5/java.lang.reflect.Method.invoke(Method.java:580)
	at java.base@21.0.5/java.util.concurrent.RecursiveAction.exec(RecursiveAction.java:194)
	at java.base@21.0.5/java.util.concurrent.ForkJoinTask.doExec(ForkJoinTask.java:387)
	at java.base@21.0.5/java.util.concurrent.ForkJoinPool$WorkQueue.tryRemoveAndExec(ForkJoinPool.java:1351)
	at java.base@21.0.5/java.util.concurrent.ForkJoinTask.awaitDone(ForkJoinTask.java:422)
	at java.base@21.0.5/java.util.concurrent.ForkJoinTask.join(ForkJoinTask.java:651)
	at java.base@21.0.5/java.util.concurrent.RecursiveAction.exec(RecursiveAction.java:194)
	at java.base@21.0.5/java.util.concurrent.ForkJoinTask.doExec(ForkJoinTask.java:387)
	at java.base@21.0.5/java.util.concurrent.ForkJoinPool$WorkQueue.tryRemoveAndExec(ForkJoinPool.java:1351)
	at java.base@21.0.5/java.util.concurrent.ForkJoinTask.awaitDone(ForkJoinTask.java:422)
	at java.base@21.0.5/java.util.concurrent.ForkJoinTask.join(ForkJoinTask.java:651)
	at java.base@21.0.5/java.util.concurrent.RecursiveAction.exec(RecursiveAction.java:194)
	at java.base@21.0.5/java.util.concurrent.ForkJoinTask.doExec(ForkJoinTask.java:387)
	at java.base@21.0.5/java.util.concurrent.ForkJoinPool$WorkQueue.topLevelExec(ForkJoinPool.java:1312)
	at java.base@21.0.5/java.util.concurrent.ForkJoinPool.scan(ForkJoinPool.java:1843)
	at java.base@21.0.5/java.util.concurrent.ForkJoinPool.runWorker(ForkJoinPool.java:1808)
	at java.base@21.0.5/java.util.concurrent.ForkJoinWorkerThread.run(ForkJoinWorkerThread.java:188)
</failure>
  </testcase>
  <testcase name="testInheritance_fields()" classname="org.jetbrains.kotlin.formver.plugin.runners.PhasedDiagnosticTestGenerated$Verification$Classes" time="18.567"/>
  <testcase name="testCustom_predicates_n2_n1_subexpr()" classname="org.jetbrains.kotlin.formver.plugin.runners.PhasedDiagnosticTestGenerated$Verification$Classes" time="1.288">
    <failure message="org.jetbrains.kotlin.util.FileAnalysisException: While analysing /tmp/org.jetbrains.kotlin.formver.plugin.runners.PhasedDiagnosticTestGenerated$Verification$ClassestestCustom_predicates_n2_n1_subexpr/kotlin-sources/main/custom_predicates_n2_n1_subexpr.kt:7:1: kotlin.NotImplementedError: An operation is not implemented: create new function object with counter, duplicable (requires toViper restructuring)" type="org.jetbrains.kotlin.util.FileAnalysisException">org.jetbrains.kotlin.util.FileAnalysisException: While analysing /tmp/org.jetbrains.kotlin.formver.plugin.runners.PhasedDiagnosticTestGenerated$Verification$ClassestestCustom_predicates_n2_n1_subexpr/kotlin-sources/main/custom_predicates_n2_n1_subexpr.kt:7:1: kotlin.NotImplementedError: An operation is not implemented: create new function object with counter, duplicable (requires toViper restructuring)
	at org.jetbrains.kotlin.util.AnalysisExceptionsKt.wrapIntoFileAnalysisExceptionIfNeeded(AnalysisExceptions.kt:57)
	at org.jetbrains.kotlin.fir.FirCliExceptionHandler.handleExceptionOnFileAnalysis(Utils.kt:269)
	at org.jetbrains.kotlin.fir.pipeline.AnalyseKt.runCheckers(analyse.kt:68)
	at org.jetbrains.kotlin.fir.pipeline.FirUtilsKt.resolveAndCheckFir(firUtils.kt:77)
	at org.jetbrains.kotlin.cli.pipeline.jvm.JvmFrontendPipelinePhase.executePhase(JvmFrontendPipelinePhase.kt:269)
	at org.jetbrains.kotlin.cli.pipeline.jvm.JvmFrontendPipelinePhase.executePhase(JvmFrontendPipelinePhase.kt:55)
	at org.jetbrains.kotlin.test.frontend.fir.FirCliFacade.analyze(FirCliFacade.kt:46)
	at org.jetbrains.kotlin.test.frontend.fir.FirCliFacade.analyze(FirCliFacade.kt:24)
	at org.jetbrains.kotlin.test.model.FrontendFacade.transform(Facades.kt:47)
	at org.jetbrains.kotlin.test.model.FrontendFacade.transform(Facades.kt:31)
	at org.jetbrains.kotlin.test.TestStep$FacadeStep.processModule(TestStep.kt:47)
	at org.jetbrains.kotlin.test.TestRunner.processModule(TestRunner.kt:206)
	at org.jetbrains.kotlin.test.TestRunner.hackyProcessModule(TestRunner.kt:197)
	at org.jetbrains.kotlin.test.TestRunner.processModule(TestRunner.kt:141)
	at org.jetbrains.kotlin.test.TestRunner.runTestPipeline(TestRunner.kt:92)
	at org.jetbrains.kotlin.test.TestRunner.runTestImpl(TestRunner.kt:70)
	at org.jetbrains.kotlin.test.TestRunner.runTest(TestRunner.kt:30)
	at org.jetbrains.kotlin.test.TestRunner.runTest$default(TestRunner.kt:28)
	at org.jetbrains.kotlin.test.runners.AbstractKotlinCompilerTest.runTest(AbstractKotlinCompilerTest.kt:115)
	at org.jetbrains.kotlin.formver.plugin.runners.PhasedDiagnosticTestGenerated$Verification$Classes.testCustom_predicates_n2_n1_subexpr(PhasedDiagnosticTestGenerated.java:417)
	at java.base/java.lang.reflect.Method.invoke(Method.java:580)
	at java.base/java.util.concurrent.RecursiveAction.exec(RecursiveAction.java:194)
	at java.base/java.util.concurrent.ForkJoinTask.doExec(ForkJoinTask.java:387)
	at java.base/java.util.concurrent.ForkJoinPool$WorkQueue.tryRemoveAndExec(ForkJoinPool.java:1351)
	at java.base/java.util.concurrent.ForkJoinTask.awaitDone(ForkJoinTask.java:422)
	at java.base/java.util.concurrent.ForkJoinTask.join(ForkJoinTask.java:651)
	at java.base/java.util.concurrent.RecursiveAction.exec(RecursiveAction.java:194)
	at java.base/java.util.concurrent.ForkJoinTask.doExec(ForkJoinTask.java:387)
	at java.base/java.util.concurrent.ForkJoinPool$WorkQueue.tryRemoveAndExec(ForkJoinPool.java:1351)
	at java.base/java.util.concurrent.ForkJoinTask.awaitDone(ForkJoinTask.java:422)
	at java.base/java.util.concurrent.ForkJoinTask.join(ForkJoinTask.java:651)
	at java.base/java.util.concurrent.RecursiveAction.exec(RecursiveAction.java:194)
	at java.base/java.util.concurrent.ForkJoinTask.doExec(ForkJoinTask.java:387)
	at java.base/java.util.concurrent.ForkJoinPool$WorkQueue.topLevelExec(ForkJoinPool.java:1312)
	at java.base/java.util.concurrent.ForkJoinPool.scan(ForkJoinPool.java:1843)
	at java.base/java.util.concurrent.ForkJoinPool.runWorker(ForkJoinPool.java:1808)
	at java.base/java.util.concurrent.ForkJoinWorkerThread.run(ForkJoinWorkerThread.java:188)
Caused by: kotlin.NotImplementedError: An operation is not implemented: create new function object with counter, duplicable (requires toViper restructuring)
	at org.jetbrains.kotlin.formver.core.linearization.LinearizationVisitor$visitLambdaExp$1.toViperStoringIn(LinearizationVisitor.kt:590)
	at org.jetbrains.kotlin.formver.core.linearization.StoredResultLinearizable.toViper(Linearizable.kt:75)
	at org.jetbrains.kotlin.formver.core.linearization.LinearizationVisitor$visitWithPosition$1.toViper$lambda$0(LinearizationVisitor.kt:527)
	at org.jetbrains.kotlin.formver.core.linearization.Linearizer.withPosition(Linearizer.kt:57)
	at org.jetbrains.kotlin.formver.core.linearization.LinearizationVisitor$visitWithPosition$1.toViper(LinearizationVisitor.kt:527)
	at org.jetbrains.kotlin.formver.core.linearization.LinearizationVisitor$visitMethodCall$1.toViperStoringIn$lambda$0(LinearizationVisitor.kt:110)
	at org.jetbrains.kotlin.formver.core.linearization.Linearizer.addStatement(Linearizer.kt:67)
	at org.jetbrains.kotlin.formver.core.linearization.LinearizationVisitor$visitMethodCall$1.toViperStoringIn(LinearizationVisitor.kt:108)
	at org.jetbrains.kotlin.formver.core.linearization.StoredResultLinearizable.toViper(Linearizable.kt:75)
	at org.jetbrains.kotlin.formver.core.linearization.StoredResultLinearizable$toViperBuiltinType$1.invoke(Linearizable.kt:85)
	at org.jetbrains.kotlin.formver.core.linearization.StoredResultLinearizable$toViperBuiltinType$1.invoke(Linearizable.kt:85)
	at org.jetbrains.kotlin.formver.core.linearization.LinearizableKt.defaultToViperBuiltinType(Linearizable.kt:36)
	at org.jetbrains.kotlin.formver.core.linearization.StoredResultLinearizable.toViperBuiltinType(Linearizable.kt:85)
	at org.jetbrains.kotlin.formver.core.linearization.LinearizationVisitor$visitWithPosition$1.toViperBuiltinType$lambda$3(LinearizationVisitor.kt:538)
	at org.jetbrains.kotlin.formver.core.linearization.Linearizer.withPosition(Linearizer.kt:57)
	at org.jetbrains.kotlin.formver.core.linearization.LinearizationVisitor$visitWithPosition$1.toViperBuiltinType(LinearizationVisitor.kt:538)
	at org.jetbrains.kotlin.formver.core.linearization.Linearizer.addBranch$lambda$0(Linearizer.kt:96)
	at org.jetbrains.kotlin.formver.core.linearization.Linearizer.addStatement(Linearizer.kt:67)
	at org.jetbrains.kotlin.formver.core.linearization.Linearizer.addBranch(Linearizer.kt:95)
	at org.jetbrains.kotlin.formver.core.linearization.LinearizationVisitor$visitIf$1.toViperMaybeStoringIn(LinearizationVisitor.kt:48)
	at org.jetbrains.kotlin.formver.core.linearization.OptionalResultLinearizable.toViperStoringIn(Linearizable.kt:107)
	at org.jetbrains.kotlin.formver.core.linearization.LinearizationVisitor$sequentialLogicOperator$1.toViperStoringIn(LinearizationVisitor.kt:338)
	at org.jetbrains.kotlin.formver.core.linearization.LinearizationVisitor$visitWithPosition$1.toViperStoringIn$lambda$1(LinearizationVisitor.kt:530)
	at org.jetbrains.kotlin.formver.core.linearization.Linearizer.withPosition(Linearizer.kt:57)
	at org.jetbrains.kotlin.formver.core.linearization.LinearizationVisitor$visitWithPosition$1.toViperStoringIn(LinearizationVisitor.kt:530)
	at org.jetbrains.kotlin.formver.core.linearization.Linearizer.addReturn(Linearizer.kt:84)
	at org.jetbrains.kotlin.formver.core.linearization.LinearizationVisitor$visitReturn$1.toViperMaybeStoringIn(LinearizationVisitor.kt:160)
	at org.jetbrains.kotlin.formver.core.linearization.LinearizationVisitor$visitWithPosition$1.toViperMaybeStoringIn$lambda$2(LinearizationVisitor.kt:534)
	at org.jetbrains.kotlin.formver.core.linearization.Linearizer.withPosition(Linearizer.kt:57)
	at org.jetbrains.kotlin.formver.core.linearization.LinearizationVisitor$visitWithPosition$1.toViperMaybeStoringIn(LinearizationVisitor.kt:534)
	at org.jetbrains.kotlin.formver.core.linearization.LinearizationVisitor$visitBlock$1.toViperMaybeStoringIn(LinearizationVisitor.kt:42)
	at org.jetbrains.kotlin.formver.core.linearization.LinearizationVisitor$visitWithPosition$1.toViperMaybeStoringIn$lambda$2(LinearizationVisitor.kt:534)
	at org.jetbrains.kotlin.formver.core.linearization.Linearizer.withPosition(Linearizer.kt:57)
	at org.jetbrains.kotlin.formver.core.linearization.LinearizationVisitor$visitWithPosition$1.toViperMaybeStoringIn(LinearizationVisitor.kt:534)
	at org.jetbrains.kotlin.formver.core.linearization.LinearizationVisitor$visitFunctionExp$1.toViperMaybeStoringIn(LinearizationVisitor.kt:144)
	at org.jetbrains.kotlin.formver.core.linearization.OptionalResultLinearizable.toViperUnusedResult(Linearizable.kt:114)
	at org.jetbrains.kotlin.formver.core.conversion.StmtConversionContextKt.linearizeImpureBody(StmtConversionContext.kt:275)
	at org.jetbrains.kotlin.formver.core.conversion.ProgramConverter.linearizeImpure(ProgramConverter.kt:215)
	at org.jetbrains.kotlin.formver.core.conversion.ProgramConverter.linearizeAll(ProgramConverter.kt:232)
	at org.jetbrains.kotlin.formver.plugin.compiler.ViperPoweredDeclarationChecker.check(ViperPoweredDeclarationChecker.kt:79)
	at org.jetbrains.kotlin.formver.plugin.compiler.ViperPoweredDeclarationChecker.check(ViperPoweredDeclarationChecker.kt:53)
	at org.jetbrains.kotlin.fir.analysis.checkers.declaration.DeclarationCheckersDiagnosticComponent.visitSimpleFunction(DeclarationCheckersDiagnosticComponent.kt:189)
	at org.jetbrains.kotlin.fir.analysis.checkers.declaration.DeclarationCheckersDiagnosticComponent.visitSimpleFunction(DeclarationCheckersDiagnosticComponent.kt:25)
	at org.jetbrains.kotlin.fir.declarations.FirSimpleFunction.accept(FirSimpleFunction.kt:51)
	at org.jetbrains.kotlin.fir.analysis.collectors.CheckerRunningDiagnosticCollectorVisitor.checkElement(CheckerRunningDiagnosticCollectorVisitor.kt:24)
	at org.jetbrains.kotlin.fir.analysis.collectors.AbstractDiagnosticCollectorVisitor.access$checkElement(AbstractDiagnosticCollectorVisitor.kt:37)
	at org.jetbrains.kotlin.fir.analysis.collectors.AbstractDiagnosticCollectorVisitor.visitSimpleFunction(AbstractDiagnosticCollectorVisitor.kt:808)
	at org.jetbrains.kotlin.fir.analysis.collectors.AbstractDiagnosticCollectorVisitor.visitSimpleFunction(AbstractDiagnosticCollectorVisitor.kt:37)
	at org.jetbrains.kotlin.fir.declarations.FirSimpleFunction.accept(FirSimpleFunction.kt:51)
	at org.jetbrains.kotlin.fir.declarations.impl.FirFileImpl.acceptChildren(FirFileImpl.kt:60)
	at org.jetbrains.kotlin.fir.analysis.collectors.AbstractDiagnosticCollectorVisitor.visitNestedElements(AbstractDiagnosticCollectorVisitor.kt:45)
	at org.jetbrains.kotlin.fir.analysis.collectors.AbstractDiagnosticCollectorVisitor.visitFile(AbstractDiagnosticCollectorVisitor.kt:1349)
	at org.jetbrains.kotlin.fir.analysis.collectors.AbstractDiagnosticCollectorVisitor.visitFile(AbstractDiagnosticCollectorVisitor.kt:37)
	at org.jetbrains.kotlin.fir.declarations.FirFile.accept(FirFile.kt:43)
	at org.jetbrains.kotlin.fir.analysis.collectors.AbstractDiagnosticCollector.collectDiagnostics(AbstractDiagnosticCollector.kt:36)
	at org.jetbrains.kotlin.fir.pipeline.AnalyseKt.runCheckers(analyse.kt:37)
	... 34 more
</failure>
  </testcase>
  <testcase name="testUnique_fields()" classname="org.jetbrains.kotlin.formver.plugin.runners.PhasedDiagnosticTestGenerated$Verification$Classes" time="64.529"/>
  <testcase name="testPrimary_constructors()" classname="org.jetbrains.kotlin.formver.plugin.runners.PhasedDiagnosticTestGenerated$Verification$Classes" time="20.021"/>
  <system-out><![CDATA[Verifier warning: No triggers provided or inferred for quantifier. (<no position>)
Verifier warning: No triggers provided or inferred for quantifier. (<no position>)
Verifier warning: No triggers provided or inferred for quantifier. (<wrapped value>)
]]></system-out>
  <system-err><![CDATA[warning: classpath entry points to a non-existent location: /home/silverbot/dev/SnaKt-wip14/compiler/testData/mockJDK/jre/lib/rt.jar
warning: classpath entry points to a non-existent location: /home/silverbot/dev/SnaKt-wip14/compiler/testData/mockJDK/jre/lib/rt.jar
warning: classpath entry points to a non-existent location: /home/silverbot/dev/SnaKt-wip14/compiler/testData/mockJDK/jre/lib/rt.jar
warning: classpath entry points to a non-existent location: /home/silverbot/dev/SnaKt-wip14/compiler/testData/mockJDK/jre/lib/rt.jar
warning: classpath entry points to a non-existent location: /home/silverbot/dev/SnaKt-wip14/compiler/testData/mockJDK/jre/lib/rt.jar
warning: classpath entry points to a non-existent location: /home/silverbot/dev/SnaKt-wip14/compiler/testData/mockJDK/jre/lib/rt.jar
warning: classpath entry points to a non-existent location: /home/silverbot/dev/SnaKt-wip14/compiler/testData/mockJDK/jre/lib/rt.jar
warning: classpath entry points to a non-existent location: /home/silverbot/dev/SnaKt-wip14/compiler/testData/mockJDK/jre/lib/rt.jar
warning: classpath entry points to a non-existent location: /home/silverbot/dev/SnaKt-wip14/compiler/testData/mockJDK/jre/lib/rt.jar
warning: classpath entry points to a non-existent location: /home/silverbot/dev/SnaKt-wip14/compiler/testData/mockJDK/jre/lib/rt.jar
warning: classpath entry points to a non-existent location: /home/silverbot/dev/SnaKt-wip14/compiler/testData/mockJDK/jre/lib/rt.jar
warning: classpath entry points to a non-existent location: /home/silverbot/dev/SnaKt-wip14/compiler/testData/mockJDK/jre/lib/rt.jar
warning: classpath entry points to a non-existent location: /home/silverbot/dev/SnaKt-wip14/compiler/testData/mockJDK/jre/lib/rt.jar
]]></system-err>
</testsuite>
