<?xml version="1.0" encoding="UTF-8"?>
<testsuite name="org.jetbrains.kotlin.formver.plugin.runners.PhasedDiagnosticTestGenerated$Expensive_verification" tests="2" skipped="0" failures="0" errors="0" timestamp="2026-07-30T15:16:59.625Z" hostname="jesyspa.dev" time="158.595">
  <properties/>
  <testcase name="testAllFilesPresentInExpensive_verification()" classname="org.jetbrains.kotlin.formver.plugin.runners.PhasedDiagnosticTestGenerated$Expensive_verification" time="0.003"/>
  <testcase name="testBacking_field_getters()" classname="org.jetbrains.kotlin.formver.plugin.runners.PhasedDiagnosticTestGenerated$Expensive_verification" time="158.723"/>
  <system-out><![CDATA[]]></system-out>
  <system-err><![CDATA[]]></system-err>
</testsuite>
